\BOOKMARK [0][-]{Doc-Start}{\376\377\000A\000b\000s\000t\000r\000a\000c\000t}{}% 1
\BOOKMARK [0][-]{chapter*.1}{\376\377\000A\000c\000k\000n\000o\000w\000l\000e\000d\000g\000m\000e\000n\000t\000s}{}% 2
\BOOKMARK [0][-]{chapter*.3}{\376\377\000I\000n\000t\000r\000o\000d\000u\000c\000t\000i\000o\000n}{}% 3
\BOOKMARK [0][-]{chapter.1}{\376\377\000T\000h\000e\000o\000r\000e\000t\000i\000c\000a\000l\000\040\000b\000a\000c\000k\000g\000r\000o\000u\000n\000d}{}% 4
\BOOKMARK [1][-]{section.1.1}{\376\377\000M\000a\000g\000n\000e\000t\000i\000c\000\040\000R\000e\000s\000o\000n\000a\000n\000c\000e\000\040\000I\000m\000a\000g\000i\000n\000g}{chapter.1}% 5
\BOOKMARK [2][-]{subsection.1.1.1}{\376\377\000M\000a\000g\000n\000e\000t\000i\000c\000\040\000p\000r\000o\000p\000e\000r\000t\000i\000e\000s\000\040\000o\000f\000\040\000n\000u\000c\000l\000e\000i}{section.1.1}% 6
\BOOKMARK [2][-]{subsection.1.1.2}{\376\377\000R\000a\000d\000i\000o\000f\000r\000e\000q\000u\000e\000n\000c\000y\000\040\000p\000u\000l\000s\000e}{section.1.1}% 7
\BOOKMARK [2][-]{subsection.1.1.3}{\376\377\000R\000e\000l\000a\000x\000a\000t\000i\000o\000n}{section.1.1}% 8
\BOOKMARK [2][-]{subsection.1.1.4}{\376\377\000S\000p\000i\000n\000-\000e\000c\000h\000o\000\040\000s\000e\000q\000u\000e\000n\000c\000e}{section.1.1}% 9
\BOOKMARK [2][-]{subsection.1.1.5}{\376\377\000S\000p\000a\000t\000i\000a\000l\000\040\000c\000o\000d\000i\000n\000g}{section.1.1}% 10
\BOOKMARK [2][-]{subsection.1.1.6}{\376\377\000A\000r\000t\000i\000f\000a\000c\000t\000s}{section.1.1}% 11
\BOOKMARK [1][-]{section.1.2}{\376\377\000D\000i\000f\000f\000u\000s\000i\000o\000n\000-\000W\000e\000i\000g\000h\000t\000e\000d\000\040\000M\000R\000I}{chapter.1}% 12
\BOOKMARK [2][-]{subsection.1.2.1}{\376\377\000P\000u\000l\000s\000e\000\040\000G\000r\000a\000d\000i\000e\000n\000t\000\040\000S\000p\000i\000n\000\040\000E\000c\000h\000o\000\040\000\050\000P\000G\000S\000E\000\051}{section.1.2}% 13
\BOOKMARK [2][-]{subsection.1.2.2}{\376\377\000D\000i\000f\000f\000u\000s\000i\000o\000n\000\040\000T\000e\000n\000s\000o\000r\000\040\000I\000m\000a\000g\000i\000n\000g\000\040\000\050\000D\000T\000I\000\051}{section.1.2}% 14
\BOOKMARK [2][-]{subsection.1.2.3}{\376\377\000T\000r\000a\000c\000t\000o\000g\000r\000a\000p\000h\000y}{section.1.2}% 15
\BOOKMARK [1][-]{section.1.3}{\376\377\000D\000W\000-\000M\000R\000I\000\040\000M\000i\000c\000r\000o\000s\000t\000r\000u\000c\000t\000u\000r\000a\000l\000\040\000m\000o\000d\000e\000l\000s}{chapter.1}% 16
\BOOKMARK [2][-]{subsection.1.3.1}{\376\377\000D\000I\000A\000M\000O\000N\000D}{section.1.3}% 17
\BOOKMARK [2][-]{subsection.1.3.2}{\376\377\000N\000O\000D\000D\000I}{section.1.3}% 18
\BOOKMARK [2][-]{subsection.1.3.3}{\376\377\000M\000i\000c\000r\000o\000s\000t\000r\000u\000c\000t\000u\000r\000e\000\040\000f\000i\000n\000g\000e\000r\000p\000r\000i\000n\000t\000i\000g\000n}{section.1.3}% 19
\BOOKMARK [0][-]{chapter.2}{\376\377\000E\000p\000i\000l\000e\000p\000s\000y}{}% 20
\BOOKMARK [1][-]{section.2.1}{\376\377\000O\000v\000e\000r\000v\000i\000e\000w\000\040\000o\000f\000\040\000E\000p\000i\000l\000e\000p\000s\000y}{chapter.2}% 21
\BOOKMARK [1][-]{section.2.2}{\376\377\000V\000a\000g\000u\000s\000\040\000N\000e\000r\000v\000e\000\040\000S\000t\000i\000m\000u\000l\000a\000t\000i\000o\000n}{chapter.2}% 22
\BOOKMARK [1][-]{section.2.3}{\376\377\000R\000e\000v\000i\000e\000w\000\040\000o\000f\000\040\000D\000W\000-\000M\000R\000I\000\040\000i\000n\000\040\000V\000N\000S}{chapter.2}% 23
\BOOKMARK [0][-]{chapter.3}{\376\377\000M\000e\000t\000h\000o\000d\000s}{}% 24
\BOOKMARK [1][-]{section.3.1}{\376\377\000D\000a\000t\000a}{chapter.3}% 25
\BOOKMARK [2][-]{subsection.3.1.1}{\376\377\000S\000u\000b\000j\000e\000c\000t\000s}{section.3.1}% 26
\BOOKMARK [2][-]{subsection.3.1.2}{\376\377\000D\000a\000t\000a\000\040\000a\000c\000q\000u\000i\000s\000i\000t\000i\000o\000n}{section.3.1}% 27
\BOOKMARK [1][-]{section.3.2}{\376\377\000D\000a\000t\000a\000\040\000p\000r\000e\000p\000r\000o\000c\000e\000s\000s\000i\000n\000g}{chapter.3}% 28
\BOOKMARK [1][-]{section.3.3}{\376\377\000T\000r\000a\000c\000t\000o\000g\000r\000a\000p\000h\000y}{chapter.3}% 29
\BOOKMARK [1][-]{section.3.4}{\376\377\000M\000i\000c\000r\000o\000s\000t\000r\000u\000c\000t\000u\000r\000a\000l\000\040\000a\000n\000a\000l\000y\000s\000i\000s}{chapter.3}% 30
\BOOKMARK [1][-]{section.3.5}{\376\377\000S\000t\000a\000t\000i\000s\000t\000i\000c\000a\000l\000\040\000a\000n\000a\000l\000y\000s\000i\000s}{chapter.3}% 31
\BOOKMARK [0][-]{chapter.4}{\376\377\000R\000e\000s\000u\000l\000t\000s}{}% 32
\BOOKMARK [0][-]{chapter.5}{\376\377\000D\000i\000s\000c\000u\000s\000s\000i\000o\000n}{}% 33
\BOOKMARK [1][-]{section.5.1}{\376\377\000L\000i\000m\000i\000t\000a\000t\000i\000o\000n\000s}{chapter.5}% 34
\BOOKMARK [1][-]{section.5.2}{\376\377\000A\000p\000p\000l\000i\000c\000a\000t\000i\000o\000n\000s}{chapter.5}% 35
\BOOKMARK [0][-]{section.5.2}{\376\377\000C\000o\000n\000c\000l\000u\000s\000i\000o\000n\000\040\000a\000n\000d\000\040\000p\000e\000r\000s\000p\000e\000c\000t\000i\000v\000e\000s}{}% 36
