[Parallel(n_jobs=-1)]: Using backend LokyBackend with 12 concurrent workers.
[Parallel(n_jobs=-1)]: Done  17 tasks      | elapsed:   15.1s
[Parallel(n_jobs=-1)]: Done 138 tasks      | elapsed:  1.4min
[Parallel(n_jobs=-1)]: Done 341 tasks      | elapsed:  3.3min
[Parallel(n_jobs=-1)]: Done 624 tasks      | elapsed:  6.0min
[Parallel(n_jobs=-1)]: Done 989 tasks      | elapsed:  9.5min
[Parallel(n_jobs=-1)]: Done 1434 tasks      | elapsed: 13.7min
[Parallel(n_jobs=-1)]: Done 1961 tasks      | elapsed: 18.7min
[Parallel(n_jobs=-1)]: Done 2568 tasks      | elapsed: 24.4min
[Parallel(n_jobs=-1)]: Done 3257 tasks      | elapsed: 30.9min
[Parallel(n_jobs=-1)]: Done 4026 tasks      | elapsed: 38.2min
[Parallel(n_jobs=-1)]: Done 4833 out of 4833 | elapsed: 45.9min finished

[2023-08-02 13:01:28] Features: 1/2 -- score: 1.130990476190476[Parallel(n_jobs=-1)]: Using backend LokyBackend with 12 concurrent workers.
[Parallel(n_jobs=-1)]: Done  17 tasks      | elapsed:   13.2s
[Parallel(n_jobs=-1)]: Done 138 tasks      | elapsed:  1.3min
[Parallel(n_jobs=-1)]: Done 341 tasks      | elapsed:  3.3min
[Parallel(n_jobs=-1)]: Done 624 tasks      | elapsed:  6.0min
[Parallel(n_jobs=-1)]: Done 989 tasks      | elapsed:  9.5min
[Parallel(n_jobs=-1)]: Done 1434 tasks      | elapsed: 13.7min
[Parallel(n_jobs=-1)]: Done 1961 tasks      | elapsed: 18.7min
[Parallel(n_jobs=-1)]: Done 2568 tasks      | elapsed: 24.5min
[Parallel(n_jobs=-1)]: Done 3257 tasks      | elapsed: 31.1min
[Parallel(n_jobs=-1)]: Done 4026 tasks      | elapsed: 38.6min
[Parallel(n_jobs=-1)]: Done 4832 out of 4832 | elapsed: 46.5min finished

[2023-08-02 13:47:59] Features: 2/2 -- score: 1.1455214285714288[Parallel(n_jobs=-1)]: Using backend LokyBackend with 12 concurrent workers.
[Parallel(n_jobs=-1)]: Done  17 tasks      | elapsed:   13.5s
[Parallel(n_jobs=-1)]: Done 138 tasks      | elapsed:  1.4min
[Parallel(n_jobs=-1)]: Done 341 tasks      | elapsed:  3.4min
[Parallel(n_jobs=-1)]: Done 624 tasks      | elapsed:  6.1min
[Parallel(n_jobs=-1)]: Done 989 tasks      | elapsed:  9.6min
[Parallel(n_jobs=-1)]: Done 1434 tasks      | elapsed: 13.8min
[Parallel(n_jobs=-1)]: Done 1961 tasks      | elapsed: 18.8min
[Parallel(n_jobs=-1)]: Done 2568 tasks      | elapsed: 24.6min
[Parallel(n_jobs=-1)]: Done 3257 tasks      | elapsed: 31.2min
[Parallel(n_jobs=-1)]: Done 4026 tasks      | elapsed: 38.4min
[Parallel(n_jobs=-1)]: Done 4833 out of 4833 | elapsed: 46.1min finished

[2023-08-02 14:34:05] Features: 1/3 -- score: 1.130990476190476[Parallel(n_jobs=-1)]: Using backend LokyBackend with 12 concurrent workers.
[Parallel(n_jobs=-1)]: Done  17 tasks      | elapsed:   13.2s
[Parallel(n_jobs=-1)]: Done 138 tasks      | elapsed:  1.4min
[Parallel(n_jobs=-1)]: Done 341 tasks      | elapsed:  3.3min
[Parallel(n_jobs=-1)]: Done 624 tasks      | elapsed:  6.0min
[Parallel(n_jobs=-1)]: Done 989 tasks      | elapsed:  9.5min
[Parallel(n_jobs=-1)]: Done 1434 tasks      | elapsed: 13.7min
[Parallel(n_jobs=-1)]: Done 1961 tasks      | elapsed: 18.6min
[Parallel(n_jobs=-1)]: Done 2568 tasks      | elapsed: 24.2min
[Parallel(n_jobs=-1)]: Done 3257 tasks      | elapsed: 30.6min
[Parallel(n_jobs=-1)]: Done 4026 tasks      | elapsed: 37.7min
[Parallel(n_jobs=-1)]: Done 4832 out of 4832 | elapsed: 45.1min finished

[2023-08-02 15:19:12] Features: 2/3 -- score: 1.1455214285714288[Parallel(n_jobs=-1)]: Using backend LokyBackend with 12 concurrent workers.
[Parallel(n_jobs=-1)]: Done  17 tasks      | elapsed:   13.3s
[Parallel(n_jobs=-1)]: Done 138 tasks      | elapsed:  1.3min
[Parallel(n_jobs=-1)]: Done 341 tasks      | elapsed:  3.2min
[Parallel(n_jobs=-1)]: Done 624 tasks      | elapsed:  5.8min
[Parallel(n_jobs=-1)]: Done 989 tasks      | elapsed:  9.2min
[Parallel(n_jobs=-1)]: Done 1434 tasks      | elapsed: 13.3min
[Parallel(n_jobs=-1)]: Done 1961 tasks      | elapsed: 18.2min
[Parallel(n_jobs=-1)]: Done 2568 tasks      | elapsed: 23.8min
[Parallel(n_jobs=-1)]: Done 3257 tasks      | elapsed: 30.1min
[Parallel(n_jobs=-1)]: Done 4026 tasks      | elapsed: 37.3min
[Parallel(n_jobs=-1)]: Done 4831 out of 4831 | elapsed: 44.7min finished
[Parallel(n_jobs=-1)]: Using backend LokyBackend with 12 concurrent workers.
[Parallel(n_jobs=-1)]: Done   2 out of   2 | elapsed:    5.8s finished

[2023-08-02 16:04:02] Features: 3/3 -- score: 1.1497821428571429[Parallel(n_jobs=-1)]: Using backend LokyBackend with 12 concurrent workers.
[Parallel(n_jobs=-1)]: Done  17 tasks      | elapsed:   13.2s
[Parallel(n_jobs=-1)]: Done 138 tasks      | elapsed:  1.3min
[Parallel(n_jobs=-1)]: Done 341 tasks      | elapsed:  3.2min
[Parallel(n_jobs=-1)]: Done 624 tasks      | elapsed:  5.8min
[Parallel(n_jobs=-1)]: Done 989 tasks      | elapsed:  9.2min
[Parallel(n_jobs=-1)]: Done 1434 tasks      | elapsed: 13.3min
[Parallel(n_jobs=-1)]: Done 1961 tasks      | elapsed: 18.2min
[Parallel(n_jobs=-1)]: Done 2568 tasks      | elapsed: 23.8min
[Parallel(n_jobs=-1)]: Done 3257 tasks      | elapsed: 30.1min
[Parallel(n_jobs=-1)]: Done 4026 tasks      | elapsed: 37.2min
[Parallel(n_jobs=-1)]: Done 4833 out of 4833 | elapsed: 44.7min finished

[2023-08-02 16:48:42] Features: 1/10 -- score: 1.130990476190476[Parallel(n_jobs=-1)]: Using backend LokyBackend with 12 concurrent workers.
[Parallel(n_jobs=-1)]: Done  17 tasks      | elapsed:   13.4s
[Parallel(n_jobs=-1)]: Done 138 tasks      | elapsed:  1.3min
[Parallel(n_jobs=-1)]: Done 341 tasks      | elapsed:  3.2min
[Parallel(n_jobs=-1)]: Done 624 tasks      | elapsed:  5.8min
[Parallel(n_jobs=-1)]: Done 989 tasks      | elapsed:  9.2min
[Parallel(n_jobs=-1)]: Done 1434 tasks      | elapsed: 13.3min
[Parallel(n_jobs=-1)]: Done 1961 tasks      | elapsed: 18.1min
[Parallel(n_jobs=-1)]: Done 2568 tasks      | elapsed: 23.7min
[Parallel(n_jobs=-1)]: Done 3257 tasks      | elapsed: 30.0min
[Parallel(n_jobs=-1)]: Done 4026 tasks      | elapsed: 37.0min
[Parallel(n_jobs=-1)]: Done 4832 out of 4832 | elapsed: 44.3min finished

[2023-08-02 17:33:03] Features: 2/10 -- score: 1.1455214285714288[Parallel(n_jobs=-1)]: Using backend LokyBackend with 12 concurrent workers.
[Parallel(n_jobs=-1)]: Done  17 tasks      | elapsed:   13.2s
[Parallel(n_jobs=-1)]: Done 138 tasks      | elapsed:  1.3min
[Parallel(n_jobs=-1)]: Done 341 tasks      | elapsed:  3.2min
[Parallel(n_jobs=-1)]: Done 624 tasks      | elapsed:  5.8min
[Parallel(n_jobs=-1)]: Done 989 tasks      | elapsed:  9.1min
[Parallel(n_jobs=-1)]: Done 1434 tasks      | elapsed: 13.2min
[Parallel(n_jobs=-1)]: Done 1961 tasks      | elapsed: 18.1min
[Parallel(n_jobs=-1)]: Done 2568 tasks      | elapsed: 23.6min
[Parallel(n_jobs=-1)]: Done 3257 tasks      | elapsed: 29.9min
[Parallel(n_jobs=-1)]: Done 4026 tasks      | elapsed: 36.9min
[Parallel(n_jobs=-1)]: Done 4831 out of 4831 | elapsed: 44.5min finished
[Parallel(n_jobs=-1)]: Using backend LokyBackend with 12 concurrent workers.
[Parallel(n_jobs=-1)]: Done   2 out of   2 | elapsed:    5.8s finished

[2023-08-02 18:17:38] Features: 3/10 -- score: 1.1497821428571429[Parallel(n_jobs=-1)]: Using backend LokyBackend with 12 concurrent workers.
[Parallel(n_jobs=-1)]: Done  17 tasks      | elapsed:   13.3s
[Parallel(n_jobs=-1)]: Done 138 tasks      | elapsed:  1.3min
[Parallel(n_jobs=-1)]: Done 341 tasks      | elapsed:  3.2min
[Parallel(n_jobs=-1)]: Done 624 tasks      | elapsed:  5.8min
[Parallel(n_jobs=-1)]: Done 989 tasks      | elapsed:  9.2min
[Parallel(n_jobs=-1)]: Done 1434 tasks      | elapsed: 13.2min
[Parallel(n_jobs=-1)]: Done 1961 tasks      | elapsed: 18.1min
[Parallel(n_jobs=-1)]: Done 2568 tasks      | elapsed: 23.7min
[Parallel(n_jobs=-1)]: Done 3257 tasks      | elapsed: 30.0min
[Parallel(n_jobs=-1)]: Done 4026 tasks      | elapsed: 37.2min
[Parallel(n_jobs=-1)]: Done 4830 out of 4830 | elapsed: 44.6min finished
[Parallel(n_jobs=-1)]: Using backend LokyBackend with 12 concurrent workers.
[Parallel(n_jobs=-1)]: Done   3 out of   3 | elapsed:    5.7s finished

[2023-08-02 19:02:18] Features: 4/10 -- score: 1.1618154761904762[Parallel(n_jobs=-1)]: Using backend LokyBackend with 12 concurrent workers.
[Parallel(n_jobs=-1)]: Done  17 tasks      | elapsed:   13.2s
[Parallel(n_jobs=-1)]: Done 138 tasks      | elapsed:  1.3min
[Parallel(n_jobs=-1)]: Done 341 tasks      | elapsed:  3.2min
[Parallel(n_jobs=-1)]: Done 624 tasks      | elapsed:  5.7min
[Parallel(n_jobs=-1)]: Done 989 tasks      | elapsed:  9.1min
[Parallel(n_jobs=-1)]: Done 1434 tasks      | elapsed: 13.2min
[Parallel(n_jobs=-1)]: Done 1961 tasks      | elapsed: 18.0min
[Parallel(n_jobs=-1)]: Done 2568 tasks      | elapsed: 23.5min
[Parallel(n_jobs=-1)]: Done 3257 tasks      | elapsed: 29.7min
[Parallel(n_jobs=-1)]: Done 4026 tasks      | elapsed: 36.7min
[Parallel(n_jobs=-1)]: Done 4829 out of 4829 | elapsed: 43.9min finished
[Parallel(n_jobs=-1)]: Using backend LokyBackend with 12 concurrent workers.
[Parallel(n_jobs=-1)]: Done   2 out of   4 | elapsed:    5.5s remaining:    5.5s
[Parallel(n_jobs=-1)]: Done   4 out of   4 | elapsed:    5.5s finished

[2023-08-02 19:46:19] Features: 5/10 -- score: 1.1527916666666664[Parallel(n_jobs=-1)]: Using backend LokyBackend with 12 concurrent workers.
[Parallel(n_jobs=-1)]: Done  17 tasks      | elapsed:   13.1s
[Parallel(n_jobs=-1)]: Done 138 tasks      | elapsed:  1.3min
[Parallel(n_jobs=-1)]: Done 341 tasks      | elapsed:  3.1min
[Parallel(n_jobs=-1)]: Done 624 tasks      | elapsed:  5.6min
[Parallel(n_jobs=-1)]: Done 989 tasks      | elapsed:  8.9min
[Parallel(n_jobs=-1)]: Done 1434 tasks      | elapsed: 12.9min
[Parallel(n_jobs=-1)]: Done 1961 tasks      | elapsed: 17.5min
[Parallel(n_jobs=-1)]: Done 2568 tasks      | elapsed: 22.9min
[Parallel(n_jobs=-1)]: Done 3257 tasks      | elapsed: 29.0min
slurmstepd: error: *** JOB 72041989 ON lm3-w057 CANCELLED AT 2023-08-02T20:15:51 DUE TO TIME LIMIT ***
