[Parallel(n_jobs=-1)]: Using backend LokyBackend with 12 concurrent workers.
[Parallel(n_jobs=-1)]: Done  17 tasks      | elapsed:   21.2s
[Parallel(n_jobs=-1)]: Done 138 tasks      | elapsed:  1.9min
[Parallel(n_jobs=-1)]: Done 341 tasks      | elapsed:  4.4min
[Parallel(n_jobs=-1)]: Done 624 tasks      | elapsed:  7.8min
[Parallel(n_jobs=-1)]: Done 989 tasks      | elapsed: 12.1min
[Parallel(n_jobs=-1)]: Done 1434 tasks      | elapsed: 17.7min
[Parallel(n_jobs=-1)]: Done 1961 tasks      | elapsed: 24.0min
[Parallel(n_jobs=-1)]: Done 2568 tasks      | elapsed: 31.4min
[Parallel(n_jobs=-1)]: Done 3257 tasks      | elapsed: 39.7min
[Parallel(n_jobs=-1)]: Done 4026 tasks      | elapsed: 49.3min
[Parallel(n_jobs=-1)]: Done 4833 out of 4833 | elapsed: 59.1min finished

[2023-08-08 09:08:01] Features: 1/2 -- score: 1.5868039682539683[Parallel(n_jobs=-1)]: Using backend LokyBackend with 12 concurrent workers.
[Parallel(n_jobs=-1)]: Done  17 tasks      | elapsed:   17.8s
[Parallel(n_jobs=-1)]: Done 138 tasks      | elapsed:  1.8min
[Parallel(n_jobs=-1)]: Done 341 tasks      | elapsed:  4.2min
[Parallel(n_jobs=-1)]: Done 624 tasks      | elapsed:  7.6min
[Parallel(n_jobs=-1)]: Done 989 tasks      | elapsed: 11.9min
[Parallel(n_jobs=-1)]: Done 1434 tasks      | elapsed: 17.5min
[Parallel(n_jobs=-1)]: Done 1961 tasks      | elapsed: 24.1min
[Parallel(n_jobs=-1)]: Done 2568 tasks      | elapsed: 31.8min
[Parallel(n_jobs=-1)]: Done 3257 tasks      | elapsed: 40.4min
[Parallel(n_jobs=-1)]: Done 4026 tasks      | elapsed: 50.3min
[Parallel(n_jobs=-1)]: Done 4832 out of 4832 | elapsed: 60.4min finished

[2023-08-08 10:08:27] Features: 2/2 -- score: 1.6977924603174603[Parallel(n_jobs=-1)]: Using backend LokyBackend with 12 concurrent workers.
[Parallel(n_jobs=-1)]: Done  17 tasks      | elapsed:   17.8s
[Parallel(n_jobs=-1)]: Done 138 tasks      | elapsed:  1.8min
[Parallel(n_jobs=-1)]: Done 341 tasks      | elapsed:  4.5min
[Parallel(n_jobs=-1)]: Done 624 tasks      | elapsed:  8.0min
[Parallel(n_jobs=-1)]: Done 989 tasks      | elapsed: 12.5min
[Parallel(n_jobs=-1)]: Done 1434 tasks      | elapsed: 18.3min
[Parallel(n_jobs=-1)]: Done 1961 tasks      | elapsed: 24.8min
[Parallel(n_jobs=-1)]: Done 2568 tasks      | elapsed: 32.5min
[Parallel(n_jobs=-1)]: Done 3257 tasks      | elapsed: 40.8min
[Parallel(n_jobs=-1)]: Done 4026 tasks      | elapsed: 50.3min
[Parallel(n_jobs=-1)]: Done 4833 out of 4833 | elapsed: 60.2min finished

[2023-08-08 11:08:36] Features: 1/3 -- score: 1.5868039682539683[Parallel(n_jobs=-1)]: Using backend LokyBackend with 12 concurrent workers.
[Parallel(n_jobs=-1)]: Done  17 tasks      | elapsed:   17.8s
[Parallel(n_jobs=-1)]: Done 138 tasks      | elapsed:  1.8min
[Parallel(n_jobs=-1)]: Done 341 tasks      | elapsed:  4.3min
[Parallel(n_jobs=-1)]: Done 624 tasks      | elapsed:  7.7min
[Parallel(n_jobs=-1)]: Done 989 tasks      | elapsed: 12.2min
[Parallel(n_jobs=-1)]: Done 1434 tasks      | elapsed: 18.0min
[Parallel(n_jobs=-1)]: Done 1961 tasks      | elapsed: 24.5min
[Parallel(n_jobs=-1)]: Done 2568 tasks      | elapsed: 32.3min
[Parallel(n_jobs=-1)]: Done 3257 tasks      | elapsed: 40.8min
[Parallel(n_jobs=-1)]: Done 4026 tasks      | elapsed: 50.6min
[Parallel(n_jobs=-1)]: Done 4832 out of 4832 | elapsed: 60.8min finished

[2023-08-08 12:09:24] Features: 2/3 -- score: 1.6977924603174603[Parallel(n_jobs=-1)]: Using backend LokyBackend with 12 concurrent workers.
[Parallel(n_jobs=-1)]: Done  17 tasks      | elapsed:   18.8s
[Parallel(n_jobs=-1)]: Done 138 tasks      | elapsed:  1.8min
[Parallel(n_jobs=-1)]: Done 341 tasks      | elapsed:  4.4min
[Parallel(n_jobs=-1)]: Done 624 tasks      | elapsed:  7.9min
[Parallel(n_jobs=-1)]: Done 989 tasks      | elapsed: 12.4min
[Parallel(n_jobs=-1)]: Done 1434 tasks      | elapsed: 18.1min
[Parallel(n_jobs=-1)]: Done 1961 tasks      | elapsed: 24.6min
[Parallel(n_jobs=-1)]: Done 2568 tasks      | elapsed: 32.4min
[Parallel(n_jobs=-1)]: Done 3257 tasks      | elapsed: 40.9min
[Parallel(n_jobs=-1)]: Done 4026 tasks      | elapsed: 50.7min
[Parallel(n_jobs=-1)]: Done 4831 out of 4831 | elapsed: 60.7min finished
[Parallel(n_jobs=-1)]: Using backend LokyBackend with 12 concurrent workers.
[Parallel(n_jobs=-1)]: Done   2 out of   2 | elapsed:    8.3s finished

[2023-08-08 13:10:15] Features: 3/3 -- score: 1.6770146825396826[Parallel(n_jobs=-1)]: Using backend LokyBackend with 12 concurrent workers.
[Parallel(n_jobs=-1)]: Done  17 tasks      | elapsed:   17.5s
[Parallel(n_jobs=-1)]: Done 138 tasks      | elapsed:  1.8min
[Parallel(n_jobs=-1)]: Done 341 tasks      | elapsed:  4.2min
[Parallel(n_jobs=-1)]: Done 624 tasks      | elapsed:  7.7min
[Parallel(n_jobs=-1)]: Done 989 tasks      | elapsed: 12.1min
[Parallel(n_jobs=-1)]: Done 1434 tasks      | elapsed: 17.5min
[Parallel(n_jobs=-1)]: Done 1961 tasks      | elapsed: 24.1min
[Parallel(n_jobs=-1)]: Done 2568 tasks      | elapsed: 31.7min
[Parallel(n_jobs=-1)]: Done 3257 tasks      | elapsed: 40.4min
[Parallel(n_jobs=-1)]: Done 4026 tasks      | elapsed: 49.8min
[Parallel(n_jobs=-1)]: Done 4833 out of 4833 | elapsed: 59.5min finished

[2023-08-08 14:09:43] Features: 1/10 -- score: 1.5868039682539683[Parallel(n_jobs=-1)]: Using backend LokyBackend with 12 concurrent workers.
[Parallel(n_jobs=-1)]: Done  17 tasks      | elapsed:   17.3s
[Parallel(n_jobs=-1)]: Done 138 tasks      | elapsed:  1.7min
[Parallel(n_jobs=-1)]: Done 341 tasks      | elapsed:  4.0min
[Parallel(n_jobs=-1)]: Done 624 tasks      | elapsed:  7.5min
[Parallel(n_jobs=-1)]: Done 989 tasks      | elapsed: 12.0min
[Parallel(n_jobs=-1)]: Done 1434 tasks      | elapsed: 17.3min
[Parallel(n_jobs=-1)]: Done 1961 tasks      | elapsed: 23.8min
[Parallel(n_jobs=-1)]: Done 2568 tasks      | elapsed: 31.1min
[Parallel(n_jobs=-1)]: Done 3257 tasks      | elapsed: 39.3min
[Parallel(n_jobs=-1)]: Done 4026 tasks      | elapsed: 48.1min
[Parallel(n_jobs=-1)]: Done 4832 out of 4832 | elapsed: 57.3min finished

[2023-08-08 15:07:02] Features: 2/10 -- score: 1.6977924603174603[Parallel(n_jobs=-1)]: Using backend LokyBackend with 12 concurrent workers.
[Parallel(n_jobs=-1)]: Done  17 tasks      | elapsed:   17.2s
[Parallel(n_jobs=-1)]: Done 138 tasks      | elapsed:  1.6min
[Parallel(n_jobs=-1)]: Done 341 tasks      | elapsed:  4.0min
[Parallel(n_jobs=-1)]: Done 624 tasks      | elapsed:  7.2min
[Parallel(n_jobs=-1)]: Done 989 tasks      | elapsed: 11.4min
[Parallel(n_jobs=-1)]: Done 1434 tasks      | elapsed: 16.5min
[Parallel(n_jobs=-1)]: Done 1961 tasks      | elapsed: 22.6min
[Parallel(n_jobs=-1)]: Done 2568 tasks      | elapsed: 29.5min
[Parallel(n_jobs=-1)]: Done 3257 tasks      | elapsed: 37.3min
[Parallel(n_jobs=-1)]: Done 4026 tasks      | elapsed: 46.2min
[Parallel(n_jobs=-1)]: Done 4831 out of 4831 | elapsed: 55.7min finished
[Parallel(n_jobs=-1)]: Using backend LokyBackend with 12 concurrent workers.
[Parallel(n_jobs=-1)]: Done   2 out of   2 | elapsed:    7.2s finished

[2023-08-08 16:02:50] Features: 3/10 -- score: 1.6770146825396826[Parallel(n_jobs=-1)]: Using backend LokyBackend with 12 concurrent workers.
[Parallel(n_jobs=-1)]: Done  17 tasks      | elapsed:   17.4s
[Parallel(n_jobs=-1)]: Done 138 tasks      | elapsed:  1.7min
[Parallel(n_jobs=-1)]: Done 341 tasks      | elapsed:  4.1min
slurmstepd: error: *** JOB 72087766 ON lm3-w012 CANCELLED AT 2023-08-08T16:09:08 DUE TO TIME LIMIT ***
