[Parallel(n_jobs=-1)]: Using backend LokyBackend with 12 concurrent workers.
[Parallel(n_jobs=-1)]: Done  17 tasks      | elapsed:   16.5s
[Parallel(n_jobs=-1)]: Done 138 tasks      | elapsed:  1.4min
[Parallel(n_jobs=-1)]: Done 341 tasks      | elapsed:  3.2min
[Parallel(n_jobs=-1)]: Done 624 tasks      | elapsed:  5.7min
[Parallel(n_jobs=-1)]: Done 989 tasks      | elapsed:  9.0min
[Parallel(n_jobs=-1)]: Done 1434 tasks      | elapsed: 13.1min
[Parallel(n_jobs=-1)]: Done 1961 tasks      | elapsed: 17.9min
[Parallel(n_jobs=-1)]: Done 2568 tasks      | elapsed: 23.4min
[Parallel(n_jobs=-1)]: Done 3257 tasks      | elapsed: 29.8min
[Parallel(n_jobs=-1)]: Done 4026 tasks      | elapsed: 36.6min
[Parallel(n_jobs=-1)]: Done 4833 out of 4833 | elapsed: 44.1min finished

[2023-08-08 02:53:45] Features: 1/2 -- score: 1.841589285714286[Parallel(n_jobs=-1)]: Using backend LokyBackend with 12 concurrent workers.
[Parallel(n_jobs=-1)]: Done  17 tasks      | elapsed:   14.0s
[Parallel(n_jobs=-1)]: Done 138 tasks      | elapsed:  1.3min
[Parallel(n_jobs=-1)]: Done 341 tasks      | elapsed:  3.1min
[Parallel(n_jobs=-1)]: Done 624 tasks      | elapsed:  5.6min
[Parallel(n_jobs=-1)]: Done 989 tasks      | elapsed:  9.0min
[Parallel(n_jobs=-1)]: Done 1434 tasks      | elapsed: 13.2min
[Parallel(n_jobs=-1)]: Done 1961 tasks      | elapsed: 18.0min
[Parallel(n_jobs=-1)]: Done 2568 tasks      | elapsed: 23.5min
[Parallel(n_jobs=-1)]: Done 3257 tasks      | elapsed: 29.8min
[Parallel(n_jobs=-1)]: Done 4026 tasks      | elapsed: 36.7min
[Parallel(n_jobs=-1)]: Done 4832 out of 4832 | elapsed: 44.2min finished

[2023-08-08 03:37:55] Features: 2/2 -- score: 1.8569107142857146[Parallel(n_jobs=-1)]: Using backend LokyBackend with 12 concurrent workers.
[Parallel(n_jobs=-1)]: Done  17 tasks      | elapsed:   12.6s
[Parallel(n_jobs=-1)]: Done 138 tasks      | elapsed:  1.3min
[Parallel(n_jobs=-1)]: Done 341 tasks      | elapsed:  3.1min
[Parallel(n_jobs=-1)]: Done 624 tasks      | elapsed:  5.5min
[Parallel(n_jobs=-1)]: Done 989 tasks      | elapsed:  9.0min
[Parallel(n_jobs=-1)]: Done 1434 tasks      | elapsed: 13.1min
[Parallel(n_jobs=-1)]: Done 1961 tasks      | elapsed: 17.8min
[Parallel(n_jobs=-1)]: Done 2568 tasks      | elapsed: 23.4min
[Parallel(n_jobs=-1)]: Done 3257 tasks      | elapsed: 29.6min
[Parallel(n_jobs=-1)]: Done 4026 tasks      | elapsed: 36.5min
[Parallel(n_jobs=-1)]: Done 4833 out of 4833 | elapsed: 43.9min finished

[2023-08-08 04:21:52] Features: 1/3 -- score: 1.841589285714286[Parallel(n_jobs=-1)]: Using backend LokyBackend with 12 concurrent workers.
[Parallel(n_jobs=-1)]: Done  17 tasks      | elapsed:   12.7s
[Parallel(n_jobs=-1)]: Done 138 tasks      | elapsed:  1.3min
[Parallel(n_jobs=-1)]: Done 341 tasks      | elapsed:  3.1min
[Parallel(n_jobs=-1)]: Done 624 tasks      | elapsed:  5.5min
[Parallel(n_jobs=-1)]: Done 989 tasks      | elapsed:  9.0min
[Parallel(n_jobs=-1)]: Done 1434 tasks      | elapsed: 13.1min
[Parallel(n_jobs=-1)]: Done 1961 tasks      | elapsed: 17.8min
[Parallel(n_jobs=-1)]: Done 2568 tasks      | elapsed: 23.4min
[Parallel(n_jobs=-1)]: Done 3257 tasks      | elapsed: 29.7min
[Parallel(n_jobs=-1)]: Done 4026 tasks      | elapsed: 36.6min
[Parallel(n_jobs=-1)]: Done 4832 out of 4832 | elapsed: 44.1min finished

[2023-08-08 05:05:57] Features: 2/3 -- score: 1.8569107142857146[Parallel(n_jobs=-1)]: Using backend LokyBackend with 12 concurrent workers.
[Parallel(n_jobs=-1)]: Done  17 tasks      | elapsed:   12.7s
[Parallel(n_jobs=-1)]: Done 138 tasks      | elapsed:  1.3min
[Parallel(n_jobs=-1)]: Done 341 tasks      | elapsed:  3.1min
[Parallel(n_jobs=-1)]: Done 624 tasks      | elapsed:  5.5min
[Parallel(n_jobs=-1)]: Done 989 tasks      | elapsed:  9.0min
[Parallel(n_jobs=-1)]: Done 1434 tasks      | elapsed: 13.2min
[Parallel(n_jobs=-1)]: Done 1961 tasks      | elapsed: 17.9min
[Parallel(n_jobs=-1)]: Done 2568 tasks      | elapsed: 23.5min
[Parallel(n_jobs=-1)]: Done 3257 tasks      | elapsed: 29.7min
[Parallel(n_jobs=-1)]: Done 4026 tasks      | elapsed: 36.6min
[Parallel(n_jobs=-1)]: Done 4831 out of 4831 | elapsed: 44.1min finished
[Parallel(n_jobs=-1)]: Using backend LokyBackend with 12 concurrent workers.
[Parallel(n_jobs=-1)]: Done   2 out of   2 | elapsed:    5.5s finished

[2023-08-08 05:50:07] Features: 3/3 -- score: 1.8571428571428577[Parallel(n_jobs=-1)]: Using backend LokyBackend with 12 concurrent workers.
[Parallel(n_jobs=-1)]: Done  17 tasks      | elapsed:   12.6s
[Parallel(n_jobs=-1)]: Done 138 tasks      | elapsed:  1.3min
[Parallel(n_jobs=-1)]: Done 341 tasks      | elapsed:  3.1min
[Parallel(n_jobs=-1)]: Done 624 tasks      | elapsed:  5.5min
[Parallel(n_jobs=-1)]: Done 989 tasks      | elapsed:  9.0min
[Parallel(n_jobs=-1)]: Done 1434 tasks      | elapsed: 13.1min
[Parallel(n_jobs=-1)]: Done 1961 tasks      | elapsed: 17.8min
[Parallel(n_jobs=-1)]: Done 2568 tasks      | elapsed: 23.4min
[Parallel(n_jobs=-1)]: Done 3257 tasks      | elapsed: 29.7min
[Parallel(n_jobs=-1)]: Done 4026 tasks      | elapsed: 36.7min
[Parallel(n_jobs=-1)]: Done 4833 out of 4833 | elapsed: 44.0min finished

[2023-08-08 06:34:06] Features: 1/10 -- score: 1.841589285714286[Parallel(n_jobs=-1)]: Using backend LokyBackend with 12 concurrent workers.
[Parallel(n_jobs=-1)]: Done  17 tasks      | elapsed:   12.6s
[Parallel(n_jobs=-1)]: Done 138 tasks      | elapsed:  1.3min
[Parallel(n_jobs=-1)]: Done 341 tasks      | elapsed:  3.1min
[Parallel(n_jobs=-1)]: Done 624 tasks      | elapsed:  5.7min
[Parallel(n_jobs=-1)]: Done 989 tasks      | elapsed:  9.1min
[Parallel(n_jobs=-1)]: Done 1434 tasks      | elapsed: 13.2min
[Parallel(n_jobs=-1)]: Done 1961 tasks      | elapsed: 17.9min
[Parallel(n_jobs=-1)]: Done 2568 tasks      | elapsed: 23.6min
[Parallel(n_jobs=-1)]: Done 3257 tasks      | elapsed: 29.8min
[Parallel(n_jobs=-1)]: Done 4026 tasks      | elapsed: 36.8min
[Parallel(n_jobs=-1)]: Done 4832 out of 4832 | elapsed: 44.1min finished

[2023-08-08 07:18:15] Features: 2/10 -- score: 1.8569107142857146[Parallel(n_jobs=-1)]: Using backend LokyBackend with 12 concurrent workers.
[Parallel(n_jobs=-1)]: Done  17 tasks      | elapsed:   13.0s
[Parallel(n_jobs=-1)]: Done 138 tasks      | elapsed:  1.3min
[Parallel(n_jobs=-1)]: Done 341 tasks      | elapsed:  3.0min
[Parallel(n_jobs=-1)]: Done 624 tasks      | elapsed:  5.7min
[Parallel(n_jobs=-1)]: Done 989 tasks      | elapsed:  9.1min
[Parallel(n_jobs=-1)]: Done 1434 tasks      | elapsed: 13.1min
[Parallel(n_jobs=-1)]: Done 1961 tasks      | elapsed: 17.8min
[Parallel(n_jobs=-1)]: Done 2568 tasks      | elapsed: 23.5min
[Parallel(n_jobs=-1)]: Done 3257 tasks      | elapsed: 29.7min
[Parallel(n_jobs=-1)]: Done 4026 tasks      | elapsed: 36.7min
[Parallel(n_jobs=-1)]: Done 4831 out of 4831 | elapsed: 44.1min finished
[Parallel(n_jobs=-1)]: Using backend LokyBackend with 12 concurrent workers.
[Parallel(n_jobs=-1)]: Done   2 out of   2 | elapsed:    6.9s finished

[2023-08-08 08:02:27] Features: 3/10 -- score: 1.8571428571428577[Parallel(n_jobs=-1)]: Using backend LokyBackend with 12 concurrent workers.
[Parallel(n_jobs=-1)]: Done  17 tasks      | elapsed:   12.8s
[Parallel(n_jobs=-1)]: Done 138 tasks      | elapsed:  1.3min
[Parallel(n_jobs=-1)]: Done 341 tasks      | elapsed:  3.0min
[Parallel(n_jobs=-1)]: Done 624 tasks      | elapsed:  5.7min
[Parallel(n_jobs=-1)]: Done 989 tasks      | elapsed:  9.1min
[Parallel(n_jobs=-1)]: Done 1434 tasks      | elapsed: 13.2min
[Parallel(n_jobs=-1)]: Done 1961 tasks      | elapsed: 17.8min
[Parallel(n_jobs=-1)]: Done 2568 tasks      | elapsed: 23.5min
[Parallel(n_jobs=-1)]: Done 3257 tasks      | elapsed: 29.7min
[Parallel(n_jobs=-1)]: Done 4026 tasks      | elapsed: 36.7min
[Parallel(n_jobs=-1)]: Done 4830 out of 4830 | elapsed: 44.0min finished
[Parallel(n_jobs=-1)]: Using backend LokyBackend with 12 concurrent workers.
[Parallel(n_jobs=-1)]: Done   3 out of   3 | elapsed:    5.5s finished

[2023-08-08 08:46:34] Features: 4/10 -- score: 1.8571428571428577[Parallel(n_jobs=-1)]: Using backend LokyBackend with 12 concurrent workers.
[Parallel(n_jobs=-1)]: Done  17 tasks      | elapsed:   12.4s
[Parallel(n_jobs=-1)]: Done 138 tasks      | elapsed:  1.2min
[Parallel(n_jobs=-1)]: Done 341 tasks      | elapsed:  3.0min
[Parallel(n_jobs=-1)]: Done 624 tasks      | elapsed:  5.7min
[Parallel(n_jobs=-1)]: Done 989 tasks      | elapsed:  9.1min
[Parallel(n_jobs=-1)]: Done 1434 tasks      | elapsed: 13.1min
[Parallel(n_jobs=-1)]: Done 1961 tasks      | elapsed: 17.8min
[Parallel(n_jobs=-1)]: Done 2568 tasks      | elapsed: 23.5min
[Parallel(n_jobs=-1)]: Done 3257 tasks      | elapsed: 29.6min
[Parallel(n_jobs=-1)]: Done 4026 tasks      | elapsed: 36.4min
[Parallel(n_jobs=-1)]: Done 4829 out of 4829 | elapsed: 43.8min finished
[Parallel(n_jobs=-1)]: Using backend LokyBackend with 12 concurrent workers.
[Parallel(n_jobs=-1)]: Done   2 out of   4 | elapsed:    6.4s remaining:    6.4s
[Parallel(n_jobs=-1)]: Done   4 out of   4 | elapsed:    7.3s finished

[2023-08-08 09:30:28] Features: 5/10 -- score: 1.8571428571428577[Parallel(n_jobs=-1)]: Using backend LokyBackend with 12 concurrent workers.
[Parallel(n_jobs=-1)]: Done  17 tasks      | elapsed:   13.9s
[Parallel(n_jobs=-1)]: Done 138 tasks      | elapsed:  1.3min
[Parallel(n_jobs=-1)]: Done 341 tasks      | elapsed:  3.1min
[Parallel(n_jobs=-1)]: Done 624 tasks      | elapsed:  5.7min
[Parallel(n_jobs=-1)]: Done 989 tasks      | elapsed:  9.1min
[Parallel(n_jobs=-1)]: Done 1434 tasks      | elapsed: 13.2min
[Parallel(n_jobs=-1)]: Done 1961 tasks      | elapsed: 17.9min
[Parallel(n_jobs=-1)]: Done 2568 tasks      | elapsed: 23.6min
[Parallel(n_jobs=-1)]: Done 3257 tasks      | elapsed: 29.9min
[Parallel(n_jobs=-1)]: Done 4026 tasks      | elapsed: 36.9min
slurmstepd: error: *** JOB 72087740 ON lm3-w033 CANCELLED AT 2023-08-08T10:09:34 DUE TO TIME LIMIT ***
