[Parallel(n_jobs=-1)]: Using backend LokyBackend with 12 concurrent workers.
[Parallel(n_jobs=-1)]: Done  17 tasks      | elapsed:   19.7s
[Parallel(n_jobs=-1)]: Done 138 tasks      | elapsed:  1.8min
[Parallel(n_jobs=-1)]: Done 341 tasks      | elapsed:  4.3min
[Parallel(n_jobs=-1)]: Done 624 tasks      | elapsed:  7.8min
[Parallel(n_jobs=-1)]: Done 989 tasks      | elapsed: 12.4min
[Parallel(n_jobs=-1)]: Done 1434 tasks      | elapsed: 17.9min
[Parallel(n_jobs=-1)]: Done 1961 tasks      | elapsed: 24.4min
[Parallel(n_jobs=-1)]: Done 2568 tasks      | elapsed: 31.7min
[Parallel(n_jobs=-1)]: Done 3257 tasks      | elapsed: 39.8min
[Parallel(n_jobs=-1)]: Done 4026 tasks      | elapsed: 49.0min
[Parallel(n_jobs=-1)]: Done 4833 out of 4833 | elapsed: 58.6min finished

[2023-08-08 08:56:08] Features: 1/2 -- score: 1.5562658730158727[Parallel(n_jobs=-1)]: Using backend LokyBackend with 12 concurrent workers.
[Parallel(n_jobs=-1)]: Done  17 tasks      | elapsed:   17.2s
[Parallel(n_jobs=-1)]: Done 138 tasks      | elapsed:  1.8min
[Parallel(n_jobs=-1)]: Done 341 tasks      | elapsed:  4.1min
[Parallel(n_jobs=-1)]: Done 624 tasks      | elapsed:  7.5min
[Parallel(n_jobs=-1)]: Done 989 tasks      | elapsed: 11.8min
[Parallel(n_jobs=-1)]: Done 1434 tasks      | elapsed: 17.2min
[Parallel(n_jobs=-1)]: Done 1961 tasks      | elapsed: 23.4min
[Parallel(n_jobs=-1)]: Done 2568 tasks      | elapsed: 30.8min
[Parallel(n_jobs=-1)]: Done 3257 tasks      | elapsed: 39.3min
[Parallel(n_jobs=-1)]: Done 4026 tasks      | elapsed: 48.8min
[Parallel(n_jobs=-1)]: Done 4832 out of 4832 | elapsed: 58.7min finished

[2023-08-08 09:54:52] Features: 2/2 -- score: 1.6427896825396824[Parallel(n_jobs=-1)]: Using backend LokyBackend with 12 concurrent workers.
[Parallel(n_jobs=-1)]: Done  17 tasks      | elapsed:   18.6s
[Parallel(n_jobs=-1)]: Done 138 tasks      | elapsed:  1.8min
[Parallel(n_jobs=-1)]: Done 341 tasks      | elapsed:  4.3min
[Parallel(n_jobs=-1)]: Done 624 tasks      | elapsed:  7.8min
[Parallel(n_jobs=-1)]: Done 989 tasks      | elapsed: 12.3min
[Parallel(n_jobs=-1)]: Done 1434 tasks      | elapsed: 17.8min
[Parallel(n_jobs=-1)]: Done 1961 tasks      | elapsed: 24.3min
[Parallel(n_jobs=-1)]: Done 2568 tasks      | elapsed: 31.8min
[Parallel(n_jobs=-1)]: Done 3257 tasks      | elapsed: 40.3min
[Parallel(n_jobs=-1)]: Done 4026 tasks      | elapsed: 49.8min
[Parallel(n_jobs=-1)]: Done 4833 out of 4833 | elapsed: 59.8min finished

[2023-08-08 10:54:38] Features: 1/3 -- score: 1.5562658730158727[Parallel(n_jobs=-1)]: Using backend LokyBackend with 12 concurrent workers.
[Parallel(n_jobs=-1)]: Done  17 tasks      | elapsed:   17.8s
[Parallel(n_jobs=-1)]: Done 138 tasks      | elapsed:  1.8min
[Parallel(n_jobs=-1)]: Done 341 tasks      | elapsed:  4.3min
[Parallel(n_jobs=-1)]: Done 624 tasks      | elapsed:  7.8min
[Parallel(n_jobs=-1)]: Done 989 tasks      | elapsed: 12.3min
[Parallel(n_jobs=-1)]: Done 1434 tasks      | elapsed: 17.8min
[Parallel(n_jobs=-1)]: Done 1961 tasks      | elapsed: 24.4min
[Parallel(n_jobs=-1)]: Done 2568 tasks      | elapsed: 31.9min
[Parallel(n_jobs=-1)]: Done 3257 tasks      | elapsed: 40.4min
[Parallel(n_jobs=-1)]: Done 4026 tasks      | elapsed: 49.9min
[Parallel(n_jobs=-1)]: Done 4832 out of 4832 | elapsed: 59.8min finished

[2023-08-08 11:54:26] Features: 2/3 -- score: 1.6427896825396824[Parallel(n_jobs=-1)]: Using backend LokyBackend with 12 concurrent workers.
[Parallel(n_jobs=-1)]: Done  17 tasks      | elapsed:   17.3s
[Parallel(n_jobs=-1)]: Done 138 tasks      | elapsed:  1.8min
[Parallel(n_jobs=-1)]: Done 341 tasks      | elapsed:  4.3min
[Parallel(n_jobs=-1)]: Done 624 tasks      | elapsed:  7.8min
[Parallel(n_jobs=-1)]: Done 989 tasks      | elapsed: 12.3min
[Parallel(n_jobs=-1)]: Done 1434 tasks      | elapsed: 17.8min
[Parallel(n_jobs=-1)]: Done 1961 tasks      | elapsed: 24.3min
[Parallel(n_jobs=-1)]: Done 2568 tasks      | elapsed: 31.8min
[Parallel(n_jobs=-1)]: Done 3257 tasks      | elapsed: 40.3min
[Parallel(n_jobs=-1)]: Done 4026 tasks      | elapsed: 49.9min
[Parallel(n_jobs=-1)]: Done 4831 out of 4831 | elapsed: 59.8min finished
[Parallel(n_jobs=-1)]: Using backend LokyBackend with 12 concurrent workers.
[Parallel(n_jobs=-1)]: Done   2 out of   2 | elapsed:    7.9s finished

[2023-08-08 12:54:22] Features: 3/3 -- score: 1.681293650793651[Parallel(n_jobs=-1)]: Using backend LokyBackend with 12 concurrent workers.
[Parallel(n_jobs=-1)]: Done  17 tasks      | elapsed:   17.3s
[Parallel(n_jobs=-1)]: Done 138 tasks      | elapsed:  1.8min
[Parallel(n_jobs=-1)]: Done 341 tasks      | elapsed:  4.3min
[Parallel(n_jobs=-1)]: Done 624 tasks      | elapsed:  7.8min
[Parallel(n_jobs=-1)]: Done 989 tasks      | elapsed: 12.3min
[Parallel(n_jobs=-1)]: Done 1434 tasks      | elapsed: 17.5min
[Parallel(n_jobs=-1)]: Done 1961 tasks      | elapsed: 23.6min
[Parallel(n_jobs=-1)]: Done 2568 tasks      | elapsed: 30.5min
[Parallel(n_jobs=-1)]: Done 3257 tasks      | elapsed: 38.9min
[Parallel(n_jobs=-1)]: Done 4026 tasks      | elapsed: 48.3min
[Parallel(n_jobs=-1)]: Done 4833 out of 4833 | elapsed: 58.1min finished

[2023-08-08 13:52:28] Features: 1/10 -- score: 1.5562658730158727[Parallel(n_jobs=-1)]: Using backend LokyBackend with 12 concurrent workers.
[Parallel(n_jobs=-1)]: Done  17 tasks      | elapsed:   17.4s
[Parallel(n_jobs=-1)]: Done 138 tasks      | elapsed:  1.7min
[Parallel(n_jobs=-1)]: Done 341 tasks      | elapsed:  4.2min
[Parallel(n_jobs=-1)]: Done 624 tasks      | elapsed:  7.7min
[Parallel(n_jobs=-1)]: Done 989 tasks      | elapsed: 12.1min
[Parallel(n_jobs=-1)]: Done 1434 tasks      | elapsed: 17.4min
[Parallel(n_jobs=-1)]: Done 1961 tasks      | elapsed: 23.6min
[Parallel(n_jobs=-1)]: Done 2568 tasks      | elapsed: 30.9min
[Parallel(n_jobs=-1)]: Done 3257 tasks      | elapsed: 39.2min
[Parallel(n_jobs=-1)]: Done 4026 tasks      | elapsed: 48.6min
[Parallel(n_jobs=-1)]: Done 4832 out of 4832 | elapsed: 58.2min finished

[2023-08-08 14:50:43] Features: 2/10 -- score: 1.6427896825396824[Parallel(n_jobs=-1)]: Using backend LokyBackend with 12 concurrent workers.
[Parallel(n_jobs=-1)]: Done  17 tasks      | elapsed:   17.0s
[Parallel(n_jobs=-1)]: Done 138 tasks      | elapsed:  1.7min
[Parallel(n_jobs=-1)]: Done 341 tasks      | elapsed:  4.0min
[Parallel(n_jobs=-1)]: Done 624 tasks      | elapsed:  7.4min
[Parallel(n_jobs=-1)]: Done 989 tasks      | elapsed: 11.8min
[Parallel(n_jobs=-1)]: Done 1434 tasks      | elapsed: 17.1min
[Parallel(n_jobs=-1)]: Done 1961 tasks      | elapsed: 23.3min
[Parallel(n_jobs=-1)]: Done 2568 tasks      | elapsed: 30.5min
[Parallel(n_jobs=-1)]: Done 3257 tasks      | elapsed: 38.7min
[Parallel(n_jobs=-1)]: Done 4026 tasks      | elapsed: 47.7min
[Parallel(n_jobs=-1)]: Done 4831 out of 4831 | elapsed: 57.1min finished
[Parallel(n_jobs=-1)]: Using backend LokyBackend with 12 concurrent workers.
[Parallel(n_jobs=-1)]: Done   2 out of   2 | elapsed:    6.5s finished

[2023-08-08 15:47:59] Features: 3/10 -- score: 1.681293650793651[Parallel(n_jobs=-1)]: Using backend LokyBackend with 12 concurrent workers.
[Parallel(n_jobs=-1)]: Done  17 tasks      | elapsed:   16.8s
[Parallel(n_jobs=-1)]: Done 138 tasks      | elapsed:  1.7min
[Parallel(n_jobs=-1)]: Done 341 tasks      | elapsed:  4.1min
[Parallel(n_jobs=-1)]: Done 624 tasks      | elapsed:  7.4min
slurmstepd: error: *** JOB 72087764 ON lm3-w020 CANCELLED AT 2023-08-08T15:57:37 DUE TO TIME LIMIT ***
