[Parallel(n_jobs=-1)]: Using backend LokyBackend with 12 concurrent workers.
[Parallel(n_jobs=-1)]: Done  17 tasks      | elapsed:   30.9s
[Parallel(n_jobs=-1)]: Done 138 tasks      | elapsed:  2.9min
[Parallel(n_jobs=-1)]: Done 341 tasks      | elapsed:  7.0min
[Parallel(n_jobs=-1)]: Done 624 tasks      | elapsed: 12.6min
[Parallel(n_jobs=-1)]: Done 989 tasks      | elapsed: 20.2min
[Parallel(n_jobs=-1)]: Done 1434 tasks      | elapsed: 29.8min
[Parallel(n_jobs=-1)]: Done 1961 tasks      | elapsed: 41.1min
[Parallel(n_jobs=-1)]: Done 2568 tasks      | elapsed: 54.1min
[Parallel(n_jobs=-1)]: Done 3257 tasks      | elapsed: 69.0min
[Parallel(n_jobs=-1)]: Done 4026 tasks      | elapsed: 85.6min
[Parallel(n_jobs=-1)]: Done 4833 out of 4833 | elapsed: 103.5min finished

[2023-08-02 13:59:01] Features: 1/2 -- score: 1.7825059523809528[Parallel(n_jobs=-1)]: Using backend LokyBackend with 12 concurrent workers.
[Parallel(n_jobs=-1)]: Done  17 tasks      | elapsed:   31.9s
[Parallel(n_jobs=-1)]: Done 138 tasks      | elapsed:  3.2min
[Parallel(n_jobs=-1)]: Done 341 tasks      | elapsed:  7.7min
[Parallel(n_jobs=-1)]: Done 624 tasks      | elapsed: 13.9min
[Parallel(n_jobs=-1)]: Done 989 tasks      | elapsed: 22.1min
[Parallel(n_jobs=-1)]: Done 1434 tasks      | elapsed: 31.9min
[Parallel(n_jobs=-1)]: Done 1961 tasks      | elapsed: 43.6min
[Parallel(n_jobs=-1)]: Done 2568 tasks      | elapsed: 57.0min
[Parallel(n_jobs=-1)]: Done 3257 tasks      | elapsed: 72.4min
[Parallel(n_jobs=-1)]: Done 4026 tasks      | elapsed: 89.3min
[Parallel(n_jobs=-1)]: Done 4832 out of 4832 | elapsed: 106.7min finished

[2023-08-02 15:45:42] Features: 2/2 -- score: 1.8487797619047623[Parallel(n_jobs=-1)]: Using backend LokyBackend with 12 concurrent workers.
[Parallel(n_jobs=-1)]: Done  17 tasks      | elapsed:   30.6s
[Parallel(n_jobs=-1)]: Done 138 tasks      | elapsed:  3.1min
[Parallel(n_jobs=-1)]: Done 341 tasks      | elapsed:  7.4min
[Parallel(n_jobs=-1)]: Done 624 tasks      | elapsed: 13.4min
[Parallel(n_jobs=-1)]: Done 989 tasks      | elapsed: 21.2min
[Parallel(n_jobs=-1)]: Done 1434 tasks      | elapsed: 30.7min
[Parallel(n_jobs=-1)]: Done 1961 tasks      | elapsed: 41.9min
[Parallel(n_jobs=-1)]: Done 2568 tasks      | elapsed: 54.8min
[Parallel(n_jobs=-1)]: Done 3257 tasks      | elapsed: 69.3min
[Parallel(n_jobs=-1)]: Done 4026 tasks      | elapsed: 85.7min
[Parallel(n_jobs=-1)]: Done 4833 out of 4833 | elapsed: 102.8min finished

[2023-08-02 17:28:30] Features: 1/3 -- score: 1.7825059523809528[Parallel(n_jobs=-1)]: Using backend LokyBackend with 12 concurrent workers.
[Parallel(n_jobs=-1)]: Done  17 tasks      | elapsed:   30.6s
[Parallel(n_jobs=-1)]: Done 138 tasks      | elapsed:  3.1min
[Parallel(n_jobs=-1)]: Done 341 tasks      | elapsed:  7.4min
[Parallel(n_jobs=-1)]: Done 624 tasks      | elapsed: 13.4min
[Parallel(n_jobs=-1)]: Done 989 tasks      | elapsed: 21.3min
[Parallel(n_jobs=-1)]: Done 1434 tasks      | elapsed: 30.8min
[Parallel(n_jobs=-1)]: Done 1961 tasks      | elapsed: 42.0min
[Parallel(n_jobs=-1)]: Done 2568 tasks      | elapsed: 55.0min
[Parallel(n_jobs=-1)]: Done 3257 tasks      | elapsed: 69.6min
[Parallel(n_jobs=-1)]: Done 4026 tasks      | elapsed: 86.0min
[Parallel(n_jobs=-1)]: Done 4832 out of 4832 | elapsed: 103.1min finished

[2023-08-02 19:11:34] Features: 2/3 -- score: 1.8487797619047623[Parallel(n_jobs=-1)]: Using backend LokyBackend with 12 concurrent workers.
[Parallel(n_jobs=-1)]: Done  17 tasks      | elapsed:   30.6s
[Parallel(n_jobs=-1)]: Done 138 tasks      | elapsed:  3.1min
[Parallel(n_jobs=-1)]: Done 341 tasks      | elapsed:  7.4min
[Parallel(n_jobs=-1)]: Done 624 tasks      | elapsed: 13.5min
[Parallel(n_jobs=-1)]: Done 989 tasks      | elapsed: 21.3min
[Parallel(n_jobs=-1)]: Done 1434 tasks      | elapsed: 30.8min
[Parallel(n_jobs=-1)]: Done 1961 tasks      | elapsed: 41.8min
[Parallel(n_jobs=-1)]: Done 2568 tasks      | elapsed: 54.4min
slurmstepd: error: *** JOB 72041988 ON lm3-w043 CANCELLED AT 2023-08-02T20:15:51 DUE TO TIME LIMIT ***
