[Parallel(n_jobs=-1)]: Using backend LokyBackend with 12 concurrent workers.
[Parallel(n_jobs=-1)]: Done  17 tasks      | elapsed:   39.0s
[Parallel(n_jobs=-1)]: Done 138 tasks      | elapsed:  3.8min
[Parallel(n_jobs=-1)]: Done 341 tasks      | elapsed:  9.0min
[Parallel(n_jobs=-1)]: Done 624 tasks      | elapsed: 16.1min
[Parallel(n_jobs=-1)]: Done 989 tasks      | elapsed: 25.4min
[Parallel(n_jobs=-1)]: Done 1434 tasks      | elapsed: 36.9min
[Parallel(n_jobs=-1)]: Done 1961 tasks      | elapsed: 50.4min
[Parallel(n_jobs=-1)]: Done 2568 tasks      | elapsed: 65.8min
[Parallel(n_jobs=-1)]: Done 3257 tasks      | elapsed: 83.4min
[Parallel(n_jobs=-1)]: Done 4026 tasks      | elapsed: 103.0min
[Parallel(n_jobs=-1)]: Done 4833 out of 4833 | elapsed: 123.8min finished

[2023-08-08 10:11:44] Features: 1/2 -- score: 1.6147430555555558[Parallel(n_jobs=-1)]: Using backend LokyBackend with 12 concurrent workers.
[Parallel(n_jobs=-1)]: Done  17 tasks      | elapsed:   37.5s
[Parallel(n_jobs=-1)]: Done 138 tasks      | elapsed:  3.6min
[Parallel(n_jobs=-1)]: Done 341 tasks      | elapsed:  8.6min
[Parallel(n_jobs=-1)]: Done 624 tasks      | elapsed: 16.1min
[Parallel(n_jobs=-1)]: Done 989 tasks      | elapsed: 25.4min
[Parallel(n_jobs=-1)]: Done 1434 tasks      | elapsed: 36.7min
[Parallel(n_jobs=-1)]: Done 1961 tasks      | elapsed: 50.4min
[Parallel(n_jobs=-1)]: Done 2568 tasks      | elapsed: 65.9min
[Parallel(n_jobs=-1)]: Done 3257 tasks      | elapsed: 83.5min
[Parallel(n_jobs=-1)]: Done 4026 tasks      | elapsed: 103.5min
[Parallel(n_jobs=-1)]: Done 4832 out of 4832 | elapsed: 124.1min finished

[2023-08-08 12:15:50] Features: 2/2 -- score: 1.7558644841269841[Parallel(n_jobs=-1)]: Using backend LokyBackend with 12 concurrent workers.
[Parallel(n_jobs=-1)]: Done  17 tasks      | elapsed:   35.6s
[Parallel(n_jobs=-1)]: Done 138 tasks      | elapsed:  3.6min
[Parallel(n_jobs=-1)]: Done 341 tasks      | elapsed:  9.0min
[Parallel(n_jobs=-1)]: Done 624 tasks      | elapsed: 16.1min
[Parallel(n_jobs=-1)]: Done 989 tasks      | elapsed: 25.6min
[Parallel(n_jobs=-1)]: Done 1434 tasks      | elapsed: 37.0min
[Parallel(n_jobs=-1)]: Done 1961 tasks      | elapsed: 50.5min
[Parallel(n_jobs=-1)]: Done 2568 tasks      | elapsed: 65.4min
[Parallel(n_jobs=-1)]: Done 3257 tasks      | elapsed: 83.0min
[Parallel(n_jobs=-1)]: Done 4026 tasks      | elapsed: 102.6min
[Parallel(n_jobs=-1)]: Done 4833 out of 4833 | elapsed: 122.9min finished

[2023-08-08 14:18:47] Features: 1/3 -- score: 1.6147430555555558[Parallel(n_jobs=-1)]: Using backend LokyBackend with 12 concurrent workers.
[Parallel(n_jobs=-1)]: Done  17 tasks      | elapsed:   36.1s
[Parallel(n_jobs=-1)]: Done 138 tasks      | elapsed:  3.7min
[Parallel(n_jobs=-1)]: Done 341 tasks      | elapsed:  8.9min
[Parallel(n_jobs=-1)]: Done 624 tasks      | elapsed: 16.0min
[Parallel(n_jobs=-1)]: Done 989 tasks      | elapsed: 25.1min
[Parallel(n_jobs=-1)]: Done 1434 tasks      | elapsed: 35.6min
[Parallel(n_jobs=-1)]: Done 1961 tasks      | elapsed: 48.8min
[Parallel(n_jobs=-1)]: Done 2568 tasks      | elapsed: 63.8min
[Parallel(n_jobs=-1)]: Done 3257 tasks      | elapsed: 80.7min
[Parallel(n_jobs=-1)]: Done 4026 tasks      | elapsed: 99.4min
slurmstepd: error: *** JOB 72087765 ON lm3-w017 CANCELLED AT 2023-08-08T16:08:08 DUE TO TIME LIMIT ***
