[Parallel(n_jobs=-1)]: Using backend LokyBackend with 12 concurrent workers.
[Parallel(n_jobs=-1)]: Done  17 tasks      | elapsed:   15.0s
[Parallel(n_jobs=-1)]: Done 138 tasks      | elapsed:  1.3min
[Parallel(n_jobs=-1)]: Done 341 tasks      | elapsed:  3.2min
[Parallel(n_jobs=-1)]: Done 624 tasks      | elapsed:  5.8min
[Parallel(n_jobs=-1)]: Done 989 tasks      | elapsed:  9.0min
[Parallel(n_jobs=-1)]: Done 1212 out of 1212 | elapsed: 11.1min finished

[2023-08-01 12:36:56] Features: 1/2 -- score: 1.7894107142857147[Parallel(n_jobs=-1)]: Using backend LokyBackend with 12 concurrent workers.
[Parallel(n_jobs=-1)]: Done  17 tasks      | elapsed:   13.1s
[Parallel(n_jobs=-1)]: Done 138 tasks      | elapsed:  1.3min
[Parallel(n_jobs=-1)]: Done 341 tasks      | elapsed:  3.2min
[Parallel(n_jobs=-1)]: Done 624 tasks      | elapsed:  5.7min
[Parallel(n_jobs=-1)]: Done 989 tasks      | elapsed:  9.0min
[Parallel(n_jobs=-1)]: Done 1211 out of 1211 | elapsed: 11.1min finished

[2023-08-01 12:47:59] Features: 2/2 -- score: 1.8571428571428577[Parallel(n_jobs=-1)]: Using backend LokyBackend with 12 concurrent workers.
[Parallel(n_jobs=-1)]: Done  17 tasks      | elapsed:   13.1s
[Parallel(n_jobs=-1)]: Done 138 tasks      | elapsed:  1.3min
[Parallel(n_jobs=-1)]: Done 341 tasks      | elapsed:  3.2min
[Parallel(n_jobs=-1)]: Done 624 tasks      | elapsed:  5.7min
[Parallel(n_jobs=-1)]: Done 989 tasks      | elapsed:  9.0min
[Parallel(n_jobs=-1)]: Done 1212 out of 1212 | elapsed: 11.1min finished

[2023-08-01 12:59:03] Features: 1/3 -- score: 1.7894107142857147[Parallel(n_jobs=-1)]: Using backend LokyBackend with 12 concurrent workers.
[Parallel(n_jobs=-1)]: Done  17 tasks      | elapsed:   13.1s
[Parallel(n_jobs=-1)]: Done 138 tasks      | elapsed:  1.3min
[Parallel(n_jobs=-1)]: Done 341 tasks      | elapsed:  3.2min
[Parallel(n_jobs=-1)]: Done 624 tasks      | elapsed:  5.7min
[Parallel(n_jobs=-1)]: Done 989 tasks      | elapsed:  9.0min
[Parallel(n_jobs=-1)]: Done 1211 out of 1211 | elapsed: 11.1min finished

[2023-08-01 13:10:08] Features: 2/3 -- score: 1.8571428571428577[Parallel(n_jobs=-1)]: Using backend LokyBackend with 12 concurrent workers.
[Parallel(n_jobs=-1)]: Done  17 tasks      | elapsed:   13.1s
[Parallel(n_jobs=-1)]: Done 138 tasks      | elapsed:  1.3min
[Parallel(n_jobs=-1)]: Done 341 tasks      | elapsed:  3.2min
[Parallel(n_jobs=-1)]: Done 624 tasks      | elapsed:  5.7min
[Parallel(n_jobs=-1)]: Done 989 tasks      | elapsed:  9.0min
[Parallel(n_jobs=-1)]: Done 1210 out of 1210 | elapsed: 11.1min finished
[Parallel(n_jobs=-1)]: Using backend LokyBackend with 12 concurrent workers.
[Parallel(n_jobs=-1)]: Done   2 out of   2 | elapsed:    5.8s finished

[2023-08-01 13:21:18] Features: 3/3 -- score: 1.8571428571428577[Parallel(n_jobs=-1)]: Using backend LokyBackend with 12 concurrent workers.
[Parallel(n_jobs=-1)]: Done  17 tasks      | elapsed:   13.0s
[Parallel(n_jobs=-1)]: Done 138 tasks      | elapsed:  1.3min
[Parallel(n_jobs=-1)]: Done 341 tasks      | elapsed:  3.1min
[Parallel(n_jobs=-1)]: Done 624 tasks      | elapsed:  5.7min
[Parallel(n_jobs=-1)]: Done 989 tasks      | elapsed:  9.0min
[Parallel(n_jobs=-1)]: Done 1212 out of 1212 | elapsed: 11.1min finished

[2023-08-01 13:32:21] Features: 1/10 -- score: 1.7894107142857147[Parallel(n_jobs=-1)]: Using backend LokyBackend with 12 concurrent workers.
[Parallel(n_jobs=-1)]: Done  17 tasks      | elapsed:   13.0s
[Parallel(n_jobs=-1)]: Done 138 tasks      | elapsed:  1.3min
[Parallel(n_jobs=-1)]: Done 341 tasks      | elapsed:  3.2min
[Parallel(n_jobs=-1)]: Done 624 tasks      | elapsed:  5.7min
[Parallel(n_jobs=-1)]: Done 989 tasks      | elapsed:  9.0min
[Parallel(n_jobs=-1)]: Done 1211 out of 1211 | elapsed: 11.0min finished

[2023-08-01 13:43:24] Features: 2/10 -- score: 1.8571428571428577[Parallel(n_jobs=-1)]: Using backend LokyBackend with 12 concurrent workers.
[Parallel(n_jobs=-1)]: Done  17 tasks      | elapsed:   13.0s
[Parallel(n_jobs=-1)]: Done 138 tasks      | elapsed:  1.3min
[Parallel(n_jobs=-1)]: Done 341 tasks      | elapsed:  3.2min
[Parallel(n_jobs=-1)]: Done 624 tasks      | elapsed:  5.7min
[Parallel(n_jobs=-1)]: Done 989 tasks      | elapsed:  9.1min
[Parallel(n_jobs=-1)]: Done 1210 out of 1210 | elapsed: 11.0min finished
[Parallel(n_jobs=-1)]: Using backend LokyBackend with 12 concurrent workers.
[Parallel(n_jobs=-1)]: Done   2 out of   2 | elapsed:    6.1s finished

[2023-08-01 13:54:33] Features: 3/10 -- score: 1.8571428571428577[Parallel(n_jobs=-1)]: Using backend LokyBackend with 12 concurrent workers.
[Parallel(n_jobs=-1)]: Done  17 tasks      | elapsed:   13.1s
[Parallel(n_jobs=-1)]: Done 138 tasks      | elapsed:  1.3min
[Parallel(n_jobs=-1)]: Done 341 tasks      | elapsed:  3.2min
[Parallel(n_jobs=-1)]: Done 624 tasks      | elapsed:  5.7min
[Parallel(n_jobs=-1)]: Done 989 tasks      | elapsed:  9.1min
[Parallel(n_jobs=-1)]: Done 1209 out of 1209 | elapsed: 11.0min finished
[Parallel(n_jobs=-1)]: Using backend LokyBackend with 12 concurrent workers.
[Parallel(n_jobs=-1)]: Done   3 out of   3 | elapsed:    6.1s finished

[2023-08-01 14:05:41] Features: 4/10 -- score: 1.8571428571428577[Parallel(n_jobs=-1)]: Using backend LokyBackend with 12 concurrent workers.
[Parallel(n_jobs=-1)]: Done  17 tasks      | elapsed:   13.1s
[Parallel(n_jobs=-1)]: Done 138 tasks      | elapsed:  1.3min
[Parallel(n_jobs=-1)]: Done 341 tasks      | elapsed:  3.2min
[Parallel(n_jobs=-1)]: Done 624 tasks      | elapsed:  5.7min
[Parallel(n_jobs=-1)]: Done 989 tasks      | elapsed:  9.0min
[Parallel(n_jobs=-1)]: Done 1208 out of 1208 | elapsed: 11.0min finished
[Parallel(n_jobs=-1)]: Using backend LokyBackend with 12 concurrent workers.
[Parallel(n_jobs=-1)]: Done   2 out of   4 | elapsed:    5.8s remaining:    5.8s
[Parallel(n_jobs=-1)]: Done   4 out of   4 | elapsed:    6.3s finished

[2023-08-01 14:16:50] Features: 5/10 -- score: 1.8571428571428577[Parallel(n_jobs=-1)]: Using backend LokyBackend with 12 concurrent workers.
[Parallel(n_jobs=-1)]: Done  17 tasks      | elapsed:   13.1s
[Parallel(n_jobs=-1)]: Done 138 tasks      | elapsed:  1.3min
[Parallel(n_jobs=-1)]: Done 341 tasks      | elapsed:  3.2min
[Parallel(n_jobs=-1)]: Done 624 tasks      | elapsed:  5.8min
[Parallel(n_jobs=-1)]: Done 989 tasks      | elapsed:  9.1min
[Parallel(n_jobs=-1)]: Done 1207 out of 1207 | elapsed: 11.1min finished
[Parallel(n_jobs=-1)]: Using backend LokyBackend with 12 concurrent workers.
[Parallel(n_jobs=-1)]: Done   3 out of   5 | elapsed:    6.5s remaining:    4.3s
[Parallel(n_jobs=-1)]: Done   5 out of   5 | elapsed:    6.5s finished

[2023-08-01 14:28:01] Features: 6/10 -- score: 1.8571428571428577[Parallel(n_jobs=-1)]: Using backend LokyBackend with 12 concurrent workers.
[Parallel(n_jobs=-1)]: Done  17 tasks      | elapsed:   13.1s
[Parallel(n_jobs=-1)]: Done 138 tasks      | elapsed:  1.3min
[Parallel(n_jobs=-1)]: Done 341 tasks      | elapsed:  3.2min
[Parallel(n_jobs=-1)]: Done 624 tasks      | elapsed:  5.7min
[Parallel(n_jobs=-1)]: Done 989 tasks      | elapsed:  9.1min
[Parallel(n_jobs=-1)]: Done 1206 out of 1206 | elapsed: 11.0min finished
[Parallel(n_jobs=-1)]: Using backend LokyBackend with 12 concurrent workers.
[Parallel(n_jobs=-1)]: Done   3 out of   6 | elapsed:    6.5s remaining:    6.5s
[Parallel(n_jobs=-1)]: Done   6 out of   6 | elapsed:    6.5s finished

[2023-08-01 14:39:10] Features: 7/10 -- score: 1.8571428571428577[Parallel(n_jobs=-1)]: Using backend LokyBackend with 12 concurrent workers.
[Parallel(n_jobs=-1)]: Done  17 tasks      | elapsed:   13.1s
[Parallel(n_jobs=-1)]: Done 138 tasks      | elapsed:  1.3min
[Parallel(n_jobs=-1)]: Done 341 tasks      | elapsed:  3.2min
[Parallel(n_jobs=-1)]: Done 624 tasks      | elapsed:  5.7min
[Parallel(n_jobs=-1)]: Done 989 tasks      | elapsed:  9.0min
[Parallel(n_jobs=-1)]: Done 1205 out of 1205 | elapsed: 11.0min finished
[Parallel(n_jobs=-1)]: Using backend LokyBackend with 12 concurrent workers.
[Parallel(n_jobs=-1)]: Done   4 out of   7 | elapsed:    6.5s remaining:    4.9s
[Parallel(n_jobs=-1)]: Done   7 out of   7 | elapsed:    6.6s finished

[2023-08-01 14:50:18] Features: 8/10 -- score: 1.8571428571428577[Parallel(n_jobs=-1)]: Using backend LokyBackend with 12 concurrent workers.
[Parallel(n_jobs=-1)]: Done  17 tasks      | elapsed:   13.1s
[Parallel(n_jobs=-1)]: Done 138 tasks      | elapsed:  1.3min
[Parallel(n_jobs=-1)]: Done 341 tasks      | elapsed:  3.2min
[Parallel(n_jobs=-1)]: Done 624 tasks      | elapsed:  5.7min
[Parallel(n_jobs=-1)]: Done 989 tasks      | elapsed:  9.0min
[Parallel(n_jobs=-1)]: Done 1204 out of 1204 | elapsed: 11.0min finished
[Parallel(n_jobs=-1)]: Using backend LokyBackend with 12 concurrent workers.
[Parallel(n_jobs=-1)]: Done   5 out of   8 | elapsed:    6.5s remaining:    3.9s
[Parallel(n_jobs=-1)]: Done   8 out of   8 | elapsed:    6.6s finished

[2023-08-01 15:01:25] Features: 9/10 -- score: 1.8571428571428577[Parallel(n_jobs=-1)]: Using backend LokyBackend with 12 concurrent workers.
[Parallel(n_jobs=-1)]: Done  17 tasks      | elapsed:   13.1s
[Parallel(n_jobs=-1)]: Done 138 tasks      | elapsed:  1.3min
[Parallel(n_jobs=-1)]: Done 341 tasks      | elapsed:  3.2min
[Parallel(n_jobs=-1)]: Done 624 tasks      | elapsed:  5.7min
[Parallel(n_jobs=-1)]: Done 989 tasks      | elapsed:  9.1min
[Parallel(n_jobs=-1)]: Done 1203 out of 1203 | elapsed: 11.0min finished
[Parallel(n_jobs=-1)]: Using backend LokyBackend with 12 concurrent workers.
[Parallel(n_jobs=-1)]: Done   6 out of   9 | elapsed:    6.5s remaining:    3.3s
[Parallel(n_jobs=-1)]: Done   9 out of   9 | elapsed:    6.6s finished

[2023-08-01 15:12:32] Features: 10/10 -- score: 1.8571428571428577