[Parallel(n_jobs=-1)]: Using backend LokyBackend with 12 concurrent workers.
[Parallel(n_jobs=-1)]: Done  17 tasks      | elapsed:   23.5s
[Parallel(n_jobs=-1)]: Done 138 tasks      | elapsed:  2.2min
[Parallel(n_jobs=-1)]: Done 341 tasks      | elapsed:  5.2min
[Parallel(n_jobs=-1)]: Done 624 tasks      | elapsed:  9.3min
[Parallel(n_jobs=-1)]: Done 989 tasks      | elapsed: 14.7min
[Parallel(n_jobs=-1)]: Done 1434 tasks      | elapsed: 21.2min
[Parallel(n_jobs=-1)]: Done 1961 tasks      | elapsed: 29.0min
[Parallel(n_jobs=-1)]: Done 2568 tasks      | elapsed: 37.9min
[Parallel(n_jobs=-1)]: Done 3257 tasks      | elapsed: 48.0min
[Parallel(n_jobs=-1)]: Done 4026 tasks      | elapsed: 59.3min
[Parallel(n_jobs=-1)]: Done 4833 out of 4833 | elapsed: 71.1min finished

[2023-08-08 05:56:54] Features: 1/2 -- score: 1.3235[Parallel(n_jobs=-1)]: Using backend LokyBackend with 12 concurrent workers.
[Parallel(n_jobs=-1)]: Done  17 tasks      | elapsed:   20.3s
[Parallel(n_jobs=-1)]: Done 138 tasks      | elapsed:  2.1min
[Parallel(n_jobs=-1)]: Done 341 tasks      | elapsed:  5.1min
[Parallel(n_jobs=-1)]: Done 624 tasks      | elapsed:  9.3min
[Parallel(n_jobs=-1)]: Done 989 tasks      | elapsed: 14.7min
[Parallel(n_jobs=-1)]: Done 1434 tasks      | elapsed: 21.3min
[Parallel(n_jobs=-1)]: Done 1961 tasks      | elapsed: 29.1min
[Parallel(n_jobs=-1)]: Done 2568 tasks      | elapsed: 38.1min
[Parallel(n_jobs=-1)]: Done 3257 tasks      | elapsed: 48.2min
[Parallel(n_jobs=-1)]: Done 4026 tasks      | elapsed: 59.6min
[Parallel(n_jobs=-1)]: Done 4832 out of 4832 | elapsed: 71.5min finished

[2023-08-08 07:08:25] Features: 2/2 -- score: 1.7783242063492064[Parallel(n_jobs=-1)]: Using backend LokyBackend with 12 concurrent workers.
[Parallel(n_jobs=-1)]: Done  17 tasks      | elapsed:   20.2s
[Parallel(n_jobs=-1)]: Done 138 tasks      | elapsed:  2.1min
[Parallel(n_jobs=-1)]: Done 341 tasks      | elapsed:  5.1min
[Parallel(n_jobs=-1)]: Done 624 tasks      | elapsed:  9.3min
[Parallel(n_jobs=-1)]: Done 989 tasks      | elapsed: 14.7min
[Parallel(n_jobs=-1)]: Done 1434 tasks      | elapsed: 21.3min
[Parallel(n_jobs=-1)]: Done 1961 tasks      | elapsed: 29.0min
[Parallel(n_jobs=-1)]: Done 2568 tasks      | elapsed: 38.0min
[Parallel(n_jobs=-1)]: Done 3257 tasks      | elapsed: 48.2min
[Parallel(n_jobs=-1)]: Done 4026 tasks      | elapsed: 59.6min
[Parallel(n_jobs=-1)]: Done 4833 out of 4833 | elapsed: 71.5min finished

[2023-08-08 08:19:55] Features: 1/3 -- score: 1.3235[Parallel(n_jobs=-1)]: Using backend LokyBackend with 12 concurrent workers.
[Parallel(n_jobs=-1)]: Done  17 tasks      | elapsed:   20.3s
[Parallel(n_jobs=-1)]: Done 138 tasks      | elapsed:  2.1min
[Parallel(n_jobs=-1)]: Done 341 tasks      | elapsed:  5.1min
[Parallel(n_jobs=-1)]: Done 624 tasks      | elapsed:  9.3min
[Parallel(n_jobs=-1)]: Done 989 tasks      | elapsed: 14.6min
[Parallel(n_jobs=-1)]: Done 1434 tasks      | elapsed: 21.2min
[Parallel(n_jobs=-1)]: Done 1961 tasks      | elapsed: 28.9min
[Parallel(n_jobs=-1)]: Done 2568 tasks      | elapsed: 37.9min
[Parallel(n_jobs=-1)]: Done 3257 tasks      | elapsed: 48.0min
[Parallel(n_jobs=-1)]: Done 4026 tasks      | elapsed: 59.3min
[Parallel(n_jobs=-1)]: Done 4832 out of 4832 | elapsed: 71.3min finished

[2023-08-08 09:31:11] Features: 2/3 -- score: 1.7783242063492064[Parallel(n_jobs=-1)]: Using backend LokyBackend with 12 concurrent workers.
[Parallel(n_jobs=-1)]: Done  17 tasks      | elapsed:   20.7s
[Parallel(n_jobs=-1)]: Done 138 tasks      | elapsed:  2.1min
[Parallel(n_jobs=-1)]: Done 341 tasks      | elapsed:  5.1min
[Parallel(n_jobs=-1)]: Done 624 tasks      | elapsed:  9.4min
[Parallel(n_jobs=-1)]: Done 989 tasks      | elapsed: 14.9min
[Parallel(n_jobs=-1)]: Done 1434 tasks      | elapsed: 21.6min
[Parallel(n_jobs=-1)]: Done 1961 tasks      | elapsed: 29.5min
[Parallel(n_jobs=-1)]: Done 2568 tasks      | elapsed: 38.6min
[Parallel(n_jobs=-1)]: Done 3257 tasks      | elapsed: 48.9min
[Parallel(n_jobs=-1)]: Done 4026 tasks      | elapsed: 60.5min
[Parallel(n_jobs=-1)]: Done 4831 out of 4831 | elapsed: 72.6min finished
[Parallel(n_jobs=-1)]: Using backend LokyBackend with 12 concurrent workers.
[Parallel(n_jobs=-1)]: Done   2 out of   2 | elapsed:    9.2s finished

[2023-08-08 10:43:54] Features: 3/3 -- score: 1.92425[Parallel(n_jobs=-1)]: Using backend LokyBackend with 12 concurrent workers.
[Parallel(n_jobs=-1)]: Done  17 tasks      | elapsed:   20.7s
[Parallel(n_jobs=-1)]: Done 138 tasks      | elapsed:  2.2min
[Parallel(n_jobs=-1)]: Done 341 tasks      | elapsed:  5.1min
[Parallel(n_jobs=-1)]: Done 624 tasks      | elapsed:  9.3min
[Parallel(n_jobs=-1)]: Done 989 tasks      | elapsed: 14.8min
[Parallel(n_jobs=-1)]: Done 1434 tasks      | elapsed: 21.3min
[Parallel(n_jobs=-1)]: Done 1961 tasks      | elapsed: 29.2min
[Parallel(n_jobs=-1)]: Done 2568 tasks      | elapsed: 38.1min
[Parallel(n_jobs=-1)]: Done 3257 tasks      | elapsed: 48.4min
[Parallel(n_jobs=-1)]: Done 4026 tasks      | elapsed: 59.8min
[Parallel(n_jobs=-1)]: Done 4833 out of 4833 | elapsed: 71.8min finished

[2023-08-08 11:55:44] Features: 1/10 -- score: 1.3235[Parallel(n_jobs=-1)]: Using backend LokyBackend with 12 concurrent workers.
[Parallel(n_jobs=-1)]: Done  17 tasks      | elapsed:   21.0s
[Parallel(n_jobs=-1)]: Done 138 tasks      | elapsed:  2.2min
[Parallel(n_jobs=-1)]: Done 341 tasks      | elapsed:  5.2min
[Parallel(n_jobs=-1)]: Done 624 tasks      | elapsed:  9.3min
[Parallel(n_jobs=-1)]: Done 989 tasks      | elapsed: 14.8min
[Parallel(n_jobs=-1)]: Done 1434 tasks      | elapsed: 21.5min
[Parallel(n_jobs=-1)]: Done 1961 tasks      | elapsed: 29.3min
[Parallel(n_jobs=-1)]: Done 2568 tasks      | elapsed: 38.3min
[Parallel(n_jobs=-1)]: Done 3257 tasks      | elapsed: 48.5min
slurmstepd: error: *** JOB 72087760 ON lm3-w031 CANCELLED AT 2023-08-08T12:45:04 DUE TO TIME LIMIT ***
