[Parallel(n_jobs=-1)]: Using backend LokyBackend with 12 concurrent workers.
[Parallel(n_jobs=-1)]: Done  17 tasks      | elapsed:   14.4s
[Parallel(n_jobs=-1)]: Done 138 tasks      | elapsed:  1.3min
[Parallel(n_jobs=-1)]: Done 341 tasks      | elapsed:  2.9min
[Parallel(n_jobs=-1)]: Done 624 tasks      | elapsed:  5.5min
[Parallel(n_jobs=-1)]: Done 989 tasks      | elapsed:  8.8min
[Parallel(n_jobs=-1)]: Done 1212 out of 1212 | elapsed: 10.9min finished

[2023-08-01 12:33:45] Features: 1/2 -- score: 1.7894107142857147[Parallel(n_jobs=-1)]: Using backend LokyBackend with 12 concurrent workers.
[Parallel(n_jobs=-1)]: Done  17 tasks      | elapsed:   12.6s
[Parallel(n_jobs=-1)]: Done 138 tasks      | elapsed:  1.3min
[Parallel(n_jobs=-1)]: Done 341 tasks      | elapsed:  3.2min
[Parallel(n_jobs=-1)]: Done 624 tasks      | elapsed:  5.8min
[Parallel(n_jobs=-1)]: Done 989 tasks      | elapsed:  9.1min
[Parallel(n_jobs=-1)]: Done 1211 out of 1211 | elapsed: 11.2min finished

[2023-08-01 12:44:56] Features: 2/2 -- score: 1.8571428571428577[Parallel(n_jobs=-1)]: Using backend LokyBackend with 12 concurrent workers.
[Parallel(n_jobs=-1)]: Done  17 tasks      | elapsed:   13.9s
[Parallel(n_jobs=-1)]: Done 138 tasks      | elapsed:  1.4min
[Parallel(n_jobs=-1)]: Done 341 tasks      | elapsed:  3.4min
[Parallel(n_jobs=-1)]: Done 624 tasks      | elapsed:  6.2min
[Parallel(n_jobs=-1)]: Done 989 tasks      | elapsed:  9.8min
[Parallel(n_jobs=-1)]: Done 1212 out of 1212 | elapsed: 12.0min finished

[2023-08-01 12:56:58] Features: 1/3 -- score: 1.7894107142857147[Parallel(n_jobs=-1)]: Using backend LokyBackend with 12 concurrent workers.
[Parallel(n_jobs=-1)]: Done  17 tasks      | elapsed:   14.1s
[Parallel(n_jobs=-1)]: Done 138 tasks      | elapsed:  1.5min
[Parallel(n_jobs=-1)]: Done 341 tasks      | elapsed:  3.5min
[Parallel(n_jobs=-1)]: Done 624 tasks      | elapsed:  6.4min
[Parallel(n_jobs=-1)]: Done 989 tasks      | elapsed: 10.0min
[Parallel(n_jobs=-1)]: Done 1211 out of 1211 | elapsed: 11.9min finished

[2023-08-01 13:08:55] Features: 2/3 -- score: 1.8571428571428577[Parallel(n_jobs=-1)]: Using backend LokyBackend with 12 concurrent workers.
[Parallel(n_jobs=-1)]: Done  17 tasks      | elapsed:   12.1s
[Parallel(n_jobs=-1)]: Done 138 tasks      | elapsed:  1.3min
[Parallel(n_jobs=-1)]: Done 341 tasks      | elapsed:  3.1min
[Parallel(n_jobs=-1)]: Done 624 tasks      | elapsed:  5.5min
[Parallel(n_jobs=-1)]: Done 989 tasks      | elapsed:  8.8min
[Parallel(n_jobs=-1)]: Done 1210 out of 1210 | elapsed: 10.7min finished
[Parallel(n_jobs=-1)]: Using backend LokyBackend with 12 concurrent workers.
[Parallel(n_jobs=-1)]: Done   2 out of   2 | elapsed:    5.4s finished

[2023-08-01 13:19:44] Features: 3/3 -- score: 1.8571428571428577[Parallel(n_jobs=-1)]: Using backend LokyBackend with 12 concurrent workers.
[Parallel(n_jobs=-1)]: Done  17 tasks      | elapsed:   12.0s
[Parallel(n_jobs=-1)]: Done 138 tasks      | elapsed:  1.3min
[Parallel(n_jobs=-1)]: Done 341 tasks      | elapsed:  3.1min
[Parallel(n_jobs=-1)]: Done 624 tasks      | elapsed:  5.5min
[Parallel(n_jobs=-1)]: Done 989 tasks      | elapsed:  8.8min
[Parallel(n_jobs=-1)]: Done 1212 out of 1212 | elapsed: 10.7min finished

[2023-08-01 13:30:27] Features: 1/10 -- score: 1.7894107142857147[Parallel(n_jobs=-1)]: Using backend LokyBackend with 12 concurrent workers.
[Parallel(n_jobs=-1)]: Done  17 tasks      | elapsed:   12.0s
[Parallel(n_jobs=-1)]: Done 138 tasks      | elapsed:  1.3min
[Parallel(n_jobs=-1)]: Done 341 tasks      | elapsed:  3.1min
[Parallel(n_jobs=-1)]: Done 624 tasks      | elapsed:  5.5min
[Parallel(n_jobs=-1)]: Done 989 tasks      | elapsed:  8.8min
[Parallel(n_jobs=-1)]: Done 1211 out of 1211 | elapsed: 10.7min finished

[2023-08-01 13:41:10] Features: 2/10 -- score: 1.8571428571428577[Parallel(n_jobs=-1)]: Using backend LokyBackend with 12 concurrent workers.
[Parallel(n_jobs=-1)]: Done  17 tasks      | elapsed:   12.0s
[Parallel(n_jobs=-1)]: Done 138 tasks      | elapsed:  1.3min
[Parallel(n_jobs=-1)]: Done 341 tasks      | elapsed:  3.1min
[Parallel(n_jobs=-1)]: Done 624 tasks      | elapsed:  5.6min
[Parallel(n_jobs=-1)]: Done 989 tasks      | elapsed:  9.4min
[Parallel(n_jobs=-1)]: Done 1210 out of 1210 | elapsed: 11.6min finished
[Parallel(n_jobs=-1)]: Using backend LokyBackend with 12 concurrent workers.
[Parallel(n_jobs=-1)]: Done   2 out of   2 | elapsed:    7.3s finished

[2023-08-01 13:52:56] Features: 3/10 -- score: 1.8571428571428577[Parallel(n_jobs=-1)]: Using backend LokyBackend with 12 concurrent workers.
[Parallel(n_jobs=-1)]: Done  17 tasks      | elapsed:   14.6s
[Parallel(n_jobs=-1)]: Done 138 tasks      | elapsed:  1.5min
[Parallel(n_jobs=-1)]: Done 341 tasks      | elapsed:  3.5min
[Parallel(n_jobs=-1)]: Done 624 tasks      | elapsed:  6.4min
[Parallel(n_jobs=-1)]: Done 989 tasks      | elapsed: 10.1min
[Parallel(n_jobs=-1)]: Done 1209 out of 1209 | elapsed: 12.3min finished
[Parallel(n_jobs=-1)]: Using backend LokyBackend with 12 concurrent workers.
[Parallel(n_jobs=-1)]: Done   3 out of   3 | elapsed:    7.2s finished

[2023-08-01 14:05:24] Features: 4/10 -- score: 1.8571428571428577[Parallel(n_jobs=-1)]: Using backend LokyBackend with 12 concurrent workers.
[Parallel(n_jobs=-1)]: Done  17 tasks      | elapsed:   12.5s
[Parallel(n_jobs=-1)]: Done 138 tasks      | elapsed:  1.3min
[Parallel(n_jobs=-1)]: Done 341 tasks      | elapsed:  3.1min
[Parallel(n_jobs=-1)]: Done 624 tasks      | elapsed:  5.5min
[Parallel(n_jobs=-1)]: Done 989 tasks      | elapsed:  8.6min
[Parallel(n_jobs=-1)]: Done 1208 out of 1208 | elapsed: 10.5min finished
[Parallel(n_jobs=-1)]: Using backend LokyBackend with 12 concurrent workers.
[Parallel(n_jobs=-1)]: Done   2 out of   4 | elapsed:    5.7s remaining:    5.7s
[Parallel(n_jobs=-1)]: Done   4 out of   4 | elapsed:    5.7s finished

[2023-08-01 14:15:58] Features: 5/10 -- score: 1.8571428571428577[Parallel(n_jobs=-1)]: Using backend LokyBackend with 12 concurrent workers.
[Parallel(n_jobs=-1)]: Done  17 tasks      | elapsed:   11.8s
[Parallel(n_jobs=-1)]: Done 138 tasks      | elapsed:  1.2min
[Parallel(n_jobs=-1)]: Done 341 tasks      | elapsed:  2.9min
[Parallel(n_jobs=-1)]: Done 624 tasks      | elapsed:  5.3min
[Parallel(n_jobs=-1)]: Done 989 tasks      | elapsed:  8.4min
[Parallel(n_jobs=-1)]: Done 1207 out of 1207 | elapsed: 10.3min finished
[Parallel(n_jobs=-1)]: Using backend LokyBackend with 12 concurrent workers.
[Parallel(n_jobs=-1)]: Done   3 out of   5 | elapsed:    5.3s remaining:    3.5s
[Parallel(n_jobs=-1)]: Done   5 out of   5 | elapsed:    5.4s finished

[2023-08-01 14:26:19] Features: 6/10 -- score: 1.8571428571428577[Parallel(n_jobs=-1)]: Using backend LokyBackend with 12 concurrent workers.
[Parallel(n_jobs=-1)]: Done  17 tasks      | elapsed:   11.8s
[Parallel(n_jobs=-1)]: Done 138 tasks      | elapsed:  1.2min
[Parallel(n_jobs=-1)]: Done 341 tasks      | elapsed:  2.9min
[Parallel(n_jobs=-1)]: Done 624 tasks      | elapsed:  5.2min
[Parallel(n_jobs=-1)]: Done 989 tasks      | elapsed:  8.3min
[Parallel(n_jobs=-1)]: Done 1206 out of 1206 | elapsed: 10.1min finished
[Parallel(n_jobs=-1)]: Using backend LokyBackend with 12 concurrent workers.
[Parallel(n_jobs=-1)]: Done   3 out of   6 | elapsed:    5.8s remaining:    5.8s
[Parallel(n_jobs=-1)]: Done   6 out of   6 | elapsed:    5.9s finished

[2023-08-01 14:36:33] Features: 7/10 -- score: 1.8571428571428577[Parallel(n_jobs=-1)]: Using backend LokyBackend with 12 concurrent workers.
[Parallel(n_jobs=-1)]: Done  17 tasks      | elapsed:   11.7s
[Parallel(n_jobs=-1)]: Done 138 tasks      | elapsed:  1.2min
[Parallel(n_jobs=-1)]: Done 341 tasks      | elapsed:  2.9min
[Parallel(n_jobs=-1)]: Done 624 tasks      | elapsed:  5.3min
[Parallel(n_jobs=-1)]: Done 989 tasks      | elapsed:  8.3min
[Parallel(n_jobs=-1)]: Done 1205 out of 1205 | elapsed: 10.1min finished
[Parallel(n_jobs=-1)]: Using backend LokyBackend with 12 concurrent workers.
[Parallel(n_jobs=-1)]: Done   4 out of   7 | elapsed:    5.8s remaining:    4.3s
[Parallel(n_jobs=-1)]: Done   7 out of   7 | elapsed:    5.8s finished

[2023-08-01 14:46:46] Features: 8/10 -- score: 1.8571428571428577[Parallel(n_jobs=-1)]: Using backend LokyBackend with 12 concurrent workers.
[Parallel(n_jobs=-1)]: Done  17 tasks      | elapsed:   11.7s
[Parallel(n_jobs=-1)]: Done 138 tasks      | elapsed:  1.2min
[Parallel(n_jobs=-1)]: Done 341 tasks      | elapsed:  2.9min
[Parallel(n_jobs=-1)]: Done 624 tasks      | elapsed:  5.3min
[Parallel(n_jobs=-1)]: Done 989 tasks      | elapsed:  8.3min
[Parallel(n_jobs=-1)]: Done 1204 out of 1204 | elapsed: 10.1min finished
[Parallel(n_jobs=-1)]: Using backend LokyBackend with 12 concurrent workers.
[Parallel(n_jobs=-1)]: Done   5 out of   8 | elapsed:    6.7s remaining:    4.0s
[Parallel(n_jobs=-1)]: Done   8 out of   8 | elapsed:    6.9s finished

[2023-08-01 14:57:01] Features: 9/10 -- score: 1.8571428571428577[Parallel(n_jobs=-1)]: Using backend LokyBackend with 12 concurrent workers.
[Parallel(n_jobs=-1)]: Done  17 tasks      | elapsed:   13.3s
[Parallel(n_jobs=-1)]: Done 138 tasks      | elapsed:  1.3min
[Parallel(n_jobs=-1)]: Done 341 tasks      | elapsed:  3.3min
[Parallel(n_jobs=-1)]: Done 624 tasks      | elapsed:  6.0min
[Parallel(n_jobs=-1)]: Done 989 tasks      | elapsed:  9.6min
[Parallel(n_jobs=-1)]: Done 1203 out of 1203 | elapsed: 11.7min finished
[Parallel(n_jobs=-1)]: Using backend LokyBackend with 12 concurrent workers.
[Parallel(n_jobs=-1)]: Done   6 out of   9 | elapsed:    6.9s remaining:    3.5s
[Parallel(n_jobs=-1)]: Done   9 out of   9 | elapsed:    7.0s finished

[2023-08-01 15:08:50] Features: 10/10 -- score: 1.8571428571428577