[Parallel(n_jobs=-1)]: Using backend LokyBackend with 24 concurrent workers.
[Parallel(n_jobs=-1)]: Done 114 tasks      | elapsed:   23.1s
[Parallel(n_jobs=-1)]: Done 317 tasks      | elapsed:  1.0min
[Parallel(n_jobs=-1)]: Done 600 tasks      | elapsed:  1.9min
[Parallel(n_jobs=-1)]: Done 965 tasks      | elapsed:  2.9min
[Parallel(n_jobs=-1)]: Done 1410 tasks      | elapsed:  4.2min
[Parallel(n_jobs=-1)]: Done 1937 tasks      | elapsed:  5.8min
[Parallel(n_jobs=-1)]: Done 2544 tasks      | elapsed:  7.6min
[Parallel(n_jobs=-1)]: Done 3233 tasks      | elapsed:  9.7min
[Parallel(n_jobs=-1)]: Done 4002 tasks      | elapsed: 11.9min
[Parallel(n_jobs=-1)]: Done 4853 tasks      | elapsed: 14.4min
[Parallel(n_jobs=-1)]: Done 5558 out of 5558 | elapsed: 16.5min finished

[2023-07-23 09:51:16] Features: 1/10 -- score: 0.9875[Parallel(n_jobs=-1)]: Using backend LokyBackend with 24 concurrent workers.
[Parallel(n_jobs=-1)]: Done 114 tasks      | elapsed:   21.6s
[Parallel(n_jobs=-1)]: Done 317 tasks      | elapsed:   59.6s
[Parallel(n_jobs=-1)]: Done 600 tasks      | elapsed:  1.8min
[Parallel(n_jobs=-1)]: Done 965 tasks      | elapsed:  2.9min
[Parallel(n_jobs=-1)]: Done 1410 tasks      | elapsed:  4.2min
[Parallel(n_jobs=-1)]: Done 1937 tasks      | elapsed:  5.8min
[Parallel(n_jobs=-1)]: Done 2544 tasks      | elapsed:  7.6min
[Parallel(n_jobs=-1)]: Done 3233 tasks      | elapsed:  9.6min
[Parallel(n_jobs=-1)]: Done 4002 tasks      | elapsed: 11.9min
[Parallel(n_jobs=-1)]: Done 4853 tasks      | elapsed: 14.5min
[Parallel(n_jobs=-1)]: Done 5557 out of 5557 | elapsed: 16.5min finished

[2023-07-23 10:07:49] Features: 2/10 -- score: 1.0[Parallel(n_jobs=-1)]: Using backend LokyBackend with 24 concurrent workers.
[Parallel(n_jobs=-1)]: Done 114 tasks      | elapsed:   21.5s
[Parallel(n_jobs=-1)]: Done 317 tasks      | elapsed:   59.7s
[Parallel(n_jobs=-1)]: Done 600 tasks      | elapsed:  1.8min
[Parallel(n_jobs=-1)]: Done 965 tasks      | elapsed:  2.9min
[Parallel(n_jobs=-1)]: Done 1410 tasks      | elapsed:  4.2min
[Parallel(n_jobs=-1)]: Done 1937 tasks      | elapsed:  5.8min
[Parallel(n_jobs=-1)]: Done 2544 tasks      | elapsed:  7.6min
[Parallel(n_jobs=-1)]: Done 3233 tasks      | elapsed:  9.6min
[Parallel(n_jobs=-1)]: Done 4002 tasks      | elapsed: 11.9min
[Parallel(n_jobs=-1)]: Done 4853 tasks      | elapsed: 14.4min
[Parallel(n_jobs=-1)]: Done 5556 out of 5556 | elapsed: 16.5min finished
[Parallel(n_jobs=-1)]: Using backend LokyBackend with 24 concurrent workers.
[Parallel(n_jobs=-1)]: Done   2 out of   2 | elapsed:    3.3s finished

[2023-07-23 10:24:23] Features: 3/10 -- score: 1.0[Parallel(n_jobs=-1)]: Using backend LokyBackend with 24 concurrent workers.
[Parallel(n_jobs=-1)]: Done 114 tasks      | elapsed:   21.5s
[Parallel(n_jobs=-1)]: Done 317 tasks      | elapsed:   59.4s
[Parallel(n_jobs=-1)]: Done 600 tasks      | elapsed:  1.8min
[Parallel(n_jobs=-1)]: Done 965 tasks      | elapsed:  2.9min
[Parallel(n_jobs=-1)]: Done 1410 tasks      | elapsed:  4.2min
[Parallel(n_jobs=-1)]: Done 1937 tasks      | elapsed:  5.8min
[Parallel(n_jobs=-1)]: Done 2544 tasks      | elapsed:  7.6min
[Parallel(n_jobs=-1)]: Done 3233 tasks      | elapsed:  9.6min
[Parallel(n_jobs=-1)]: Done 4002 tasks      | elapsed: 11.9min
[Parallel(n_jobs=-1)]: Done 4853 tasks      | elapsed: 14.5min
[Parallel(n_jobs=-1)]: Done 5555 out of 5555 | elapsed: 16.5min finished
[Parallel(n_jobs=-1)]: Using backend LokyBackend with 24 concurrent workers.
[Parallel(n_jobs=-1)]: Done   3 out of   3 | elapsed:    3.3s finished

[2023-07-23 10:40:58] Features: 4/10 -- score: 1.0[Parallel(n_jobs=-1)]: Using backend LokyBackend with 24 concurrent workers.
[Parallel(n_jobs=-1)]: Done 114 tasks      | elapsed:   21.6s
[Parallel(n_jobs=-1)]: Done 317 tasks      | elapsed:   59.5s
[Parallel(n_jobs=-1)]: Done 600 tasks      | elapsed:  1.8min
[Parallel(n_jobs=-1)]: Done 965 tasks      | elapsed:  2.9min
[Parallel(n_jobs=-1)]: Done 1410 tasks      | elapsed:  4.2min
[Parallel(n_jobs=-1)]: Done 1937 tasks      | elapsed:  5.8min
[Parallel(n_jobs=-1)]: Done 2544 tasks      | elapsed:  7.6min
[Parallel(n_jobs=-1)]: Done 3233 tasks      | elapsed:  9.7min
[Parallel(n_jobs=-1)]: Done 4002 tasks      | elapsed: 11.9min
[Parallel(n_jobs=-1)]: Done 4853 tasks      | elapsed: 14.5min
[Parallel(n_jobs=-1)]: Done 5554 out of 5554 | elapsed: 16.5min finished
[Parallel(n_jobs=-1)]: Using backend LokyBackend with 24 concurrent workers.
[Parallel(n_jobs=-1)]: Done   2 out of   4 | elapsed:    3.3s remaining:    3.3s
[Parallel(n_jobs=-1)]: Done   4 out of   4 | elapsed:    3.4s finished

[2023-07-23 10:57:35] Features: 5/10 -- score: 1.0[Parallel(n_jobs=-1)]: Using backend LokyBackend with 24 concurrent workers.
[Parallel(n_jobs=-1)]: Done 114 tasks      | elapsed:   21.6s
[Parallel(n_jobs=-1)]: Done 317 tasks      | elapsed:   59.7s
[Parallel(n_jobs=-1)]: Done 600 tasks      | elapsed:  1.8min
[Parallel(n_jobs=-1)]: Done 965 tasks      | elapsed:  2.9min
[Parallel(n_jobs=-1)]: Done 1410 tasks      | elapsed:  4.2min
[Parallel(n_jobs=-1)]: Done 1937 tasks      | elapsed:  5.8min
[Parallel(n_jobs=-1)]: Done 2544 tasks      | elapsed:  7.6min
[Parallel(n_jobs=-1)]: Done 3233 tasks      | elapsed:  9.6min
[Parallel(n_jobs=-1)]: Done 4002 tasks      | elapsed: 11.9min
[Parallel(n_jobs=-1)]: Done 4853 tasks      | elapsed: 14.5min
[Parallel(n_jobs=-1)]: Done 5553 out of 5553 | elapsed: 16.5min finished
[Parallel(n_jobs=-1)]: Using backend LokyBackend with 24 concurrent workers.
[Parallel(n_jobs=-1)]: Done   3 out of   5 | elapsed:    3.5s remaining:    2.3s
[Parallel(n_jobs=-1)]: Done   5 out of   5 | elapsed:    3.5s finished

[2023-07-23 11:14:09] Features: 6/10 -- score: 1.0[Parallel(n_jobs=-1)]: Using backend LokyBackend with 24 concurrent workers.
[Parallel(n_jobs=-1)]: Done 114 tasks      | elapsed:   21.5s
[Parallel(n_jobs=-1)]: Done 317 tasks      | elapsed:   59.5s
[Parallel(n_jobs=-1)]: Done 600 tasks      | elapsed:  1.8min
[Parallel(n_jobs=-1)]: Done 965 tasks      | elapsed:  2.9min
[Parallel(n_jobs=-1)]: Done 1410 tasks      | elapsed:  4.2min
[Parallel(n_jobs=-1)]: Done 1937 tasks      | elapsed:  5.8min
[Parallel(n_jobs=-1)]: Done 2544 tasks      | elapsed:  7.6min
[Parallel(n_jobs=-1)]: Done 3233 tasks      | elapsed:  9.7min
[Parallel(n_jobs=-1)]: Done 4002 tasks      | elapsed: 11.9min
[Parallel(n_jobs=-1)]: Done 4853 tasks      | elapsed: 14.5min
[Parallel(n_jobs=-1)]: Done 5552 out of 5552 | elapsed: 16.5min finished
[Parallel(n_jobs=-1)]: Using backend LokyBackend with 24 concurrent workers.
[Parallel(n_jobs=-1)]: Done   3 out of   6 | elapsed:    3.4s remaining:    3.4s
[Parallel(n_jobs=-1)]: Done   6 out of   6 | elapsed:    3.5s finished

[2023-07-23 11:30:45] Features: 7/10 -- score: 1.0[Parallel(n_jobs=-1)]: Using backend LokyBackend with 24 concurrent workers.
[Parallel(n_jobs=-1)]: Done 114 tasks      | elapsed:   21.6s
[Parallel(n_jobs=-1)]: Done 317 tasks      | elapsed:   59.6s
[Parallel(n_jobs=-1)]: Done 600 tasks      | elapsed:  1.8min
[Parallel(n_jobs=-1)]: Done 965 tasks      | elapsed:  2.9min
[Parallel(n_jobs=-1)]: Done 1410 tasks      | elapsed:  4.2min
[Parallel(n_jobs=-1)]: Done 1937 tasks      | elapsed:  5.8min
[Parallel(n_jobs=-1)]: Done 2544 tasks      | elapsed:  7.6min
[Parallel(n_jobs=-1)]: Done 3233 tasks      | elapsed:  9.7min
[Parallel(n_jobs=-1)]: Done 4002 tasks      | elapsed: 11.9min
[Parallel(n_jobs=-1)]: Done 4853 tasks      | elapsed: 14.5min
[Parallel(n_jobs=-1)]: Done 5551 out of 5551 | elapsed: 16.5min finished
[Parallel(n_jobs=-1)]: Using backend LokyBackend with 24 concurrent workers.
[Parallel(n_jobs=-1)]: Done   4 out of   7 | elapsed:    3.6s remaining:    2.7s
[Parallel(n_jobs=-1)]: Done   7 out of   7 | elapsed:    3.6s finished

[2023-07-23 11:47:21] Features: 8/10 -- score: 1.0[Parallel(n_jobs=-1)]: Using backend LokyBackend with 24 concurrent workers.
[Parallel(n_jobs=-1)]: Done 114 tasks      | elapsed:   21.7s
[Parallel(n_jobs=-1)]: Done 317 tasks      | elapsed:   59.5s
[Parallel(n_jobs=-1)]: Done 600 tasks      | elapsed:  1.8min
[Parallel(n_jobs=-1)]: Done 965 tasks      | elapsed:  2.9min
[Parallel(n_jobs=-1)]: Done 1410 tasks      | elapsed:  4.2min
[Parallel(n_jobs=-1)]: Done 1937 tasks      | elapsed:  5.8min
[Parallel(n_jobs=-1)]: Done 2544 tasks      | elapsed:  7.6min
[Parallel(n_jobs=-1)]: Done 3233 tasks      | elapsed:  9.7min
[Parallel(n_jobs=-1)]: Done 4002 tasks      | elapsed: 12.0min
[Parallel(n_jobs=-1)]: Done 4853 tasks      | elapsed: 14.5min
[Parallel(n_jobs=-1)]: Done 5550 out of 5550 | elapsed: 16.5min finished
[Parallel(n_jobs=-1)]: Using backend LokyBackend with 24 concurrent workers.
[Parallel(n_jobs=-1)]: Done   6 out of   8 | elapsed:    3.7s remaining:    1.2s
[Parallel(n_jobs=-1)]: Done   8 out of   8 | elapsed:    3.8s finished

[2023-07-23 12:03:57] Features: 9/10 -- score: 1.0[Parallel(n_jobs=-1)]: Using backend LokyBackend with 24 concurrent workers.
[Parallel(n_jobs=-1)]: Done 114 tasks      | elapsed:   21.6s
[Parallel(n_jobs=-1)]: Done 317 tasks      | elapsed:   59.6s
[Parallel(n_jobs=-1)]: Done 600 tasks      | elapsed:  1.8min
[Parallel(n_jobs=-1)]: Done 965 tasks      | elapsed:  2.9min
[Parallel(n_jobs=-1)]: Done 1410 tasks      | elapsed:  4.2min
[Parallel(n_jobs=-1)]: Done 1937 tasks      | elapsed:  5.8min
[Parallel(n_jobs=-1)]: Done 2544 tasks      | elapsed:  7.6min
[Parallel(n_jobs=-1)]: Done 3233 tasks      | elapsed:  9.7min
[Parallel(n_jobs=-1)]: Done 4002 tasks      | elapsed: 11.9min
[Parallel(n_jobs=-1)]: Done 4853 tasks      | elapsed: 14.5min
[Parallel(n_jobs=-1)]: Done 5549 out of 5549 | elapsed: 16.5min finished
[Parallel(n_jobs=-1)]: Using backend LokyBackend with 24 concurrent workers.
[Parallel(n_jobs=-1)]: Done   2 out of   9 | elapsed:    3.6s remaining:   12.7s
[Parallel(n_jobs=-1)]: Done   7 out of   9 | elapsed:    3.7s remaining:    1.1s
[Parallel(n_jobs=-1)]: Done   9 out of   9 | elapsed:    3.7s finished

[2023-07-23 12:20:34] Features: 10/10 -- score: 1.0