[Parallel(n_jobs=-1)]: Using backend LokyBackend with 24 concurrent workers.
[Parallel(n_jobs=-1)]: Done 114 tasks      | elapsed:   23.8s
[Parallel(n_jobs=-1)]: Done 317 tasks      | elapsed:  1.0min
[Parallel(n_jobs=-1)]: Done 600 tasks      | elapsed:  1.9min
[Parallel(n_jobs=-1)]: Done 965 tasks      | elapsed:  3.0min
[Parallel(n_jobs=-1)]: Done 1410 tasks      | elapsed:  4.4min
[Parallel(n_jobs=-1)]: Done 1937 tasks      | elapsed:  6.0min
[Parallel(n_jobs=-1)]: Done 2544 tasks      | elapsed:  7.8min
[Parallel(n_jobs=-1)]: Done 3233 tasks      | elapsed:  9.9min
[Parallel(n_jobs=-1)]: Done 4002 tasks      | elapsed: 12.2min
[Parallel(n_jobs=-1)]: Done 4853 tasks      | elapsed: 14.8min
[Parallel(n_jobs=-1)]: Done 5558 out of 5558 | elapsed: 16.9min finished

[2023-07-23 09:52:57] Features: 1/10 -- score: 0.5127999999999999[Parallel(n_jobs=-1)]: Using backend LokyBackend with 24 concurrent workers.
[Parallel(n_jobs=-1)]: Done 114 tasks      | elapsed:   21.9s
[Parallel(n_jobs=-1)]: Done 317 tasks      | elapsed:  1.0min
[Parallel(n_jobs=-1)]: Done 600 tasks      | elapsed:  1.9min
[Parallel(n_jobs=-1)]: Done 965 tasks      | elapsed:  3.0min
[Parallel(n_jobs=-1)]: Done 1410 tasks      | elapsed:  4.3min
[Parallel(n_jobs=-1)]: Done 1937 tasks      | elapsed:  5.9min
[Parallel(n_jobs=-1)]: Done 2544 tasks      | elapsed:  7.7min
[Parallel(n_jobs=-1)]: Done 3233 tasks      | elapsed:  9.8min
[Parallel(n_jobs=-1)]: Done 4002 tasks      | elapsed: 12.1min
[Parallel(n_jobs=-1)]: Done 4853 tasks      | elapsed: 14.7min
[Parallel(n_jobs=-1)]: Done 5557 out of 5557 | elapsed: 16.8min finished

[2023-07-23 10:09:47] Features: 2/10 -- score: 0.5079999999999999[Parallel(n_jobs=-1)]: Using backend LokyBackend with 24 concurrent workers.
[Parallel(n_jobs=-1)]: Done 114 tasks      | elapsed:   21.9s
[Parallel(n_jobs=-1)]: Done 317 tasks      | elapsed:  1.0min
[Parallel(n_jobs=-1)]: Done 600 tasks      | elapsed:  1.9min
[Parallel(n_jobs=-1)]: Done 965 tasks      | elapsed:  3.0min
[Parallel(n_jobs=-1)]: Done 1410 tasks      | elapsed:  4.3min
[Parallel(n_jobs=-1)]: Done 1937 tasks      | elapsed:  5.9min
[Parallel(n_jobs=-1)]: Done 2544 tasks      | elapsed:  7.7min
[Parallel(n_jobs=-1)]: Done 3233 tasks      | elapsed:  9.8min
[Parallel(n_jobs=-1)]: Done 4002 tasks      | elapsed: 12.1min
[Parallel(n_jobs=-1)]: Done 4853 tasks      | elapsed: 14.7min
[Parallel(n_jobs=-1)]: Done 5556 out of 5556 | elapsed: 16.8min finished
[Parallel(n_jobs=-1)]: Using backend LokyBackend with 24 concurrent workers.
[Parallel(n_jobs=-1)]: Done   2 out of   2 | elapsed:    3.4s finished

[2023-07-23 10:26:41] Features: 3/10 -- score: 0.5079999999999999[Parallel(n_jobs=-1)]: Using backend LokyBackend with 24 concurrent workers.
[Parallel(n_jobs=-1)]: Done 114 tasks      | elapsed:   22.0s
[Parallel(n_jobs=-1)]: Done 317 tasks      | elapsed:  1.0min
[Parallel(n_jobs=-1)]: Done 600 tasks      | elapsed:  1.9min
[Parallel(n_jobs=-1)]: Done 965 tasks      | elapsed:  3.0min
[Parallel(n_jobs=-1)]: Done 1410 tasks      | elapsed:  4.3min
[Parallel(n_jobs=-1)]: Done 1937 tasks      | elapsed:  5.9min
[Parallel(n_jobs=-1)]: Done 2544 tasks      | elapsed:  7.7min
[Parallel(n_jobs=-1)]: Done 3233 tasks      | elapsed:  9.8min
[Parallel(n_jobs=-1)]: Done 4002 tasks      | elapsed: 12.1min
[Parallel(n_jobs=-1)]: Done 4853 tasks      | elapsed: 14.7min
[Parallel(n_jobs=-1)]: Done 5555 out of 5555 | elapsed: 16.8min finished
[Parallel(n_jobs=-1)]: Using backend LokyBackend with 24 concurrent workers.
[Parallel(n_jobs=-1)]: Done   3 out of   3 | elapsed:    3.4s finished

[2023-07-23 10:43:34] Features: 4/10 -- score: 0.5127999999999999[Parallel(n_jobs=-1)]: Using backend LokyBackend with 24 concurrent workers.
[Parallel(n_jobs=-1)]: Done 114 tasks      | elapsed:   22.0s
[Parallel(n_jobs=-1)]: Done 317 tasks      | elapsed:  1.0min
[Parallel(n_jobs=-1)]: Done 600 tasks      | elapsed:  1.9min
[Parallel(n_jobs=-1)]: Done 965 tasks      | elapsed:  3.0min
[Parallel(n_jobs=-1)]: Done 1410 tasks      | elapsed:  4.3min
[Parallel(n_jobs=-1)]: Done 1937 tasks      | elapsed:  5.9min
[Parallel(n_jobs=-1)]: Done 2544 tasks      | elapsed:  7.7min
[Parallel(n_jobs=-1)]: Done 3233 tasks      | elapsed:  9.8min
[Parallel(n_jobs=-1)]: Done 4002 tasks      | elapsed: 12.2min
[Parallel(n_jobs=-1)]: Done 4853 tasks      | elapsed: 14.7min
[Parallel(n_jobs=-1)]: Done 5554 out of 5554 | elapsed: 16.8min finished
[Parallel(n_jobs=-1)]: Using backend LokyBackend with 24 concurrent workers.
[Parallel(n_jobs=-1)]: Done   2 out of   4 | elapsed:    3.3s remaining:    3.3s
[Parallel(n_jobs=-1)]: Done   4 out of   4 | elapsed:    3.4s finished

[2023-07-23 11:00:27] Features: 5/10 -- score: 0.5087999999999999[Parallel(n_jobs=-1)]: Using backend LokyBackend with 24 concurrent workers.
[Parallel(n_jobs=-1)]: Done 114 tasks      | elapsed:   22.0s
[Parallel(n_jobs=-1)]: Done 317 tasks      | elapsed:  1.0min
[Parallel(n_jobs=-1)]: Done 600 tasks      | elapsed:  1.9min
[Parallel(n_jobs=-1)]: Done 965 tasks      | elapsed:  3.0min
[Parallel(n_jobs=-1)]: Done 1410 tasks      | elapsed:  4.3min
[Parallel(n_jobs=-1)]: Done 1937 tasks      | elapsed:  5.9min
[Parallel(n_jobs=-1)]: Done 2544 tasks      | elapsed:  7.7min
[Parallel(n_jobs=-1)]: Done 3233 tasks      | elapsed:  9.8min
[Parallel(n_jobs=-1)]: Done 4002 tasks      | elapsed: 12.1min
[Parallel(n_jobs=-1)]: Done 4853 tasks      | elapsed: 14.7min
[Parallel(n_jobs=-1)]: Done 5553 out of 5553 | elapsed: 16.8min finished
[Parallel(n_jobs=-1)]: Using backend LokyBackend with 24 concurrent workers.
[Parallel(n_jobs=-1)]: Done   3 out of   5 | elapsed:    3.6s remaining:    2.4s
[Parallel(n_jobs=-1)]: Done   5 out of   5 | elapsed:    3.7s finished

[2023-07-23 11:17:20] Features: 6/10 -- score: 0.5064[Parallel(n_jobs=-1)]: Using backend LokyBackend with 24 concurrent workers.
[Parallel(n_jobs=-1)]: Done 114 tasks      | elapsed:   21.9s
[Parallel(n_jobs=-1)]: Done 317 tasks      | elapsed:  1.0min
[Parallel(n_jobs=-1)]: Done 600 tasks      | elapsed:  1.9min
[Parallel(n_jobs=-1)]: Done 965 tasks      | elapsed:  3.0min
[Parallel(n_jobs=-1)]: Done 1410 tasks      | elapsed:  4.3min
[Parallel(n_jobs=-1)]: Done 1937 tasks      | elapsed:  5.9min
[Parallel(n_jobs=-1)]: Done 2544 tasks      | elapsed:  7.7min
[Parallel(n_jobs=-1)]: Done 3233 tasks      | elapsed:  9.8min
[Parallel(n_jobs=-1)]: Done 4002 tasks      | elapsed: 12.2min
[Parallel(n_jobs=-1)]: Done 4853 tasks      | elapsed: 14.7min
[Parallel(n_jobs=-1)]: Done 5552 out of 5552 | elapsed: 16.8min finished
[Parallel(n_jobs=-1)]: Using backend LokyBackend with 24 concurrent workers.
[Parallel(n_jobs=-1)]: Done   3 out of   6 | elapsed:    3.4s remaining:    3.4s
[Parallel(n_jobs=-1)]: Done   6 out of   6 | elapsed:    3.6s finished

[2023-07-23 11:34:14] Features: 7/10 -- score: 0.5056[Parallel(n_jobs=-1)]: Using backend LokyBackend with 24 concurrent workers.
[Parallel(n_jobs=-1)]: Done 114 tasks      | elapsed:   22.0s
[Parallel(n_jobs=-1)]: Done 317 tasks      | elapsed:  1.0min
[Parallel(n_jobs=-1)]: Done 600 tasks      | elapsed:  1.9min
[Parallel(n_jobs=-1)]: Done 965 tasks      | elapsed:  3.0min
[Parallel(n_jobs=-1)]: Done 1410 tasks      | elapsed:  4.3min
[Parallel(n_jobs=-1)]: Done 1937 tasks      | elapsed:  5.9min
[Parallel(n_jobs=-1)]: Done 2544 tasks      | elapsed:  7.7min
[Parallel(n_jobs=-1)]: Done 3233 tasks      | elapsed:  9.8min
[Parallel(n_jobs=-1)]: Done 4002 tasks      | elapsed: 12.2min
[Parallel(n_jobs=-1)]: Done 4853 tasks      | elapsed: 14.7min
[Parallel(n_jobs=-1)]: Done 5551 out of 5551 | elapsed: 16.8min finished
[Parallel(n_jobs=-1)]: Using backend LokyBackend with 24 concurrent workers.
[Parallel(n_jobs=-1)]: Done   4 out of   7 | elapsed:    3.8s remaining:    2.8s
[Parallel(n_jobs=-1)]: Done   7 out of   7 | elapsed:    3.8s finished

[2023-07-23 11:51:08] Features: 8/10 -- score: 0.5119999999999999[Parallel(n_jobs=-1)]: Using backend LokyBackend with 24 concurrent workers.
[Parallel(n_jobs=-1)]: Done 114 tasks      | elapsed:   21.9s
[Parallel(n_jobs=-1)]: Done 317 tasks      | elapsed:  1.0min
[Parallel(n_jobs=-1)]: Done 600 tasks      | elapsed:  1.9min
[Parallel(n_jobs=-1)]: Done 965 tasks      | elapsed:  3.0min
[Parallel(n_jobs=-1)]: Done 1410 tasks      | elapsed:  4.3min
[Parallel(n_jobs=-1)]: Done 1937 tasks      | elapsed:  5.9min
[Parallel(n_jobs=-1)]: Done 2544 tasks      | elapsed:  7.7min
[Parallel(n_jobs=-1)]: Done 3233 tasks      | elapsed:  9.8min
[Parallel(n_jobs=-1)]: Done 4002 tasks      | elapsed: 12.1min
[Parallel(n_jobs=-1)]: Done 4853 tasks      | elapsed: 14.7min
[Parallel(n_jobs=-1)]: Done 5550 out of 5550 | elapsed: 16.8min finished
[Parallel(n_jobs=-1)]: Using backend LokyBackend with 24 concurrent workers.
[Parallel(n_jobs=-1)]: Done   6 out of   8 | elapsed:    3.6s remaining:    1.2s
[Parallel(n_jobs=-1)]: Done   8 out of   8 | elapsed:    3.6s finished

[2023-07-23 12:08:01] Features: 9/10 -- score: 0.5119999999999999[Parallel(n_jobs=-1)]: Using backend LokyBackend with 24 concurrent workers.
[Parallel(n_jobs=-1)]: Done 114 tasks      | elapsed:   21.9s
[Parallel(n_jobs=-1)]: Done 317 tasks      | elapsed:  1.0min
[Parallel(n_jobs=-1)]: Done 600 tasks      | elapsed:  1.9min
[Parallel(n_jobs=-1)]: Done 965 tasks      | elapsed:  3.0min
[Parallel(n_jobs=-1)]: Done 1410 tasks      | elapsed:  4.3min
[Parallel(n_jobs=-1)]: Done 1937 tasks      | elapsed:  5.9min
[Parallel(n_jobs=-1)]: Done 2544 tasks      | elapsed:  7.8min
[Parallel(n_jobs=-1)]: Done 3233 tasks      | elapsed:  9.8min
[Parallel(n_jobs=-1)]: Done 4002 tasks      | elapsed: 12.2min
[Parallel(n_jobs=-1)]: Done 4853 tasks      | elapsed: 14.7min
[Parallel(n_jobs=-1)]: Done 5549 out of 5549 | elapsed: 16.8min finished
[Parallel(n_jobs=-1)]: Using backend LokyBackend with 24 concurrent workers.
[Parallel(n_jobs=-1)]: Done   2 out of   9 | elapsed:    3.7s remaining:   13.1s
[Parallel(n_jobs=-1)]: Done   7 out of   9 | elapsed:    3.8s remaining:    1.1s
[Parallel(n_jobs=-1)]: Done   9 out of   9 | elapsed:    3.9s finished

[2023-07-23 12:24:55] Features: 10/10 -- score: 0.5095999999999999