(19, 7528)
(18, 1442)
Best accuracy score: 1.00
Best subset (indices): (1078, 1199)
Best subset (corresponding names): ('rh.slf2_fbundle_mean', 'right-fornix_RD_mean')

Best accuracy score: 1.00
Best subset (indices): (676, 1078, 1199)
Best subset (corresponding names): ('lh.ilf_MD_mean', 'rh.slf2_fbundle_mean', 'right-fornix_RD_mean')

Best accuracy score: 0.50
Best subset (indices): (353, 672)
Best subset (corresponding names): ('left-pallidum_MD_mean', 'lh.fx_wRD_mean')

Best accuracy score: 0.51
Best subset (indices): (251, 638, 994)
Best subset (corresponding names): ('left-fornix_FA_mean', 'lh.fat_fbundle_mean', 'rh.ilf_AD_mean')

Best accuracy score: 0.50
Best subset (indices): (0, 1)
Best subset (corresponding names): ('age', 'therapy_duration')

Best accuracy score: 0.50
Best subset (indices): (0, 1, 2)
Best subset (corresponding names): ('age', 'therapy_duration', 'sex')

Best accuracy score: 0.54
Best subset (indices): (407, 681)
Best subset (corresponding names): ('left-postThalRadiation-parital_wAD_mean', 'lh.ilf_fiso_mean')

Best accuracy score: 0.54
Best subset (indices): (776, 1388, 1416)
Best subset (corresponding names): ('lh.slf3_MD_mean', 'right-sup-longi-fasci_frac_csf_mf_mean', 'right-supThalRadiation_wMD_mean')

