[Parallel(n_jobs=-1)]: Using backend LokyBackend with 24 concurrent workers.
[Parallel(n_jobs=-1)]: Done 114 tasks      | elapsed:   23.2s
[Parallel(n_jobs=-1)]: Done 317 tasks      | elapsed:  1.0min
[Parallel(n_jobs=-1)]: Done 600 tasks      | elapsed:  1.9min
[Parallel(n_jobs=-1)]: Done 965 tasks      | elapsed:  2.9min
[Parallel(n_jobs=-1)]: Done 1410 tasks      | elapsed:  4.2min
[Parallel(n_jobs=-1)]: Done 1937 tasks      | elapsed:  5.8min
[Parallel(n_jobs=-1)]: Done 2544 tasks      | elapsed:  7.6min
[Parallel(n_jobs=-1)]: Done 3233 tasks      | elapsed:  9.6min
[Parallel(n_jobs=-1)]: Done 4002 tasks      | elapsed: 11.9min
[Parallel(n_jobs=-1)]: Done 4853 tasks      | elapsed: 14.4min
[Parallel(n_jobs=-1)]: Done 5558 out of 5558 | elapsed: 16.5min finished

[2023-07-23 01:25:55] Features: 1/20 -- score: 0.9875[Parallel(n_jobs=-1)]: Using backend LokyBackend with 24 concurrent workers.
[Parallel(n_jobs=-1)]: Done 114 tasks      | elapsed:   21.5s
[Parallel(n_jobs=-1)]: Done 317 tasks      | elapsed:   59.3s
[Parallel(n_jobs=-1)]: Done 600 tasks      | elapsed:  1.8min
[Parallel(n_jobs=-1)]: Done 965 tasks      | elapsed:  2.9min
[Parallel(n_jobs=-1)]: Done 1410 tasks      | elapsed:  4.2min
[Parallel(n_jobs=-1)]: Done 1937 tasks      | elapsed:  5.8min
[Parallel(n_jobs=-1)]: Done 2544 tasks      | elapsed:  7.6min
[Parallel(n_jobs=-1)]: Done 3233 tasks      | elapsed:  9.6min
[Parallel(n_jobs=-1)]: Done 4002 tasks      | elapsed: 11.9min
[Parallel(n_jobs=-1)]: Done 4853 tasks      | elapsed: 14.4min
[Parallel(n_jobs=-1)]: Done 5557 out of 5557 | elapsed: 16.5min finished

[2023-07-23 01:42:25] Features: 2/20 -- score: 1.0[Parallel(n_jobs=-1)]: Using backend LokyBackend with 24 concurrent workers.
[Parallel(n_jobs=-1)]: Done 114 tasks      | elapsed:   21.5s
[Parallel(n_jobs=-1)]: Done 317 tasks      | elapsed:   59.4s
[Parallel(n_jobs=-1)]: Done 600 tasks      | elapsed:  1.8min
[Parallel(n_jobs=-1)]: Done 965 tasks      | elapsed:  2.9min
[Parallel(n_jobs=-1)]: Done 1410 tasks      | elapsed:  4.2min
[Parallel(n_jobs=-1)]: Done 1937 tasks      | elapsed:  5.8min
[Parallel(n_jobs=-1)]: Done 2544 tasks      | elapsed:  7.6min
[Parallel(n_jobs=-1)]: Done 3233 tasks      | elapsed:  9.6min
[Parallel(n_jobs=-1)]: Done 4002 tasks      | elapsed: 11.9min
[Parallel(n_jobs=-1)]: Done 4853 tasks      | elapsed: 14.4min
[Parallel(n_jobs=-1)]: Done 5556 out of 5556 | elapsed: 16.5min finished

[2023-07-23 01:58:54] Features: 3/20 -- score: 1.0[Parallel(n_jobs=-1)]: Using backend LokyBackend with 24 concurrent workers.
[Parallel(n_jobs=-1)]: Done 114 tasks      | elapsed:   21.5s
[Parallel(n_jobs=-1)]: Done 317 tasks      | elapsed:   59.4s
[Parallel(n_jobs=-1)]: Done 600 tasks      | elapsed:  1.8min
[Parallel(n_jobs=-1)]: Done 965 tasks      | elapsed:  2.9min
[Parallel(n_jobs=-1)]: Done 1410 tasks      | elapsed:  4.2min
[Parallel(n_jobs=-1)]: Done 1937 tasks      | elapsed:  5.8min
[Parallel(n_jobs=-1)]: Done 2544 tasks      | elapsed:  7.6min
[Parallel(n_jobs=-1)]: Done 3233 tasks      | elapsed:  9.6min
[Parallel(n_jobs=-1)]: Done 4002 tasks      | elapsed: 11.9min
[Parallel(n_jobs=-1)]: Done 4853 tasks      | elapsed: 14.4min
[Parallel(n_jobs=-1)]: Done 5555 out of 5555 | elapsed: 16.5min finished

[2023-07-23 02:15:24] Features: 4/20 -- score: 1.0[Parallel(n_jobs=-1)]: Using backend LokyBackend with 24 concurrent workers.
[Parallel(n_jobs=-1)]: Done 114 tasks      | elapsed:   21.7s
[Parallel(n_jobs=-1)]: Done 317 tasks      | elapsed:   59.3s
[Parallel(n_jobs=-1)]: Done 600 tasks      | elapsed:  1.8min
[Parallel(n_jobs=-1)]: Done 965 tasks      | elapsed:  2.9min
[Parallel(n_jobs=-1)]: Done 1410 tasks      | elapsed:  4.2min
[Parallel(n_jobs=-1)]: Done 1937 tasks      | elapsed:  5.8min
[Parallel(n_jobs=-1)]: Done 2544 tasks      | elapsed:  7.6min
[Parallel(n_jobs=-1)]: Done 3233 tasks      | elapsed:  9.6min
[Parallel(n_jobs=-1)]: Done 4002 tasks      | elapsed: 11.9min
[Parallel(n_jobs=-1)]: Done 4853 tasks      | elapsed: 14.4min
[Parallel(n_jobs=-1)]: Done 5554 out of 5554 | elapsed: 16.5min finished

[2023-07-23 02:31:55] Features: 5/20 -- score: 1.0[Parallel(n_jobs=-1)]: Using backend LokyBackend with 24 concurrent workers.
[Parallel(n_jobs=-1)]: Done 114 tasks      | elapsed:   21.5s
[Parallel(n_jobs=-1)]: Done 317 tasks      | elapsed:   59.2s
[Parallel(n_jobs=-1)]: Done 600 tasks      | elapsed:  1.8min
[Parallel(n_jobs=-1)]: Done 965 tasks      | elapsed:  2.9min
[Parallel(n_jobs=-1)]: Done 1410 tasks      | elapsed:  4.2min
[Parallel(n_jobs=-1)]: Done 1937 tasks      | elapsed:  5.8min
[Parallel(n_jobs=-1)]: Done 2544 tasks      | elapsed:  7.6min
[Parallel(n_jobs=-1)]: Done 3233 tasks      | elapsed:  9.6min
[Parallel(n_jobs=-1)]: Done 4002 tasks      | elapsed: 11.9min
[Parallel(n_jobs=-1)]: Done 4853 tasks      | elapsed: 14.4min
[Parallel(n_jobs=-1)]: Done 5553 out of 5553 | elapsed: 16.5min finished

[2023-07-23 02:48:24] Features: 6/20 -- score: 1.0[Parallel(n_jobs=-1)]: Using backend LokyBackend with 24 concurrent workers.
[Parallel(n_jobs=-1)]: Done 114 tasks      | elapsed:   21.5s
[Parallel(n_jobs=-1)]: Done 317 tasks      | elapsed:   59.3s
[Parallel(n_jobs=-1)]: Done 600 tasks      | elapsed:  1.8min
[Parallel(n_jobs=-1)]: Done 965 tasks      | elapsed:  2.9min
[Parallel(n_jobs=-1)]: Done 1410 tasks      | elapsed:  4.2min
[Parallel(n_jobs=-1)]: Done 1937 tasks      | elapsed:  5.8min
[Parallel(n_jobs=-1)]: Done 2544 tasks      | elapsed:  7.6min
[Parallel(n_jobs=-1)]: Done 3233 tasks      | elapsed:  9.6min
[Parallel(n_jobs=-1)]: Done 4002 tasks      | elapsed: 11.9min
[Parallel(n_jobs=-1)]: Done 4853 tasks      | elapsed: 14.4min
[Parallel(n_jobs=-1)]: Done 5552 out of 5552 | elapsed: 16.5min finished

[2023-07-23 03:04:53] Features: 7/20 -- score: 1.0[Parallel(n_jobs=-1)]: Using backend LokyBackend with 24 concurrent workers.
[Parallel(n_jobs=-1)]: Done 114 tasks      | elapsed:   21.5s
[Parallel(n_jobs=-1)]: Done 317 tasks      | elapsed:   59.4s
[Parallel(n_jobs=-1)]: Done 600 tasks      | elapsed:  1.8min
[Parallel(n_jobs=-1)]: Done 965 tasks      | elapsed:  2.9min
[Parallel(n_jobs=-1)]: Done 1410 tasks      | elapsed:  4.2min
[Parallel(n_jobs=-1)]: Done 1937 tasks      | elapsed:  5.8min
[Parallel(n_jobs=-1)]: Done 2544 tasks      | elapsed:  7.6min
[Parallel(n_jobs=-1)]: Done 3233 tasks      | elapsed:  9.6min
[Parallel(n_jobs=-1)]: Done 4002 tasks      | elapsed: 11.9min
[Parallel(n_jobs=-1)]: Done 4853 tasks      | elapsed: 14.4min
[Parallel(n_jobs=-1)]: Done 5551 out of 5551 | elapsed: 16.5min finished

[2023-07-23 03:21:23] Features: 8/20 -- score: 1.0[Parallel(n_jobs=-1)]: Using backend LokyBackend with 24 concurrent workers.
[Parallel(n_jobs=-1)]: Done 114 tasks      | elapsed:   21.7s
[Parallel(n_jobs=-1)]: Done 317 tasks      | elapsed:   59.3s
[Parallel(n_jobs=-1)]: Done 600 tasks      | elapsed:  1.8min
[Parallel(n_jobs=-1)]: Done 965 tasks      | elapsed:  2.9min
[Parallel(n_jobs=-1)]: Done 1410 tasks      | elapsed:  4.2min
[Parallel(n_jobs=-1)]: Done 1937 tasks      | elapsed:  5.8min
[Parallel(n_jobs=-1)]: Done 2544 tasks      | elapsed:  7.6min
[Parallel(n_jobs=-1)]: Done 3233 tasks      | elapsed:  9.6min
[Parallel(n_jobs=-1)]: Done 4002 tasks      | elapsed: 11.9min
[Parallel(n_jobs=-1)]: Done 4853 tasks      | elapsed: 14.5min
[Parallel(n_jobs=-1)]: Done 5550 out of 5550 | elapsed: 16.5min finished

[2023-07-23 03:37:54] Features: 9/20 -- score: 1.0[Parallel(n_jobs=-1)]: Using backend LokyBackend with 24 concurrent workers.
[Parallel(n_jobs=-1)]: Done 114 tasks      | elapsed:   21.6s
[Parallel(n_jobs=-1)]: Done 317 tasks      | elapsed:   59.5s
[Parallel(n_jobs=-1)]: Done 600 tasks      | elapsed:  1.8min
[Parallel(n_jobs=-1)]: Done 965 tasks      | elapsed:  2.9min
[Parallel(n_jobs=-1)]: Done 1410 tasks      | elapsed:  4.2min
[Parallel(n_jobs=-1)]: Done 1937 tasks      | elapsed:  5.8min
[Parallel(n_jobs=-1)]: Done 2544 tasks      | elapsed:  7.6min
[Parallel(n_jobs=-1)]: Done 3233 tasks      | elapsed:  9.6min
[Parallel(n_jobs=-1)]: Done 4002 tasks      | elapsed: 11.9min
[Parallel(n_jobs=-1)]: Done 4853 tasks      | elapsed: 14.4min
[Parallel(n_jobs=-1)]: Done 5549 out of 5549 | elapsed: 16.5min finished

[2023-07-23 03:54:24] Features: 10/20 -- score: 1.0[Parallel(n_jobs=-1)]: Using backend LokyBackend with 24 concurrent workers.
[Parallel(n_jobs=-1)]: Done 114 tasks      | elapsed:   21.5s
[Parallel(n_jobs=-1)]: Done 317 tasks      | elapsed:   59.7s
[Parallel(n_jobs=-1)]: Done 600 tasks      | elapsed:  1.8min
[Parallel(n_jobs=-1)]: Done 965 tasks      | elapsed:  2.9min
[Parallel(n_jobs=-1)]: Done 1410 tasks      | elapsed:  4.2min
[Parallel(n_jobs=-1)]: Done 1937 tasks      | elapsed:  5.8min
[Parallel(n_jobs=-1)]: Done 2544 tasks      | elapsed:  7.6min
[Parallel(n_jobs=-1)]: Done 3233 tasks      | elapsed:  9.7min
[Parallel(n_jobs=-1)]: Done 4002 tasks      | elapsed: 11.9min
[Parallel(n_jobs=-1)]: Done 4853 tasks      | elapsed: 14.5min
[Parallel(n_jobs=-1)]: Done 5548 out of 5548 | elapsed: 16.5min finished

[2023-07-23 04:10:56] Features: 11/20 -- score: 1.0[Parallel(n_jobs=-1)]: Using backend LokyBackend with 24 concurrent workers.
[Parallel(n_jobs=-1)]: Done 114 tasks      | elapsed:   21.6s
[Parallel(n_jobs=-1)]: Done 317 tasks      | elapsed:   59.6s
[Parallel(n_jobs=-1)]: Done 600 tasks      | elapsed:  1.8min
[Parallel(n_jobs=-1)]: Done 965 tasks      | elapsed:  2.9min
[Parallel(n_jobs=-1)]: Done 1410 tasks      | elapsed:  4.2min
[Parallel(n_jobs=-1)]: Done 1937 tasks      | elapsed:  5.8min
[Parallel(n_jobs=-1)]: Done 2544 tasks      | elapsed:  7.6min
[Parallel(n_jobs=-1)]: Done 3233 tasks      | elapsed:  9.6min
[Parallel(n_jobs=-1)]: Done 4002 tasks      | elapsed: 11.9min
[Parallel(n_jobs=-1)]: Done 4853 tasks      | elapsed: 14.5min
[Parallel(n_jobs=-1)]: Done 5547 out of 5547 | elapsed: 16.5min finished

[2023-07-23 04:27:28] Features: 12/20 -- score: 1.0[Parallel(n_jobs=-1)]: Using backend LokyBackend with 24 concurrent workers.
[Parallel(n_jobs=-1)]: Done 114 tasks      | elapsed:   21.7s
[Parallel(n_jobs=-1)]: Done 317 tasks      | elapsed:   59.6s
[Parallel(n_jobs=-1)]: Done 600 tasks      | elapsed:  1.8min
[Parallel(n_jobs=-1)]: Done 965 tasks      | elapsed:  2.9min
[Parallel(n_jobs=-1)]: Done 1410 tasks      | elapsed:  4.3min
[Parallel(n_jobs=-1)]: Done 1937 tasks      | elapsed:  5.8min
[Parallel(n_jobs=-1)]: Done 2544 tasks      | elapsed:  7.6min
[Parallel(n_jobs=-1)]: Done 3233 tasks      | elapsed:  9.7min
[Parallel(n_jobs=-1)]: Done 4002 tasks      | elapsed: 12.0min
[Parallel(n_jobs=-1)]: Done 4853 tasks      | elapsed: 14.5min
[Parallel(n_jobs=-1)]: Done 5546 out of 5546 | elapsed: 16.6min finished

[2023-07-23 04:44:02] Features: 13/20 -- score: 1.0[Parallel(n_jobs=-1)]: Using backend LokyBackend with 24 concurrent workers.
[Parallel(n_jobs=-1)]: Done 114 tasks      | elapsed:   21.7s
[Parallel(n_jobs=-1)]: Done 317 tasks      | elapsed:   59.7s
[Parallel(n_jobs=-1)]: Done 600 tasks      | elapsed:  1.8min
[Parallel(n_jobs=-1)]: Done 965 tasks      | elapsed:  2.9min
[Parallel(n_jobs=-1)]: Done 1410 tasks      | elapsed:  4.2min
[Parallel(n_jobs=-1)]: Done 1937 tasks      | elapsed:  5.8min
[Parallel(n_jobs=-1)]: Done 2544 tasks      | elapsed:  7.6min
[Parallel(n_jobs=-1)]: Done 3233 tasks      | elapsed:  9.7min
[Parallel(n_jobs=-1)]: Done 4002 tasks      | elapsed: 12.0min
[Parallel(n_jobs=-1)]: Done 4853 tasks      | elapsed: 14.5min
[Parallel(n_jobs=-1)]: Done 5545 out of 5545 | elapsed: 16.6min finished

[2023-07-23 05:00:37] Features: 14/20 -- score: 1.0[Parallel(n_jobs=-1)]: Using backend LokyBackend with 24 concurrent workers.
[Parallel(n_jobs=-1)]: Done 114 tasks      | elapsed:   21.8s
[Parallel(n_jobs=-1)]: Done 317 tasks      | elapsed:   60.0s
[Parallel(n_jobs=-1)]: Done 600 tasks      | elapsed:  1.8min
[Parallel(n_jobs=-1)]: Done 965 tasks      | elapsed:  2.9min
[Parallel(n_jobs=-1)]: Done 1410 tasks      | elapsed:  4.3min
[Parallel(n_jobs=-1)]: Done 1937 tasks      | elapsed:  5.8min
[Parallel(n_jobs=-1)]: Done 2544 tasks      | elapsed:  7.7min
[Parallel(n_jobs=-1)]: Done 3233 tasks      | elapsed:  9.7min
[Parallel(n_jobs=-1)]: Done 4002 tasks      | elapsed: 12.0min
[Parallel(n_jobs=-1)]: Done 4853 tasks      | elapsed: 14.6min
[Parallel(n_jobs=-1)]: Done 5544 out of 5544 | elapsed: 16.6min finished

[2023-07-23 05:17:15] Features: 15/20 -- score: 1.0[Parallel(n_jobs=-1)]: Using backend LokyBackend with 24 concurrent workers.
[Parallel(n_jobs=-1)]: Done 114 tasks      | elapsed:   21.8s
[Parallel(n_jobs=-1)]: Done 317 tasks      | elapsed:  1.0min
[Parallel(n_jobs=-1)]: Done 600 tasks      | elapsed:  1.8min
[Parallel(n_jobs=-1)]: Done 965 tasks      | elapsed:  2.9min
[Parallel(n_jobs=-1)]: Done 1410 tasks      | elapsed:  4.3min
[Parallel(n_jobs=-1)]: Done 1937 tasks      | elapsed:  5.9min
[Parallel(n_jobs=-1)]: Done 2544 tasks      | elapsed:  7.7min
[Parallel(n_jobs=-1)]: Done 3233 tasks      | elapsed:  9.8min
[Parallel(n_jobs=-1)]: Done 4002 tasks      | elapsed: 12.1min
[Parallel(n_jobs=-1)]: Done 4853 tasks      | elapsed: 14.6min
[Parallel(n_jobs=-1)]: Done 5543 out of 5543 | elapsed: 16.7min finished

[2023-07-23 05:33:56] Features: 16/20 -- score: 1.0[Parallel(n_jobs=-1)]: Using backend LokyBackend with 24 concurrent workers.
[Parallel(n_jobs=-1)]: Done 114 tasks      | elapsed:   22.2s
[Parallel(n_jobs=-1)]: Done 317 tasks      | elapsed:  1.0min
[Parallel(n_jobs=-1)]: Done 600 tasks      | elapsed:  1.9min
[Parallel(n_jobs=-1)]: Done 965 tasks      | elapsed:  3.0min
[Parallel(n_jobs=-1)]: Done 1410 tasks      | elapsed:  4.3min
[Parallel(n_jobs=-1)]: Done 1937 tasks      | elapsed:  5.9min
[Parallel(n_jobs=-1)]: Done 2544 tasks      | elapsed:  7.7min
[Parallel(n_jobs=-1)]: Done 3233 tasks      | elapsed:  9.8min
[Parallel(n_jobs=-1)]: Done 4002 tasks      | elapsed: 12.2min
[Parallel(n_jobs=-1)]: Done 4853 tasks      | elapsed: 14.7min
[Parallel(n_jobs=-1)]: Done 5542 out of 5542 | elapsed: 16.8min finished

[2023-07-23 05:50:45] Features: 17/20 -- score: 1.0[Parallel(n_jobs=-1)]: Using backend LokyBackend with 24 concurrent workers.
[Parallel(n_jobs=-1)]: Done 114 tasks      | elapsed:   22.2s
[Parallel(n_jobs=-1)]: Done 317 tasks      | elapsed:  1.0min
[Parallel(n_jobs=-1)]: Done 600 tasks      | elapsed:  1.9min
[Parallel(n_jobs=-1)]: Done 965 tasks      | elapsed:  3.0min
[Parallel(n_jobs=-1)]: Done 1410 tasks      | elapsed:  4.3min
[Parallel(n_jobs=-1)]: Done 1937 tasks      | elapsed:  5.9min
[Parallel(n_jobs=-1)]: Done 2544 tasks      | elapsed:  7.8min
[Parallel(n_jobs=-1)]: Done 3233 tasks      | elapsed:  9.9min
[Parallel(n_jobs=-1)]: Done 4002 tasks      | elapsed: 12.2min
[Parallel(n_jobs=-1)]: Done 4853 tasks      | elapsed: 14.8min
[Parallel(n_jobs=-1)]: Done 5541 out of 5541 | elapsed: 16.9min finished

[2023-07-23 06:07:41] Features: 18/20 -- score: 1.0[Parallel(n_jobs=-1)]: Using backend LokyBackend with 24 concurrent workers.
[Parallel(n_jobs=-1)]: Done 114 tasks      | elapsed:   22.3s
[Parallel(n_jobs=-1)]: Done 317 tasks      | elapsed:  1.0min
[Parallel(n_jobs=-1)]: Done 600 tasks      | elapsed:  1.9min
[Parallel(n_jobs=-1)]: Done 965 tasks      | elapsed:  3.0min
[Parallel(n_jobs=-1)]: Done 1410 tasks      | elapsed:  4.4min
[Parallel(n_jobs=-1)]: Done 1937 tasks      | elapsed:  6.0min
[Parallel(n_jobs=-1)]: Done 2544 tasks      | elapsed:  7.9min
[Parallel(n_jobs=-1)]: Done 3233 tasks      | elapsed: 10.0min
[Parallel(n_jobs=-1)]: Done 4002 tasks      | elapsed: 12.3min
[Parallel(n_jobs=-1)]: Done 4853 tasks      | elapsed: 14.9min
[Parallel(n_jobs=-1)]: Done 5540 out of 5540 | elapsed: 17.0min finished

[2023-07-23 06:24:44] Features: 19/20 -- score: 1.0[Parallel(n_jobs=-1)]: Using backend LokyBackend with 24 concurrent workers.
[Parallel(n_jobs=-1)]: Done 114 tasks      | elapsed:   22.4s
[Parallel(n_jobs=-1)]: Done 317 tasks      | elapsed:  1.0min
[Parallel(n_jobs=-1)]: Done 600 tasks      | elapsed:  1.9min
[Parallel(n_jobs=-1)]: Done 965 tasks      | elapsed:  3.0min
[Parallel(n_jobs=-1)]: Done 1410 tasks      | elapsed:  4.4min
[Parallel(n_jobs=-1)]: Done 1937 tasks      | elapsed:  6.0min
[Parallel(n_jobs=-1)]: Done 2544 tasks      | elapsed:  7.9min
[Parallel(n_jobs=-1)]: Done 3233 tasks      | elapsed: 10.0min
[Parallel(n_jobs=-1)]: Done 4002 tasks      | elapsed: 12.4min
[Parallel(n_jobs=-1)]: Done 4853 tasks      | elapsed: 15.0min
[Parallel(n_jobs=-1)]: Done 5539 out of 5539 | elapsed: 17.1min finished

[2023-07-23 06:41:51] Features: 20/20 -- score: 1.0