[Parallel(n_jobs=-1)]: Using backend LokyBackend with 24 concurrent workers.
[Parallel(n_jobs=-1)]: Done 114 tasks      | elapsed:   36.4s
[Parallel(n_jobs=-1)]: Done 317 tasks      | elapsed:  1.6min
[Parallel(n_jobs=-1)]: Done 600 tasks      | elapsed:  2.9min
[Parallel(n_jobs=-1)]: Done 965 tasks      | elapsed:  4.6min
[Parallel(n_jobs=-1)]: Done 1440 out of 1440 | elapsed:  6.8min finished

[2023-07-29 00:02:21] Features: 1/2 -- score: 1.7894107142857147[Parallel(n_jobs=-1)]: Using backend LokyBackend with 24 concurrent workers.
[Parallel(n_jobs=-1)]: Done 114 tasks      | elapsed:   33.9s
[Parallel(n_jobs=-1)]: Done 317 tasks      | elapsed:  1.6min
[Parallel(n_jobs=-1)]: Done 600 tasks      | elapsed:  2.9min
[Parallel(n_jobs=-1)]: Done 965 tasks      | elapsed:  4.6min
[Parallel(n_jobs=-1)]: Done 1439 out of 1439 | elapsed:  6.8min finished

[2023-07-29 00:09:11] Features: 2/2 -- score: 1.8532857142857146[Parallel(n_jobs=-1)]: Using backend LokyBackend with 24 concurrent workers.
[Parallel(n_jobs=-1)]: Done 114 tasks      | elapsed:   34.1s
[Parallel(n_jobs=-1)]: Done 317 tasks      | elapsed:  1.6min
[Parallel(n_jobs=-1)]: Done 600 tasks      | elapsed:  2.9min
[Parallel(n_jobs=-1)]: Done 965 tasks      | elapsed:  4.6min
[Parallel(n_jobs=-1)]: Done 1440 out of 1440 | elapsed:  6.8min finished

[2023-07-29 00:15:59] Features: 1/3 -- score: 1.7894107142857147[Parallel(n_jobs=-1)]: Using backend LokyBackend with 24 concurrent workers.
[Parallel(n_jobs=-1)]: Done 114 tasks      | elapsed:   34.2s
[Parallel(n_jobs=-1)]: Done 317 tasks      | elapsed:  1.6min
[Parallel(n_jobs=-1)]: Done 600 tasks      | elapsed:  2.9min
[Parallel(n_jobs=-1)]: Done 965 tasks      | elapsed:  4.6min
[Parallel(n_jobs=-1)]: Done 1439 out of 1439 | elapsed:  6.8min finished

[2023-07-29 00:22:48] Features: 2/3 -- score: 1.8532857142857146[Parallel(n_jobs=-1)]: Using backend LokyBackend with 24 concurrent workers.
[Parallel(n_jobs=-1)]: Done 114 tasks      | elapsed:   34.4s
[Parallel(n_jobs=-1)]: Done 317 tasks      | elapsed:  1.6min
[Parallel(n_jobs=-1)]: Done 600 tasks      | elapsed:  2.9min
[Parallel(n_jobs=-1)]: Done 965 tasks      | elapsed:  4.6min
[Parallel(n_jobs=-1)]: Done 1438 out of 1438 | elapsed:  6.8min finished
[Parallel(n_jobs=-1)]: Using backend LokyBackend with 24 concurrent workers.
[Parallel(n_jobs=-1)]: Done   2 out of   2 | elapsed:    5.0s finished

[2023-07-29 00:29:41] Features: 3/3 -- score: 1.8571428571428577[Parallel(n_jobs=-1)]: Using backend LokyBackend with 24 concurrent workers.
[Parallel(n_jobs=-1)]: Done 114 tasks      | elapsed:   34.0s
[Parallel(n_jobs=-1)]: Done 317 tasks      | elapsed:  1.6min
[Parallel(n_jobs=-1)]: Done 600 tasks      | elapsed:  2.9min
[Parallel(n_jobs=-1)]: Done 965 tasks      | elapsed:  4.6min
[Parallel(n_jobs=-1)]: Done 1440 out of 1440 | elapsed:  6.8min finished

[2023-07-29 00:36:30] Features: 1/10 -- score: 1.7894107142857147[Parallel(n_jobs=-1)]: Using backend LokyBackend with 24 concurrent workers.
[Parallel(n_jobs=-1)]: Done 114 tasks      | elapsed:   34.1s
[Parallel(n_jobs=-1)]: Done 317 tasks      | elapsed:  1.6min
[Parallel(n_jobs=-1)]: Done 600 tasks      | elapsed:  2.9min
[Parallel(n_jobs=-1)]: Done 965 tasks      | elapsed:  4.6min
[Parallel(n_jobs=-1)]: Done 1439 out of 1439 | elapsed:  6.8min finished

[2023-07-29 00:43:19] Features: 2/10 -- score: 1.8532857142857146[Parallel(n_jobs=-1)]: Using backend LokyBackend with 24 concurrent workers.
[Parallel(n_jobs=-1)]: Done 114 tasks      | elapsed:   34.2s
[Parallel(n_jobs=-1)]: Done 317 tasks      | elapsed:  1.6min
[Parallel(n_jobs=-1)]: Done 600 tasks      | elapsed:  2.9min
[Parallel(n_jobs=-1)]: Done 965 tasks      | elapsed:  4.6min
[Parallel(n_jobs=-1)]: Done 1438 out of 1438 | elapsed:  6.8min finished
[Parallel(n_jobs=-1)]: Using backend LokyBackend with 24 concurrent workers.
[Parallel(n_jobs=-1)]: Done   2 out of   2 | elapsed:    5.2s finished

[2023-07-29 00:50:13] Features: 3/10 -- score: 1.8571428571428577[Parallel(n_jobs=-1)]: Using backend LokyBackend with 24 concurrent workers.
[Parallel(n_jobs=-1)]: Done 114 tasks      | elapsed:   34.3s
[Parallel(n_jobs=-1)]: Done 317 tasks      | elapsed:  1.6min
[Parallel(n_jobs=-1)]: Done 600 tasks      | elapsed:  2.9min
[Parallel(n_jobs=-1)]: Done 965 tasks      | elapsed:  4.6min
[Parallel(n_jobs=-1)]: Done 1437 out of 1437 | elapsed:  6.8min finished
[Parallel(n_jobs=-1)]: Using backend LokyBackend with 24 concurrent workers.
[Parallel(n_jobs=-1)]: Done   3 out of   3 | elapsed:    5.1s finished

[2023-07-29 00:57:07] Features: 4/10 -- score: 1.8571428571428577[Parallel(n_jobs=-1)]: Using backend LokyBackend with 24 concurrent workers.
[Parallel(n_jobs=-1)]: Done 114 tasks      | elapsed:   34.2s
[Parallel(n_jobs=-1)]: Done 317 tasks      | elapsed:  1.6min
[Parallel(n_jobs=-1)]: Done 600 tasks      | elapsed:  2.9min
[Parallel(n_jobs=-1)]: Done 965 tasks      | elapsed:  4.6min
[Parallel(n_jobs=-1)]: Done 1436 out of 1436 | elapsed:  6.8min finished
[Parallel(n_jobs=-1)]: Using backend LokyBackend with 24 concurrent workers.
[Parallel(n_jobs=-1)]: Done   2 out of   4 | elapsed:    5.1s remaining:    5.1s
[Parallel(n_jobs=-1)]: Done   4 out of   4 | elapsed:    5.3s finished

[2023-07-29 01:04:01] Features: 5/10 -- score: 1.8571428571428577[Parallel(n_jobs=-1)]: Using backend LokyBackend with 24 concurrent workers.
[Parallel(n_jobs=-1)]: Done 114 tasks      | elapsed:   33.9s
[Parallel(n_jobs=-1)]: Done 317 tasks      | elapsed:  1.6min
[Parallel(n_jobs=-1)]: Done 600 tasks      | elapsed:  2.9min
[Parallel(n_jobs=-1)]: Done 965 tasks      | elapsed:  4.6min
[Parallel(n_jobs=-1)]: Done 1435 out of 1435 | elapsed:  6.8min finished
[Parallel(n_jobs=-1)]: Using backend LokyBackend with 24 concurrent workers.
[Parallel(n_jobs=-1)]: Done   3 out of   5 | elapsed:    5.5s remaining:    3.6s
[Parallel(n_jobs=-1)]: Done   5 out of   5 | elapsed:    5.5s finished

[2023-07-29 01:10:54] Features: 6/10 -- score: 1.8571428571428577[Parallel(n_jobs=-1)]: Using backend LokyBackend with 24 concurrent workers.
[Parallel(n_jobs=-1)]: Done 114 tasks      | elapsed:   34.1s
[Parallel(n_jobs=-1)]: Done 317 tasks      | elapsed:  1.6min
[Parallel(n_jobs=-1)]: Done 600 tasks      | elapsed:  2.9min
[Parallel(n_jobs=-1)]: Done 965 tasks      | elapsed:  4.6min
[Parallel(n_jobs=-1)]: Done 1434 out of 1434 | elapsed:  6.8min finished
[Parallel(n_jobs=-1)]: Using backend LokyBackend with 24 concurrent workers.
[Parallel(n_jobs=-1)]: Done   3 out of   6 | elapsed:    5.3s remaining:    5.3s
[Parallel(n_jobs=-1)]: Done   6 out of   6 | elapsed:    5.3s finished

[2023-07-29 01:17:47] Features: 7/10 -- score: 1.8571428571428577[Parallel(n_jobs=-1)]: Using backend LokyBackend with 24 concurrent workers.
[Parallel(n_jobs=-1)]: Done 114 tasks      | elapsed:   34.0s
[Parallel(n_jobs=-1)]: Done 317 tasks      | elapsed:  1.6min
[Parallel(n_jobs=-1)]: Done 600 tasks      | elapsed:  2.9min
[Parallel(n_jobs=-1)]: Done 965 tasks      | elapsed:  4.6min
[Parallel(n_jobs=-1)]: Done 1433 out of 1433 | elapsed:  6.8min finished
[Parallel(n_jobs=-1)]: Using backend LokyBackend with 24 concurrent workers.
[Parallel(n_jobs=-1)]: Done   4 out of   7 | elapsed:    5.4s remaining:    4.1s
[Parallel(n_jobs=-1)]: Done   7 out of   7 | elapsed:    5.5s finished

[2023-07-29 01:24:40] Features: 8/10 -- score: 1.8571428571428577[Parallel(n_jobs=-1)]: Using backend LokyBackend with 24 concurrent workers.
[Parallel(n_jobs=-1)]: Done 114 tasks      | elapsed:   34.2s
[Parallel(n_jobs=-1)]: Done 317 tasks      | elapsed:  1.6min
[Parallel(n_jobs=-1)]: Done 600 tasks      | elapsed:  2.9min
[Parallel(n_jobs=-1)]: Done 965 tasks      | elapsed:  4.6min
[Parallel(n_jobs=-1)]: Done 1432 out of 1432 | elapsed:  6.8min finished
[Parallel(n_jobs=-1)]: Using backend LokyBackend with 24 concurrent workers.
[Parallel(n_jobs=-1)]: Done   6 out of   8 | elapsed:    5.5s remaining:    1.8s
[Parallel(n_jobs=-1)]: Done   8 out of   8 | elapsed:    5.6s finished

[2023-07-29 01:31:33] Features: 9/10 -- score: 1.8571428571428577[Parallel(n_jobs=-1)]: Using backend LokyBackend with 24 concurrent workers.
[Parallel(n_jobs=-1)]: Done 114 tasks      | elapsed:   34.1s
[Parallel(n_jobs=-1)]: Done 317 tasks      | elapsed:  1.6min
[Parallel(n_jobs=-1)]: Done 600 tasks      | elapsed:  2.9min
[Parallel(n_jobs=-1)]: Done 965 tasks      | elapsed:  4.6min
[Parallel(n_jobs=-1)]: Done 1431 out of 1431 | elapsed:  6.8min finished
[Parallel(n_jobs=-1)]: Using backend LokyBackend with 24 concurrent workers.
[Parallel(n_jobs=-1)]: Done   2 out of   9 | elapsed:    5.7s remaining:   19.9s
[Parallel(n_jobs=-1)]: Done   7 out of   9 | elapsed:    5.7s remaining:    1.6s
[Parallel(n_jobs=-1)]: Done   9 out of   9 | elapsed:    6.0s finished

[2023-07-29 01:38:26] Features: 10/10 -- score: 1.8571428571428577[Parallel(n_jobs=-1)]: Using backend LokyBackend with 24 concurrent workers.
[Parallel(n_jobs=-1)]: Done 114 tasks      | elapsed:   33.5s
[Parallel(n_jobs=-1)]: Done 317 tasks      | elapsed:  1.5min
[Parallel(n_jobs=-1)]: Done 600 tasks      | elapsed:  2.9min
[Parallel(n_jobs=-1)]: Done 965 tasks      | elapsed:  4.5min
[Parallel(n_jobs=-1)]: Done 1440 out of 1440 | elapsed:  6.7min finished

[2023-07-29 01:45:09] Features: 1/2 -- score: 1.7894107142857147[Parallel(n_jobs=-1)]: Using backend LokyBackend with 24 concurrent workers.
[Parallel(n_jobs=-1)]: Done 114 tasks      | elapsed:   33.7s
[Parallel(n_jobs=-1)]: Done 317 tasks      | elapsed:  1.6min
[Parallel(n_jobs=-1)]: Done 600 tasks      | elapsed:  2.9min
[Parallel(n_jobs=-1)]: Done 965 tasks      | elapsed:  4.5min
[Parallel(n_jobs=-1)]: Done 1439 out of 1439 | elapsed:  6.7min finished

[2023-07-29 01:51:53] Features: 2/2 -- score: 1.8532857142857146[Parallel(n_jobs=-1)]: Using backend LokyBackend with 24 concurrent workers.
[Parallel(n_jobs=-1)]: Done 114 tasks      | elapsed:   33.8s
[Parallel(n_jobs=-1)]: Done 317 tasks      | elapsed:  1.5min
[Parallel(n_jobs=-1)]: Done 600 tasks      | elapsed:  2.9min
[Parallel(n_jobs=-1)]: Done 965 tasks      | elapsed:  4.5min
[Parallel(n_jobs=-1)]: Done 1440 out of 1440 | elapsed:  6.7min finished

[2023-07-29 01:58:36] Features: 1/3 -- score: 1.7894107142857147[Parallel(n_jobs=-1)]: Using backend LokyBackend with 24 concurrent workers.
[Parallel(n_jobs=-1)]: Done 114 tasks      | elapsed:   33.6s
[Parallel(n_jobs=-1)]: Done 317 tasks      | elapsed:  1.6min
[Parallel(n_jobs=-1)]: Done 600 tasks      | elapsed:  2.9min
[Parallel(n_jobs=-1)]: Done 965 tasks      | elapsed:  4.6min
[Parallel(n_jobs=-1)]: Done 1439 out of 1439 | elapsed:  6.7min finished

[2023-07-29 02:05:20] Features: 2/3 -- score: 1.8532857142857146[Parallel(n_jobs=-1)]: Using backend LokyBackend with 24 concurrent workers.
[Parallel(n_jobs=-1)]: Done 114 tasks      | elapsed:   33.8s
[Parallel(n_jobs=-1)]: Done 317 tasks      | elapsed:  1.6min
[Parallel(n_jobs=-1)]: Done 600 tasks      | elapsed:  2.9min
[Parallel(n_jobs=-1)]: Done 965 tasks      | elapsed:  4.6min
[Parallel(n_jobs=-1)]: Done 1438 out of 1438 | elapsed:  6.7min finished
[Parallel(n_jobs=-1)]: Using backend LokyBackend with 24 concurrent workers.
[Parallel(n_jobs=-1)]: Done   2 out of   2 | elapsed:    5.0s finished

[2023-07-29 02:12:08] Features: 3/3 -- score: 1.8571428571428577[Parallel(n_jobs=-1)]: Using backend LokyBackend with 24 concurrent workers.
[Parallel(n_jobs=-1)]: Done 114 tasks      | elapsed:   33.7s
[Parallel(n_jobs=-1)]: Done 317 tasks      | elapsed:  1.6min
[Parallel(n_jobs=-1)]: Done 600 tasks      | elapsed:  2.9min
[Parallel(n_jobs=-1)]: Done 965 tasks      | elapsed:  4.6min
[Parallel(n_jobs=-1)]: Done 1440 out of 1440 | elapsed:  6.7min finished

[2023-07-29 02:18:53] Features: 1/10 -- score: 1.7894107142857147[Parallel(n_jobs=-1)]: Using backend LokyBackend with 24 concurrent workers.
[Parallel(n_jobs=-1)]: Done 114 tasks      | elapsed:   33.6s
[Parallel(n_jobs=-1)]: Done 317 tasks      | elapsed:  1.6min
[Parallel(n_jobs=-1)]: Done 600 tasks      | elapsed:  2.9min
[Parallel(n_jobs=-1)]: Done 965 tasks      | elapsed:  4.6min
[Parallel(n_jobs=-1)]: Done 1439 out of 1439 | elapsed:  6.7min finished

[2023-07-29 02:25:36] Features: 2/10 -- score: 1.8532857142857146[Parallel(n_jobs=-1)]: Using backend LokyBackend with 24 concurrent workers.
[Parallel(n_jobs=-1)]: Done 114 tasks      | elapsed:   33.8s
[Parallel(n_jobs=-1)]: Done 317 tasks      | elapsed:  1.6min
[Parallel(n_jobs=-1)]: Done 600 tasks      | elapsed:  2.9min
[Parallel(n_jobs=-1)]: Done 965 tasks      | elapsed:  4.6min
[Parallel(n_jobs=-1)]: Done 1438 out of 1438 | elapsed:  6.7min finished
[Parallel(n_jobs=-1)]: Using backend LokyBackend with 24 concurrent workers.
[Parallel(n_jobs=-1)]: Done   2 out of   2 | elapsed:    5.1s finished

[2023-07-29 02:32:26] Features: 3/10 -- score: 1.8571428571428577[Parallel(n_jobs=-1)]: Using backend LokyBackend with 24 concurrent workers.
[Parallel(n_jobs=-1)]: Done 114 tasks      | elapsed:   33.6s
[Parallel(n_jobs=-1)]: Done 317 tasks      | elapsed:  1.6min
[Parallel(n_jobs=-1)]: Done 600 tasks      | elapsed:  2.9min
[Parallel(n_jobs=-1)]: Done 965 tasks      | elapsed:  4.6min
[Parallel(n_jobs=-1)]: Done 1437 out of 1437 | elapsed:  6.7min finished
[Parallel(n_jobs=-1)]: Using backend LokyBackend with 24 concurrent workers.
[Parallel(n_jobs=-1)]: Done   3 out of   3 | elapsed:    5.1s finished

[2023-07-29 02:39:15] Features: 4/10 -- score: 1.8571428571428577[Parallel(n_jobs=-1)]: Using backend LokyBackend with 24 concurrent workers.
[Parallel(n_jobs=-1)]: Done 114 tasks      | elapsed:   33.7s
[Parallel(n_jobs=-1)]: Done 317 tasks      | elapsed:  1.6min
[Parallel(n_jobs=-1)]: Done 600 tasks      | elapsed:  2.8min
[Parallel(n_jobs=-1)]: Done 965 tasks      | elapsed:  4.6min
[Parallel(n_jobs=-1)]: Done 1436 out of 1436 | elapsed:  6.7min finished
[Parallel(n_jobs=-1)]: Using backend LokyBackend with 24 concurrent workers.
[Parallel(n_jobs=-1)]: Done   2 out of   4 | elapsed:    5.1s remaining:    5.1s
[Parallel(n_jobs=-1)]: Done   4 out of   4 | elapsed:    5.1s finished

[2023-07-29 02:46:04] Features: 5/10 -- score: 1.8571428571428577[Parallel(n_jobs=-1)]: Using backend LokyBackend with 24 concurrent workers.
[Parallel(n_jobs=-1)]: Done 114 tasks      | elapsed:   33.7s
[Parallel(n_jobs=-1)]: Done 317 tasks      | elapsed:  1.6min
[Parallel(n_jobs=-1)]: Done 600 tasks      | elapsed:  2.9min
[Parallel(n_jobs=-1)]: Done 965 tasks      | elapsed:  4.6min
[Parallel(n_jobs=-1)]: Done 1435 out of 1435 | elapsed:  6.7min finished
[Parallel(n_jobs=-1)]: Using backend LokyBackend with 24 concurrent workers.
[Parallel(n_jobs=-1)]: Done   3 out of   5 | elapsed:    5.2s remaining:    3.4s
[Parallel(n_jobs=-1)]: Done   5 out of   5 | elapsed:    5.4s finished

[2023-07-29 02:52:53] Features: 6/10 -- score: 1.8571428571428577[Parallel(n_jobs=-1)]: Using backend LokyBackend with 24 concurrent workers.
[Parallel(n_jobs=-1)]: Done 114 tasks      | elapsed:   33.6s
[Parallel(n_jobs=-1)]: Done 317 tasks      | elapsed:  1.6min
[Parallel(n_jobs=-1)]: Done 600 tasks      | elapsed:  2.9min
[Parallel(n_jobs=-1)]: Done 965 tasks      | elapsed:  4.6min
[Parallel(n_jobs=-1)]: Done 1434 out of 1434 | elapsed:  6.7min finished
[Parallel(n_jobs=-1)]: Using backend LokyBackend with 24 concurrent workers.
[Parallel(n_jobs=-1)]: Done   3 out of   6 | elapsed:    5.2s remaining:    5.2s
[Parallel(n_jobs=-1)]: Done   6 out of   6 | elapsed:    5.3s finished

[2023-07-29 02:59:42] Features: 7/10 -- score: 1.8571428571428577[Parallel(n_jobs=-1)]: Using backend LokyBackend with 24 concurrent workers.
[Parallel(n_jobs=-1)]: Done 114 tasks      | elapsed:   33.7s
[Parallel(n_jobs=-1)]: Done 317 tasks      | elapsed:  1.6min
[Parallel(n_jobs=-1)]: Done 600 tasks      | elapsed:  2.9min
[Parallel(n_jobs=-1)]: Done 965 tasks      | elapsed:  4.6min
[Parallel(n_jobs=-1)]: Done 1433 out of 1433 | elapsed:  6.7min finished
[Parallel(n_jobs=-1)]: Using backend LokyBackend with 24 concurrent workers.
[Parallel(n_jobs=-1)]: Done   4 out of   7 | elapsed:    5.3s remaining:    4.0s
[Parallel(n_jobs=-1)]: Done   7 out of   7 | elapsed:    5.5s finished

[2023-07-29 03:06:31] Features: 8/10 -- score: 1.8571428571428577[Parallel(n_jobs=-1)]: Using backend LokyBackend with 24 concurrent workers.
[Parallel(n_jobs=-1)]: Done 114 tasks      | elapsed:   33.7s
[Parallel(n_jobs=-1)]: Done 317 tasks      | elapsed:  1.6min
[Parallel(n_jobs=-1)]: Done 600 tasks      | elapsed:  2.9min
[Parallel(n_jobs=-1)]: Done 965 tasks      | elapsed:  4.6min
[Parallel(n_jobs=-1)]: Done 1432 out of 1432 | elapsed:  6.7min finished
[Parallel(n_jobs=-1)]: Using backend LokyBackend with 24 concurrent workers.
[Parallel(n_jobs=-1)]: Done   6 out of   8 | elapsed:    5.6s remaining:    1.9s
[Parallel(n_jobs=-1)]: Done   8 out of   8 | elapsed:    5.6s finished

[2023-07-29 03:13:18] Features: 9/10 -- score: 1.8571428571428577[Parallel(n_jobs=-1)]: Using backend LokyBackend with 24 concurrent workers.
[Parallel(n_jobs=-1)]: Done 114 tasks      | elapsed:   34.0s
[Parallel(n_jobs=-1)]: Done 317 tasks      | elapsed:  1.6min
[Parallel(n_jobs=-1)]: Done 600 tasks      | elapsed:  2.9min
[Parallel(n_jobs=-1)]: Done 965 tasks      | elapsed:  4.6min
[Parallel(n_jobs=-1)]: Done 1431 out of 1431 | elapsed:  6.7min finished
[Parallel(n_jobs=-1)]: Using backend LokyBackend with 24 concurrent workers.
[Parallel(n_jobs=-1)]: Done   2 out of   9 | elapsed:    5.5s remaining:   19.4s
[Parallel(n_jobs=-1)]: Done   7 out of   9 | elapsed:    5.7s remaining:    1.6s
[Parallel(n_jobs=-1)]: Done   9 out of   9 | elapsed:    6.0s finished

[2023-07-29 03:20:08] Features: 10/10 -- score: 1.8571428571428577