[Parallel(n_jobs=-1)]: Using backend LokyBackend with 24 concurrent workers.
[Parallel(n_jobs=-1)]: Done 114 tasks      | elapsed:   36.1s
[Parallel(n_jobs=-1)]: Done 317 tasks      | elapsed:  1.6min
[Parallel(n_jobs=-1)]: Done 600 tasks      | elapsed:  2.9min
[Parallel(n_jobs=-1)]: Done 965 tasks      | elapsed:  4.6min
[Parallel(n_jobs=-1)]: Done 1440 out of 1440 | elapsed:  6.8min finished

[2023-07-28 04:20:32] Features: 1/2 -- score: 1.7894107142857147[Parallel(n_jobs=-1)]: Using backend LokyBackend with 24 concurrent workers.
[Parallel(n_jobs=-1)]: Done 114 tasks      | elapsed:   34.0s
[Parallel(n_jobs=-1)]: Done 317 tasks      | elapsed:  1.6min
[Parallel(n_jobs=-1)]: Done 600 tasks      | elapsed:  2.9min
[Parallel(n_jobs=-1)]: Done 965 tasks      | elapsed:  4.6min
[Parallel(n_jobs=-1)]: Done 1439 out of 1439 | elapsed:  6.8min finished

[2023-07-28 04:27:18] Features: 2/2 -- score: 1.8532857142857146[Parallel(n_jobs=-1)]: Using backend LokyBackend with 24 concurrent workers.
[Parallel(n_jobs=-1)]: Done 114 tasks      | elapsed:   33.6s
[Parallel(n_jobs=-1)]: Done 317 tasks      | elapsed:  1.6min
[Parallel(n_jobs=-1)]: Done 600 tasks      | elapsed:  2.9min
[Parallel(n_jobs=-1)]: Done 965 tasks      | elapsed:  4.6min
[Parallel(n_jobs=-1)]: Done 1440 out of 1440 | elapsed:  6.7min finished

[2023-07-28 04:34:03] Features: 1/3 -- score: 1.7894107142857147[Parallel(n_jobs=-1)]: Using backend LokyBackend with 24 concurrent workers.
[Parallel(n_jobs=-1)]: Done 114 tasks      | elapsed:   33.6s
[Parallel(n_jobs=-1)]: Done 317 tasks      | elapsed:  1.6min
[Parallel(n_jobs=-1)]: Done 600 tasks      | elapsed:  2.9min
[Parallel(n_jobs=-1)]: Done 965 tasks      | elapsed:  4.6min
[Parallel(n_jobs=-1)]: Done 1439 out of 1439 | elapsed:  6.8min finished

[2023-07-28 04:40:48] Features: 2/3 -- score: 1.8532857142857146[Parallel(n_jobs=-1)]: Using backend LokyBackend with 24 concurrent workers.
[Parallel(n_jobs=-1)]: Done 114 tasks      | elapsed:   33.9s
[Parallel(n_jobs=-1)]: Done 317 tasks      | elapsed:  1.6min
[Parallel(n_jobs=-1)]: Done 600 tasks      | elapsed:  2.9min
[Parallel(n_jobs=-1)]: Done 965 tasks      | elapsed:  4.5min
[Parallel(n_jobs=-1)]: Done 1438 out of 1438 | elapsed:  6.7min finished

[2023-07-28 04:47:32] Features: 3/3 -- score: 1.8571428571428577[Parallel(n_jobs=-1)]: Using backend LokyBackend with 24 concurrent workers.
[Parallel(n_jobs=-1)]: Done 114 tasks      | elapsed:   33.9s
[Parallel(n_jobs=-1)]: Done 317 tasks      | elapsed:  1.6min
[Parallel(n_jobs=-1)]: Done 600 tasks      | elapsed:  2.9min
[Parallel(n_jobs=-1)]: Done 965 tasks      | elapsed:  4.6min
[Parallel(n_jobs=-1)]: Done 1440 out of 1440 | elapsed:  6.7min finished

[2023-07-28 04:54:17] Features: 1/10 -- score: 1.7894107142857147[Parallel(n_jobs=-1)]: Using backend LokyBackend with 24 concurrent workers.
[Parallel(n_jobs=-1)]: Done 114 tasks      | elapsed:   33.7s
[Parallel(n_jobs=-1)]: Done 317 tasks      | elapsed:  1.6min
[Parallel(n_jobs=-1)]: Done 600 tasks      | elapsed:  2.9min
[Parallel(n_jobs=-1)]: Done 965 tasks      | elapsed:  4.6min
[Parallel(n_jobs=-1)]: Done 1439 out of 1439 | elapsed:  6.7min finished

[2023-07-28 05:01:01] Features: 2/10 -- score: 1.8532857142857146[Parallel(n_jobs=-1)]: Using backend LokyBackend with 24 concurrent workers.
[Parallel(n_jobs=-1)]: Done 114 tasks      | elapsed:   33.7s
[Parallel(n_jobs=-1)]: Done 317 tasks      | elapsed:  1.6min
[Parallel(n_jobs=-1)]: Done 600 tasks      | elapsed:  2.9min
[Parallel(n_jobs=-1)]: Done 965 tasks      | elapsed:  4.5min
[Parallel(n_jobs=-1)]: Done 1438 out of 1438 | elapsed:  6.7min finished

[2023-07-28 05:07:45] Features: 3/10 -- score: 1.8571428571428577[Parallel(n_jobs=-1)]: Using backend LokyBackend with 24 concurrent workers.
[Parallel(n_jobs=-1)]: Done 114 tasks      | elapsed:   33.7s
[Parallel(n_jobs=-1)]: Done 317 tasks      | elapsed:  1.5min
[Parallel(n_jobs=-1)]: Done 600 tasks      | elapsed:  2.9min
[Parallel(n_jobs=-1)]: Done 965 tasks      | elapsed:  4.5min
[Parallel(n_jobs=-1)]: Done 1437 out of 1437 | elapsed:  6.7min finished

[2023-07-28 05:14:27] Features: 4/10 -- score: 1.8571428571428577[Parallel(n_jobs=-1)]: Using backend LokyBackend with 24 concurrent workers.
[Parallel(n_jobs=-1)]: Done 114 tasks      | elapsed:   33.7s
[Parallel(n_jobs=-1)]: Done 317 tasks      | elapsed:  1.6min
[Parallel(n_jobs=-1)]: Done 600 tasks      | elapsed:  2.9min
[Parallel(n_jobs=-1)]: Done 965 tasks      | elapsed:  4.6min
[Parallel(n_jobs=-1)]: Done 1436 out of 1436 | elapsed:  6.7min finished

[2023-07-28 05:21:10] Features: 5/10 -- score: 1.8571428571428577[Parallel(n_jobs=-1)]: Using backend LokyBackend with 24 concurrent workers.
[Parallel(n_jobs=-1)]: Done 114 tasks      | elapsed:   33.5s
[Parallel(n_jobs=-1)]: Done 317 tasks      | elapsed:  1.5min
[Parallel(n_jobs=-1)]: Done 600 tasks      | elapsed:  2.9min
[Parallel(n_jobs=-1)]: Done 965 tasks      | elapsed:  4.6min
[Parallel(n_jobs=-1)]: Done 1435 out of 1435 | elapsed:  6.7min finished

[2023-07-28 05:27:53] Features: 6/10 -- score: 1.8571428571428577[Parallel(n_jobs=-1)]: Using backend LokyBackend with 24 concurrent workers.
[Parallel(n_jobs=-1)]: Done 114 tasks      | elapsed:   33.6s
[Parallel(n_jobs=-1)]: Done 317 tasks      | elapsed:  1.6min
[Parallel(n_jobs=-1)]: Done 600 tasks      | elapsed:  2.8min
[Parallel(n_jobs=-1)]: Done 965 tasks      | elapsed:  4.6min
[Parallel(n_jobs=-1)]: Done 1434 out of 1434 | elapsed:  6.7min finished

[2023-07-28 05:34:35] Features: 7/10 -- score: 1.8571428571428577[Parallel(n_jobs=-1)]: Using backend LokyBackend with 24 concurrent workers.
[Parallel(n_jobs=-1)]: Done 114 tasks      | elapsed:   34.0s
[Parallel(n_jobs=-1)]: Done 317 tasks      | elapsed:  1.6min
[Parallel(n_jobs=-1)]: Done 600 tasks      | elapsed:  2.9min
[Parallel(n_jobs=-1)]: Done 965 tasks      | elapsed:  4.6min
[Parallel(n_jobs=-1)]: Done 1433 out of 1433 | elapsed:  6.7min finished

[2023-07-28 05:41:18] Features: 8/10 -- score: 1.8571428571428577[Parallel(n_jobs=-1)]: Using backend LokyBackend with 24 concurrent workers.
[Parallel(n_jobs=-1)]: Done 114 tasks      | elapsed:   33.6s
[Parallel(n_jobs=-1)]: Done 317 tasks      | elapsed:  1.6min
[Parallel(n_jobs=-1)]: Done 600 tasks      | elapsed:  2.9min
[Parallel(n_jobs=-1)]: Done 965 tasks      | elapsed:  4.6min
[Parallel(n_jobs=-1)]: Done 1432 out of 1432 | elapsed:  6.7min finished

[2023-07-28 05:48:00] Features: 9/10 -- score: 1.8571428571428577[Parallel(n_jobs=-1)]: Using backend LokyBackend with 24 concurrent workers.
[Parallel(n_jobs=-1)]: Done 114 tasks      | elapsed:   33.7s
[Parallel(n_jobs=-1)]: Done 317 tasks      | elapsed:  1.6min
[Parallel(n_jobs=-1)]: Done 600 tasks      | elapsed:  2.9min
[Parallel(n_jobs=-1)]: Done 965 tasks      | elapsed:  4.6min
[Parallel(n_jobs=-1)]: Done 1431 out of 1431 | elapsed:  6.7min finished

[2023-07-28 05:54:43] Features: 10/10 -- score: 1.8571428571428577[Parallel(n_jobs=-1)]: Using backend LokyBackend with 24 concurrent workers.
[Parallel(n_jobs=-1)]: Done 114 tasks      | elapsed:   33.0s
[Parallel(n_jobs=-1)]: Done 317 tasks      | elapsed:  1.5min
[Parallel(n_jobs=-1)]: Done 600 tasks      | elapsed:  2.8min
[Parallel(n_jobs=-1)]: Done 965 tasks      | elapsed:  4.5min
[Parallel(n_jobs=-1)]: Done 1440 out of 1440 | elapsed:  6.6min finished

[2023-07-28 06:01:21] Features: 1/2 -- score: 1.7894107142857147[Parallel(n_jobs=-1)]: Using backend LokyBackend with 24 concurrent workers.
[Parallel(n_jobs=-1)]: Done 114 tasks      | elapsed:   33.2s
[Parallel(n_jobs=-1)]: Done 317 tasks      | elapsed:  1.5min
[Parallel(n_jobs=-1)]: Done 600 tasks      | elapsed:  2.8min
[Parallel(n_jobs=-1)]: Done 965 tasks      | elapsed:  4.5min
[Parallel(n_jobs=-1)]: Done 1439 out of 1439 | elapsed:  6.6min finished

[2023-07-28 06:08:00] Features: 2/2 -- score: 1.8532857142857146[Parallel(n_jobs=-1)]: Using backend LokyBackend with 24 concurrent workers.
[Parallel(n_jobs=-1)]: Done 114 tasks      | elapsed:   33.1s
[Parallel(n_jobs=-1)]: Done 317 tasks      | elapsed:  1.5min
[Parallel(n_jobs=-1)]: Done 600 tasks      | elapsed:  2.8min
[Parallel(n_jobs=-1)]: Done 965 tasks      | elapsed:  4.5min
[Parallel(n_jobs=-1)]: Done 1440 out of 1440 | elapsed:  6.7min finished

[2023-07-28 06:14:39] Features: 1/3 -- score: 1.7894107142857147[Parallel(n_jobs=-1)]: Using backend LokyBackend with 24 concurrent workers.
[Parallel(n_jobs=-1)]: Done 114 tasks      | elapsed:   33.3s
[Parallel(n_jobs=-1)]: Done 317 tasks      | elapsed:  1.5min
[Parallel(n_jobs=-1)]: Done 600 tasks      | elapsed:  2.8min
[Parallel(n_jobs=-1)]: Done 965 tasks      | elapsed:  4.5min
[Parallel(n_jobs=-1)]: Done 1439 out of 1439 | elapsed:  6.7min finished

[2023-07-28 06:21:18] Features: 2/3 -- score: 1.8532857142857146[Parallel(n_jobs=-1)]: Using backend LokyBackend with 24 concurrent workers.
[Parallel(n_jobs=-1)]: Done 114 tasks      | elapsed:   33.2s
[Parallel(n_jobs=-1)]: Done 317 tasks      | elapsed:  1.5min
[Parallel(n_jobs=-1)]: Done 600 tasks      | elapsed:  2.8min
[Parallel(n_jobs=-1)]: Done 965 tasks      | elapsed:  4.5min
[Parallel(n_jobs=-1)]: Done 1438 out of 1438 | elapsed:  6.6min finished

[2023-07-28 06:27:57] Features: 3/3 -- score: 1.8571428571428577[Parallel(n_jobs=-1)]: Using backend LokyBackend with 24 concurrent workers.
[Parallel(n_jobs=-1)]: Done 114 tasks      | elapsed:   33.1s
[Parallel(n_jobs=-1)]: Done 317 tasks      | elapsed:  1.5min
[Parallel(n_jobs=-1)]: Done 600 tasks      | elapsed:  2.8min
[Parallel(n_jobs=-1)]: Done 965 tasks      | elapsed:  4.5min
[Parallel(n_jobs=-1)]: Done 1440 out of 1440 | elapsed:  6.6min finished

[2023-07-28 06:34:36] Features: 1/10 -- score: 1.7894107142857147[Parallel(n_jobs=-1)]: Using backend LokyBackend with 24 concurrent workers.
[Parallel(n_jobs=-1)]: Done 114 tasks      | elapsed:   33.1s
[Parallel(n_jobs=-1)]: Done 317 tasks      | elapsed:  1.5min
[Parallel(n_jobs=-1)]: Done 600 tasks      | elapsed:  2.8min
[Parallel(n_jobs=-1)]: Done 965 tasks      | elapsed:  4.5min
[Parallel(n_jobs=-1)]: Done 1439 out of 1439 | elapsed:  6.7min finished

[2023-07-28 06:41:16] Features: 2/10 -- score: 1.8532857142857146[Parallel(n_jobs=-1)]: Using backend LokyBackend with 24 concurrent workers.
[Parallel(n_jobs=-1)]: Done 114 tasks      | elapsed:   33.3s
[Parallel(n_jobs=-1)]: Done 317 tasks      | elapsed:  1.5min
[Parallel(n_jobs=-1)]: Done 600 tasks      | elapsed:  2.8min
[Parallel(n_jobs=-1)]: Done 965 tasks      | elapsed:  4.5min
[Parallel(n_jobs=-1)]: Done 1438 out of 1438 | elapsed:  6.6min finished

[2023-07-28 06:47:55] Features: 3/10 -- score: 1.8571428571428577[Parallel(n_jobs=-1)]: Using backend LokyBackend with 24 concurrent workers.
[Parallel(n_jobs=-1)]: Done 114 tasks      | elapsed:   33.5s
[Parallel(n_jobs=-1)]: Done 317 tasks      | elapsed:  1.5min
[Parallel(n_jobs=-1)]: Done 600 tasks      | elapsed:  2.8min
[Parallel(n_jobs=-1)]: Done 965 tasks      | elapsed:  4.5min
[Parallel(n_jobs=-1)]: Done 1437 out of 1437 | elapsed:  6.6min finished

[2023-07-28 06:54:33] Features: 4/10 -- score: 1.8571428571428577[Parallel(n_jobs=-1)]: Using backend LokyBackend with 24 concurrent workers.
[Parallel(n_jobs=-1)]: Done 114 tasks      | elapsed:   33.2s
[Parallel(n_jobs=-1)]: Done 317 tasks      | elapsed:  1.5min
[Parallel(n_jobs=-1)]: Done 600 tasks      | elapsed:  2.8min
[Parallel(n_jobs=-1)]: Done 965 tasks      | elapsed:  4.5min
[Parallel(n_jobs=-1)]: Done 1436 out of 1436 | elapsed:  6.6min finished

[2023-07-28 07:01:11] Features: 5/10 -- score: 1.8571428571428577[Parallel(n_jobs=-1)]: Using backend LokyBackend with 24 concurrent workers.
[Parallel(n_jobs=-1)]: Done 114 tasks      | elapsed:   33.2s
[Parallel(n_jobs=-1)]: Done 317 tasks      | elapsed:  1.5min
[Parallel(n_jobs=-1)]: Done 600 tasks      | elapsed:  2.8min
[Parallel(n_jobs=-1)]: Done 965 tasks      | elapsed:  4.5min
[Parallel(n_jobs=-1)]: Done 1435 out of 1435 | elapsed:  6.6min finished

[2023-07-28 07:07:49] Features: 6/10 -- score: 1.8571428571428577[Parallel(n_jobs=-1)]: Using backend LokyBackend with 24 concurrent workers.
[Parallel(n_jobs=-1)]: Done 114 tasks      | elapsed:   33.4s
[Parallel(n_jobs=-1)]: Done 317 tasks      | elapsed:  1.5min
[Parallel(n_jobs=-1)]: Done 600 tasks      | elapsed:  2.8min
[Parallel(n_jobs=-1)]: Done 965 tasks      | elapsed:  4.5min
[Parallel(n_jobs=-1)]: Done 1434 out of 1434 | elapsed:  6.6min finished

[2023-07-28 07:14:28] Features: 7/10 -- score: 1.8571428571428577[Parallel(n_jobs=-1)]: Using backend LokyBackend with 24 concurrent workers.
[Parallel(n_jobs=-1)]: Done 114 tasks      | elapsed:   33.3s
[Parallel(n_jobs=-1)]: Done 317 tasks      | elapsed:  1.5min
[Parallel(n_jobs=-1)]: Done 600 tasks      | elapsed:  2.8min
[Parallel(n_jobs=-1)]: Done 965 tasks      | elapsed:  4.5min
[Parallel(n_jobs=-1)]: Done 1433 out of 1433 | elapsed:  6.6min finished

[2023-07-28 07:21:06] Features: 8/10 -- score: 1.8571428571428577[Parallel(n_jobs=-1)]: Using backend LokyBackend with 24 concurrent workers.
[Parallel(n_jobs=-1)]: Done 114 tasks      | elapsed:   33.5s
[Parallel(n_jobs=-1)]: Done 317 tasks      | elapsed:  1.5min
[Parallel(n_jobs=-1)]: Done 600 tasks      | elapsed:  2.8min
[Parallel(n_jobs=-1)]: Done 965 tasks      | elapsed:  4.5min
[Parallel(n_jobs=-1)]: Done 1432 out of 1432 | elapsed:  6.6min finished

[2023-07-28 07:27:43] Features: 9/10 -- score: 1.8571428571428577[Parallel(n_jobs=-1)]: Using backend LokyBackend with 24 concurrent workers.
[Parallel(n_jobs=-1)]: Done 114 tasks      | elapsed:   33.2s
[Parallel(n_jobs=-1)]: Done 317 tasks      | elapsed:  1.5min
[Parallel(n_jobs=-1)]: Done 600 tasks      | elapsed:  2.8min
[Parallel(n_jobs=-1)]: Done 965 tasks      | elapsed:  4.5min
[Parallel(n_jobs=-1)]: Done 1431 out of 1431 | elapsed:  6.6min finished

[2023-07-28 07:34:21] Features: 10/10 -- score: 1.8571428571428577