[Parallel(n_jobs=-1)]: Using backend LokyBackend with 24 concurrent workers.
[Parallel(n_jobs=-1)]: Done 114 tasks      | elapsed:   23.8s
[Parallel(n_jobs=-1)]: Done 317 tasks      | elapsed:  1.0min
[Parallel(n_jobs=-1)]: Done 600 tasks      | elapsed:  1.9min
[Parallel(n_jobs=-1)]: Done 965 tasks      | elapsed:  3.0min
[Parallel(n_jobs=-1)]: Done 1410 tasks      | elapsed:  4.4min
[Parallel(n_jobs=-1)]: Done 1937 tasks      | elapsed:  6.0min
[Parallel(n_jobs=-1)]: Done 2544 tasks      | elapsed:  7.8min
[Parallel(n_jobs=-1)]: Done 3233 tasks      | elapsed:  9.9min
[Parallel(n_jobs=-1)]: Done 4002 tasks      | elapsed: 12.3min
[Parallel(n_jobs=-1)]: Done 4853 tasks      | elapsed: 14.9min
[Parallel(n_jobs=-1)]: Done 5558 out of 5558 | elapsed: 17.0min finished

[2023-07-22 15:08:00] Features: 1/20 -- score: 0.5095999999999999[Parallel(n_jobs=-1)]: Using backend LokyBackend with 24 concurrent workers.
[Parallel(n_jobs=-1)]: Done 114 tasks      | elapsed:   22.3s
[Parallel(n_jobs=-1)]: Done 317 tasks      | elapsed:  1.0min
[Parallel(n_jobs=-1)]: Done 600 tasks      | elapsed:  1.9min
[Parallel(n_jobs=-1)]: Done 965 tasks      | elapsed:  3.0min
[Parallel(n_jobs=-1)]: Done 1410 tasks      | elapsed:  4.3min
[Parallel(n_jobs=-1)]: Done 1937 tasks      | elapsed:  6.0min
[Parallel(n_jobs=-1)]: Done 2544 tasks      | elapsed:  7.8min
[Parallel(n_jobs=-1)]: Done 3233 tasks      | elapsed:  9.9min
[Parallel(n_jobs=-1)]: Done 4002 tasks      | elapsed: 12.3min
[Parallel(n_jobs=-1)]: Done 4853 tasks      | elapsed: 14.9min
[Parallel(n_jobs=-1)]: Done 5557 out of 5557 | elapsed: 17.0min finished

[2023-07-22 15:25:03] Features: 2/20 -- score: 0.516[Parallel(n_jobs=-1)]: Using backend LokyBackend with 24 concurrent workers.
[Parallel(n_jobs=-1)]: Done 114 tasks      | elapsed:   22.4s
[Parallel(n_jobs=-1)]: Done 317 tasks      | elapsed:  1.0min
[Parallel(n_jobs=-1)]: Done 600 tasks      | elapsed:  1.9min
[Parallel(n_jobs=-1)]: Done 965 tasks      | elapsed:  3.0min
[Parallel(n_jobs=-1)]: Done 1410 tasks      | elapsed:  4.4min
[Parallel(n_jobs=-1)]: Done 1937 tasks      | elapsed:  6.0min
[Parallel(n_jobs=-1)]: Done 2544 tasks      | elapsed:  7.8min
[Parallel(n_jobs=-1)]: Done 3233 tasks      | elapsed:  9.9min
[Parallel(n_jobs=-1)]: Done 4002 tasks      | elapsed: 12.3min
[Parallel(n_jobs=-1)]: Done 4853 tasks      | elapsed: 14.9min
[Parallel(n_jobs=-1)]: Done 5556 out of 5556 | elapsed: 17.0min finished

[2023-07-22 15:42:05] Features: 3/20 -- score: 0.5127999999999999[Parallel(n_jobs=-1)]: Using backend LokyBackend with 24 concurrent workers.
[Parallel(n_jobs=-1)]: Done 114 tasks      | elapsed:   22.3s
[Parallel(n_jobs=-1)]: Done 317 tasks      | elapsed:  1.0min
[Parallel(n_jobs=-1)]: Done 600 tasks      | elapsed:  1.9min
[Parallel(n_jobs=-1)]: Done 965 tasks      | elapsed:  3.0min
[Parallel(n_jobs=-1)]: Done 1410 tasks      | elapsed:  4.4min
[Parallel(n_jobs=-1)]: Done 1937 tasks      | elapsed:  6.0min
[Parallel(n_jobs=-1)]: Done 2544 tasks      | elapsed:  7.8min
[Parallel(n_jobs=-1)]: Done 3233 tasks      | elapsed:  9.9min
[Parallel(n_jobs=-1)]: Done 4002 tasks      | elapsed: 12.3min
[Parallel(n_jobs=-1)]: Done 4853 tasks      | elapsed: 14.9min
[Parallel(n_jobs=-1)]: Done 5555 out of 5555 | elapsed: 17.0min finished

[2023-07-22 15:59:07] Features: 4/20 -- score: 0.5144[Parallel(n_jobs=-1)]: Using backend LokyBackend with 24 concurrent workers.
[Parallel(n_jobs=-1)]: Done 114 tasks      | elapsed:   22.3s
[Parallel(n_jobs=-1)]: Done 317 tasks      | elapsed:  1.0min
[Parallel(n_jobs=-1)]: Done 600 tasks      | elapsed:  1.9min
[Parallel(n_jobs=-1)]: Done 965 tasks      | elapsed:  3.0min
[Parallel(n_jobs=-1)]: Done 1410 tasks      | elapsed:  4.4min
[Parallel(n_jobs=-1)]: Done 1937 tasks      | elapsed:  6.0min
[Parallel(n_jobs=-1)]: Done 2544 tasks      | elapsed:  7.8min
[Parallel(n_jobs=-1)]: Done 3233 tasks      | elapsed:  9.9min
[Parallel(n_jobs=-1)]: Done 4002 tasks      | elapsed: 12.3min
[Parallel(n_jobs=-1)]: Done 4853 tasks      | elapsed: 14.9min
[Parallel(n_jobs=-1)]: Done 5554 out of 5554 | elapsed: 17.0min finished

[2023-07-22 16:16:09] Features: 5/20 -- score: 0.5207999999999999[Parallel(n_jobs=-1)]: Using backend LokyBackend with 24 concurrent workers.
[Parallel(n_jobs=-1)]: Done 114 tasks      | elapsed:   22.2s
[Parallel(n_jobs=-1)]: Done 317 tasks      | elapsed:  1.0min
[Parallel(n_jobs=-1)]: Done 600 tasks      | elapsed:  1.9min
[Parallel(n_jobs=-1)]: Done 965 tasks      | elapsed:  3.0min
[Parallel(n_jobs=-1)]: Done 1410 tasks      | elapsed:  4.4min
[Parallel(n_jobs=-1)]: Done 1937 tasks      | elapsed:  6.0min
[Parallel(n_jobs=-1)]: Done 2544 tasks      | elapsed:  7.8min
[Parallel(n_jobs=-1)]: Done 3233 tasks      | elapsed:  9.9min
[Parallel(n_jobs=-1)]: Done 4002 tasks      | elapsed: 12.3min
[Parallel(n_jobs=-1)]: Done 4853 tasks      | elapsed: 14.9min
[Parallel(n_jobs=-1)]: Done 5553 out of 5553 | elapsed: 17.0min finished

[2023-07-22 16:33:11] Features: 6/20 -- score: 0.5119999999999999[Parallel(n_jobs=-1)]: Using backend LokyBackend with 24 concurrent workers.
[Parallel(n_jobs=-1)]: Done 114 tasks      | elapsed:   22.2s
[Parallel(n_jobs=-1)]: Done 317 tasks      | elapsed:  1.0min
[Parallel(n_jobs=-1)]: Done 600 tasks      | elapsed:  1.9min
[Parallel(n_jobs=-1)]: Done 965 tasks      | elapsed:  3.0min
[Parallel(n_jobs=-1)]: Done 1410 tasks      | elapsed:  4.4min
[Parallel(n_jobs=-1)]: Done 1937 tasks      | elapsed:  6.0min
[Parallel(n_jobs=-1)]: Done 2544 tasks      | elapsed:  7.8min
[Parallel(n_jobs=-1)]: Done 3233 tasks      | elapsed:  9.9min
[Parallel(n_jobs=-1)]: Done 4002 tasks      | elapsed: 12.3min
[Parallel(n_jobs=-1)]: Done 4853 tasks      | elapsed: 14.9min
[Parallel(n_jobs=-1)]: Done 5552 out of 5552 | elapsed: 17.0min finished

[2023-07-22 16:50:13] Features: 7/20 -- score: 0.5264[Parallel(n_jobs=-1)]: Using backend LokyBackend with 24 concurrent workers.
[Parallel(n_jobs=-1)]: Done 114 tasks      | elapsed:   22.2s
[Parallel(n_jobs=-1)]: Done 317 tasks      | elapsed:  1.0min
[Parallel(n_jobs=-1)]: Done 600 tasks      | elapsed:  1.9min
[Parallel(n_jobs=-1)]: Done 965 tasks      | elapsed:  3.0min
[Parallel(n_jobs=-1)]: Done 1410 tasks      | elapsed:  4.4min
[Parallel(n_jobs=-1)]: Done 1937 tasks      | elapsed:  6.0min
[Parallel(n_jobs=-1)]: Done 2544 tasks      | elapsed:  7.8min
[Parallel(n_jobs=-1)]: Done 3233 tasks      | elapsed:  9.9min
[Parallel(n_jobs=-1)]: Done 4002 tasks      | elapsed: 12.3min
[Parallel(n_jobs=-1)]: Done 4853 tasks      | elapsed: 14.9min
[Parallel(n_jobs=-1)]: Done 5551 out of 5551 | elapsed: 17.0min finished

[2023-07-22 17:07:14] Features: 8/20 -- score: 0.5104[Parallel(n_jobs=-1)]: Using backend LokyBackend with 24 concurrent workers.
[Parallel(n_jobs=-1)]: Done 114 tasks      | elapsed:   22.2s
[Parallel(n_jobs=-1)]: Done 317 tasks      | elapsed:  1.0min
[Parallel(n_jobs=-1)]: Done 600 tasks      | elapsed:  1.9min
[Parallel(n_jobs=-1)]: Done 965 tasks      | elapsed:  3.0min
[Parallel(n_jobs=-1)]: Done 1410 tasks      | elapsed:  4.4min
[Parallel(n_jobs=-1)]: Done 1937 tasks      | elapsed:  6.0min
[Parallel(n_jobs=-1)]: Done 2544 tasks      | elapsed:  7.8min
[Parallel(n_jobs=-1)]: Done 3233 tasks      | elapsed:  9.9min
[Parallel(n_jobs=-1)]: Done 4002 tasks      | elapsed: 12.3min
[Parallel(n_jobs=-1)]: Done 4853 tasks      | elapsed: 14.9min
[Parallel(n_jobs=-1)]: Done 5550 out of 5550 | elapsed: 17.0min finished

[2023-07-22 17:24:17] Features: 9/20 -- score: 0.5176[Parallel(n_jobs=-1)]: Using backend LokyBackend with 24 concurrent workers.
[Parallel(n_jobs=-1)]: Done 114 tasks      | elapsed:   22.4s
[Parallel(n_jobs=-1)]: Done 317 tasks      | elapsed:  1.0min
[Parallel(n_jobs=-1)]: Done 600 tasks      | elapsed:  1.9min
[Parallel(n_jobs=-1)]: Done 965 tasks      | elapsed:  3.0min
[Parallel(n_jobs=-1)]: Done 1410 tasks      | elapsed:  4.4min
[Parallel(n_jobs=-1)]: Done 1937 tasks      | elapsed:  6.0min
[Parallel(n_jobs=-1)]: Done 2544 tasks      | elapsed:  7.8min
[Parallel(n_jobs=-1)]: Done 3233 tasks      | elapsed: 10.0min
[Parallel(n_jobs=-1)]: Done 4002 tasks      | elapsed: 12.3min
[Parallel(n_jobs=-1)]: Done 4853 tasks      | elapsed: 14.9min
[Parallel(n_jobs=-1)]: Done 5549 out of 5549 | elapsed: 17.0min finished

[2023-07-22 17:41:20] Features: 10/20 -- score: 0.5095999999999999[Parallel(n_jobs=-1)]: Using backend LokyBackend with 24 concurrent workers.
[Parallel(n_jobs=-1)]: Done 114 tasks      | elapsed:   22.2s
[Parallel(n_jobs=-1)]: Done 317 tasks      | elapsed:  1.0min
[Parallel(n_jobs=-1)]: Done 600 tasks      | elapsed:  1.9min
[Parallel(n_jobs=-1)]: Done 965 tasks      | elapsed:  3.0min
[Parallel(n_jobs=-1)]: Done 1410 tasks      | elapsed:  4.4min
[Parallel(n_jobs=-1)]: Done 1937 tasks      | elapsed:  6.0min
[Parallel(n_jobs=-1)]: Done 2544 tasks      | elapsed:  7.8min
[Parallel(n_jobs=-1)]: Done 3233 tasks      | elapsed:  9.9min
[Parallel(n_jobs=-1)]: Done 4002 tasks      | elapsed: 12.3min
[Parallel(n_jobs=-1)]: Done 4853 tasks      | elapsed: 14.9min
[Parallel(n_jobs=-1)]: Done 5548 out of 5548 | elapsed: 17.0min finished

[2023-07-22 17:58:22] Features: 11/20 -- score: 0.5136[Parallel(n_jobs=-1)]: Using backend LokyBackend with 24 concurrent workers.
[Parallel(n_jobs=-1)]: Done 114 tasks      | elapsed:   22.3s
[Parallel(n_jobs=-1)]: Done 317 tasks      | elapsed:  1.0min
[Parallel(n_jobs=-1)]: Done 600 tasks      | elapsed:  1.9min
[Parallel(n_jobs=-1)]: Done 965 tasks      | elapsed:  3.0min
[Parallel(n_jobs=-1)]: Done 1410 tasks      | elapsed:  4.4min
[Parallel(n_jobs=-1)]: Done 1937 tasks      | elapsed:  6.0min
[Parallel(n_jobs=-1)]: Done 2544 tasks      | elapsed:  7.9min
[Parallel(n_jobs=-1)]: Done 3233 tasks      | elapsed: 10.0min
[Parallel(n_jobs=-1)]: Done 4002 tasks      | elapsed: 12.3min
[Parallel(n_jobs=-1)]: Done 4853 tasks      | elapsed: 14.9min
[Parallel(n_jobs=-1)]: Done 5547 out of 5547 | elapsed: 17.1min finished

[2023-07-22 18:15:26] Features: 12/20 -- score: 0.516[Parallel(n_jobs=-1)]: Using backend LokyBackend with 24 concurrent workers.
[Parallel(n_jobs=-1)]: Done 114 tasks      | elapsed:   22.3s
[Parallel(n_jobs=-1)]: Done 317 tasks      | elapsed:  1.0min
[Parallel(n_jobs=-1)]: Done 600 tasks      | elapsed:  1.9min
[Parallel(n_jobs=-1)]: Done 965 tasks      | elapsed:  3.0min
[Parallel(n_jobs=-1)]: Done 1410 tasks      | elapsed:  4.4min
[Parallel(n_jobs=-1)]: Done 1937 tasks      | elapsed:  6.0min
[Parallel(n_jobs=-1)]: Done 2544 tasks      | elapsed:  7.9min
[Parallel(n_jobs=-1)]: Done 3233 tasks      | elapsed: 10.0min
[Parallel(n_jobs=-1)]: Done 4002 tasks      | elapsed: 12.3min
[Parallel(n_jobs=-1)]: Done 4853 tasks      | elapsed: 15.0min
[Parallel(n_jobs=-1)]: Done 5546 out of 5546 | elapsed: 17.1min finished

[2023-07-22 18:32:31] Features: 13/20 -- score: 0.5055999999999999[Parallel(n_jobs=-1)]: Using backend LokyBackend with 24 concurrent workers.
[Parallel(n_jobs=-1)]: Done 114 tasks      | elapsed:   22.4s
[Parallel(n_jobs=-1)]: Done 317 tasks      | elapsed:  1.0min
[Parallel(n_jobs=-1)]: Done 600 tasks      | elapsed:  1.9min
[Parallel(n_jobs=-1)]: Done 965 tasks      | elapsed:  3.0min
[Parallel(n_jobs=-1)]: Done 1410 tasks      | elapsed:  4.4min
[Parallel(n_jobs=-1)]: Done 1937 tasks      | elapsed:  6.0min
[Parallel(n_jobs=-1)]: Done 2544 tasks      | elapsed:  7.9min
[Parallel(n_jobs=-1)]: Done 3233 tasks      | elapsed: 10.0min
[Parallel(n_jobs=-1)]: Done 4002 tasks      | elapsed: 12.4min
[Parallel(n_jobs=-1)]: Done 4853 tasks      | elapsed: 15.0min
[Parallel(n_jobs=-1)]: Done 5545 out of 5545 | elapsed: 17.1min finished

[2023-07-22 18:49:37] Features: 14/20 -- score: 0.5127999999999999[Parallel(n_jobs=-1)]: Using backend LokyBackend with 24 concurrent workers.
[Parallel(n_jobs=-1)]: Done 114 tasks      | elapsed:   22.4s
[Parallel(n_jobs=-1)]: Done 317 tasks      | elapsed:  1.0min
[Parallel(n_jobs=-1)]: Done 600 tasks      | elapsed:  1.9min
[Parallel(n_jobs=-1)]: Done 965 tasks      | elapsed:  3.0min
[Parallel(n_jobs=-1)]: Done 1410 tasks      | elapsed:  4.4min
[Parallel(n_jobs=-1)]: Done 1937 tasks      | elapsed:  6.0min
[Parallel(n_jobs=-1)]: Done 2544 tasks      | elapsed:  7.9min
[Parallel(n_jobs=-1)]: Done 3233 tasks      | elapsed: 10.0min
[Parallel(n_jobs=-1)]: Done 4002 tasks      | elapsed: 12.4min
[Parallel(n_jobs=-1)]: Done 4853 tasks      | elapsed: 15.0min
[Parallel(n_jobs=-1)]: Done 5544 out of 5544 | elapsed: 17.2min finished

[2023-07-22 19:06:47] Features: 15/20 -- score: 0.5104[Parallel(n_jobs=-1)]: Using backend LokyBackend with 24 concurrent workers.
[Parallel(n_jobs=-1)]: Done 114 tasks      | elapsed:   22.5s
[Parallel(n_jobs=-1)]: Done 317 tasks      | elapsed:  1.0min
[Parallel(n_jobs=-1)]: Done 600 tasks      | elapsed:  1.9min
[Parallel(n_jobs=-1)]: Done 965 tasks      | elapsed:  3.1min
[Parallel(n_jobs=-1)]: Done 1410 tasks      | elapsed:  4.4min
[Parallel(n_jobs=-1)]: Done 1937 tasks      | elapsed:  6.1min
[Parallel(n_jobs=-1)]: Done 2544 tasks      | elapsed:  7.9min
[Parallel(n_jobs=-1)]: Done 3233 tasks      | elapsed: 10.1min
[Parallel(n_jobs=-1)]: Done 4002 tasks      | elapsed: 12.5min
[Parallel(n_jobs=-1)]: Done 4853 tasks      | elapsed: 15.1min
[Parallel(n_jobs=-1)]: Done 5543 out of 5543 | elapsed: 17.2min finished

[2023-07-22 19:24:02] Features: 16/20 -- score: 0.5216000000000001[Parallel(n_jobs=-1)]: Using backend LokyBackend with 24 concurrent workers.
[Parallel(n_jobs=-1)]: Done 114 tasks      | elapsed:   22.8s
[Parallel(n_jobs=-1)]: Done 317 tasks      | elapsed:  1.0min
[Parallel(n_jobs=-1)]: Done 600 tasks      | elapsed:  1.9min
[Parallel(n_jobs=-1)]: Done 965 tasks      | elapsed:  3.1min
[Parallel(n_jobs=-1)]: Done 1410 tasks      | elapsed:  4.4min
[Parallel(n_jobs=-1)]: Done 1937 tasks      | elapsed:  6.1min
[Parallel(n_jobs=-1)]: Done 2544 tasks      | elapsed:  8.0min
[Parallel(n_jobs=-1)]: Done 3233 tasks      | elapsed: 10.1min
[Parallel(n_jobs=-1)]: Done 4002 tasks      | elapsed: 12.6min
[Parallel(n_jobs=-1)]: Done 4853 tasks      | elapsed: 15.2min
[Parallel(n_jobs=-1)]: Done 5542 out of 5542 | elapsed: 17.4min finished

[2023-07-22 19:41:24] Features: 17/20 -- score: 0.5079999999999999[Parallel(n_jobs=-1)]: Using backend LokyBackend with 24 concurrent workers.
[Parallel(n_jobs=-1)]: Done 114 tasks      | elapsed:   22.9s
[Parallel(n_jobs=-1)]: Done 317 tasks      | elapsed:  1.0min
[Parallel(n_jobs=-1)]: Done 600 tasks      | elapsed:  1.9min
[Parallel(n_jobs=-1)]: Done 965 tasks      | elapsed:  3.1min
[Parallel(n_jobs=-1)]: Done 1410 tasks      | elapsed:  4.5min
[Parallel(n_jobs=-1)]: Done 1937 tasks      | elapsed:  6.1min
[Parallel(n_jobs=-1)]: Done 2544 tasks      | elapsed:  8.0min
[Parallel(n_jobs=-1)]: Done 3233 tasks      | elapsed: 10.2min
[Parallel(n_jobs=-1)]: Done 4002 tasks      | elapsed: 12.6min
[Parallel(n_jobs=-1)]: Done 4853 tasks      | elapsed: 15.3min
[Parallel(n_jobs=-1)]: Done 5541 out of 5541 | elapsed: 17.5min finished

[2023-07-22 19:58:52] Features: 18/20 -- score: 0.5095999999999999[Parallel(n_jobs=-1)]: Using backend LokyBackend with 24 concurrent workers.
[Parallel(n_jobs=-1)]: Done 114 tasks      | elapsed:   23.0s
[Parallel(n_jobs=-1)]: Done 317 tasks      | elapsed:  1.1min
[Parallel(n_jobs=-1)]: Done 600 tasks      | elapsed:  1.9min
[Parallel(n_jobs=-1)]: Done 965 tasks      | elapsed:  3.1min
[Parallel(n_jobs=-1)]: Done 1410 tasks      | elapsed:  4.5min
[Parallel(n_jobs=-1)]: Done 1937 tasks      | elapsed:  6.2min
[Parallel(n_jobs=-1)]: Done 2544 tasks      | elapsed:  8.1min
[Parallel(n_jobs=-1)]: Done 3233 tasks      | elapsed: 10.3min
[Parallel(n_jobs=-1)]: Done 4002 tasks      | elapsed: 12.7min
[Parallel(n_jobs=-1)]: Done 4853 tasks      | elapsed: 15.4min
[Parallel(n_jobs=-1)]: Done 5540 out of 5540 | elapsed: 17.6min finished

[2023-07-22 20:16:27] Features: 19/20 -- score: 0.5144[Parallel(n_jobs=-1)]: Using backend LokyBackend with 24 concurrent workers.
[Parallel(n_jobs=-1)]: Done 114 tasks      | elapsed:   23.3s
[Parallel(n_jobs=-1)]: Done 317 tasks      | elapsed:  1.1min
[Parallel(n_jobs=-1)]: Done 600 tasks      | elapsed:  1.9min
[Parallel(n_jobs=-1)]: Done 965 tasks      | elapsed:  3.1min
[Parallel(n_jobs=-1)]: Done 1410 tasks      | elapsed:  4.5min
[Parallel(n_jobs=-1)]: Done 1937 tasks      | elapsed:  6.2min
[Parallel(n_jobs=-1)]: Done 2544 tasks      | elapsed:  8.1min
[Parallel(n_jobs=-1)]: Done 3233 tasks      | elapsed: 10.3min
[Parallel(n_jobs=-1)]: Done 4002 tasks      | elapsed: 12.8min
[Parallel(n_jobs=-1)]: Done 4853 tasks      | elapsed: 15.5min
[Parallel(n_jobs=-1)]: Done 5539 out of 5539 | elapsed: 17.7min finished

[2023-07-22 20:34:07] Features: 20/20 -- score: 0.5112