[Parallel(n_jobs=-1)]: Using backend LokyBackend with 24 concurrent workers.
[Parallel(n_jobs=-1)]: Done 114 tasks      | elapsed:   36.8s
[Parallel(n_jobs=-1)]: Done 317 tasks      | elapsed:  1.6min
[Parallel(n_jobs=-1)]: Done 600 tasks      | elapsed:  2.9min
[Parallel(n_jobs=-1)]: Done 965 tasks      | elapsed:  4.7min
[Parallel(n_jobs=-1)]: Done 1440 out of 1440 | elapsed:  6.9min finished

[2023-07-28 10:51:21] Features: 1/2 -- score: 1.7894107142857147[Parallel(n_jobs=-1)]: Using backend LokyBackend with 24 concurrent workers.
[Parallel(n_jobs=-1)]: Done 114 tasks      | elapsed:   34.3s
[Parallel(n_jobs=-1)]: Done 317 tasks      | elapsed:  1.6min
[Parallel(n_jobs=-1)]: Done 600 tasks      | elapsed:  2.9min
[Parallel(n_jobs=-1)]: Done 965 tasks      | elapsed:  4.6min
[Parallel(n_jobs=-1)]: Done 1439 out of 1439 | elapsed:  6.8min finished

[2023-07-28 10:58:10] Features: 2/2 -- score: 1.8532857142857146[Parallel(n_jobs=-1)]: Using backend LokyBackend with 24 concurrent workers.
[Parallel(n_jobs=-1)]: Done 114 tasks      | elapsed:   34.3s
[Parallel(n_jobs=-1)]: Done 317 tasks      | elapsed:  1.6min
[Parallel(n_jobs=-1)]: Done 600 tasks      | elapsed:  2.9min
[Parallel(n_jobs=-1)]: Done 965 tasks      | elapsed:  4.6min
[Parallel(n_jobs=-1)]: Done 1440 out of 1440 | elapsed:  6.8min finished

[2023-07-28 11:04:59] Features: 1/3 -- score: 1.7894107142857147[Parallel(n_jobs=-1)]: Using backend LokyBackend with 24 concurrent workers.
[Parallel(n_jobs=-1)]: Done 114 tasks      | elapsed:   34.0s
[Parallel(n_jobs=-1)]: Done 317 tasks      | elapsed:  1.6min
[Parallel(n_jobs=-1)]: Done 600 tasks      | elapsed:  2.9min
[Parallel(n_jobs=-1)]: Done 965 tasks      | elapsed:  4.6min
[Parallel(n_jobs=-1)]: Done 1439 out of 1439 | elapsed:  6.8min finished

[2023-07-28 11:11:46] Features: 2/3 -- score: 1.8532857142857146[Parallel(n_jobs=-1)]: Using backend LokyBackend with 24 concurrent workers.
[Parallel(n_jobs=-1)]: Done 114 tasks      | elapsed:   34.1s
[Parallel(n_jobs=-1)]: Done 317 tasks      | elapsed:  1.6min
[Parallel(n_jobs=-1)]: Done 600 tasks      | elapsed:  2.9min
[Parallel(n_jobs=-1)]: Done 965 tasks      | elapsed:  4.6min
[Parallel(n_jobs=-1)]: Done 1438 out of 1438 | elapsed:  6.8min finished

[2023-07-28 11:18:34] Features: 3/3 -- score: 1.8571428571428577[Parallel(n_jobs=-1)]: Using backend LokyBackend with 24 concurrent workers.
[Parallel(n_jobs=-1)]: Done 114 tasks      | elapsed:   33.9s
[Parallel(n_jobs=-1)]: Done 317 tasks      | elapsed:  1.6min
[Parallel(n_jobs=-1)]: Done 600 tasks      | elapsed:  2.9min
[Parallel(n_jobs=-1)]: Done 965 tasks      | elapsed:  4.6min
[Parallel(n_jobs=-1)]: Done 1440 out of 1440 | elapsed:  6.8min finished

[2023-07-28 11:25:21] Features: 1/10 -- score: 1.7894107142857147[Parallel(n_jobs=-1)]: Using backend LokyBackend with 24 concurrent workers.
[Parallel(n_jobs=-1)]: Done 114 tasks      | elapsed:   33.8s
[Parallel(n_jobs=-1)]: Done 317 tasks      | elapsed:  1.6min
[Parallel(n_jobs=-1)]: Done 600 tasks      | elapsed:  2.9min
[Parallel(n_jobs=-1)]: Done 965 tasks      | elapsed:  4.6min
[Parallel(n_jobs=-1)]: Done 1439 out of 1439 | elapsed:  6.8min finished

[2023-07-28 11:32:08] Features: 2/10 -- score: 1.8532857142857146[Parallel(n_jobs=-1)]: Using backend LokyBackend with 24 concurrent workers.
[Parallel(n_jobs=-1)]: Done 114 tasks      | elapsed:   34.1s
[Parallel(n_jobs=-1)]: Done 317 tasks      | elapsed:  1.6min
[Parallel(n_jobs=-1)]: Done 600 tasks      | elapsed:  2.9min
[Parallel(n_jobs=-1)]: Done 965 tasks      | elapsed:  4.6min
[Parallel(n_jobs=-1)]: Done 1438 out of 1438 | elapsed:  6.8min finished

[2023-07-28 11:38:54] Features: 3/10 -- score: 1.8571428571428577[Parallel(n_jobs=-1)]: Using backend LokyBackend with 24 concurrent workers.
[Parallel(n_jobs=-1)]: Done 114 tasks      | elapsed:   33.9s
[Parallel(n_jobs=-1)]: Done 317 tasks      | elapsed:  1.6min
[Parallel(n_jobs=-1)]: Done 600 tasks      | elapsed:  2.9min
[Parallel(n_jobs=-1)]: Done 965 tasks      | elapsed:  4.6min
[Parallel(n_jobs=-1)]: Done 1437 out of 1437 | elapsed:  6.8min finished

[2023-07-28 11:45:41] Features: 4/10 -- score: 1.8571428571428577[Parallel(n_jobs=-1)]: Using backend LokyBackend with 24 concurrent workers.
[Parallel(n_jobs=-1)]: Done 114 tasks      | elapsed:   34.2s
[Parallel(n_jobs=-1)]: Done 317 tasks      | elapsed:  1.6min
[Parallel(n_jobs=-1)]: Done 600 tasks      | elapsed:  2.9min
[Parallel(n_jobs=-1)]: Done 965 tasks      | elapsed:  4.6min
[Parallel(n_jobs=-1)]: Done 1436 out of 1436 | elapsed:  6.8min finished

[2023-07-28 11:52:27] Features: 5/10 -- score: 1.8571428571428577[Parallel(n_jobs=-1)]: Using backend LokyBackend with 24 concurrent workers.
[Parallel(n_jobs=-1)]: Done 114 tasks      | elapsed:   34.0s
[Parallel(n_jobs=-1)]: Done 317 tasks      | elapsed:  1.6min
[Parallel(n_jobs=-1)]: Done 600 tasks      | elapsed:  2.9min
[Parallel(n_jobs=-1)]: Done 965 tasks      | elapsed:  4.6min
[Parallel(n_jobs=-1)]: Done 1435 out of 1435 | elapsed:  6.8min finished

[2023-07-28 11:59:12] Features: 6/10 -- score: 1.8571428571428577[Parallel(n_jobs=-1)]: Using backend LokyBackend with 24 concurrent workers.
[Parallel(n_jobs=-1)]: Done 114 tasks      | elapsed:   34.0s
[Parallel(n_jobs=-1)]: Done 317 tasks      | elapsed:  1.6min
[Parallel(n_jobs=-1)]: Done 600 tasks      | elapsed:  2.9min
[Parallel(n_jobs=-1)]: Done 965 tasks      | elapsed:  4.6min
[Parallel(n_jobs=-1)]: Done 1434 out of 1434 | elapsed:  6.8min finished

[2023-07-28 12:05:57] Features: 7/10 -- score: 1.8571428571428577[Parallel(n_jobs=-1)]: Using backend LokyBackend with 24 concurrent workers.
[Parallel(n_jobs=-1)]: Done 114 tasks      | elapsed:   34.2s
[Parallel(n_jobs=-1)]: Done 317 tasks      | elapsed:  1.6min
[Parallel(n_jobs=-1)]: Done 600 tasks      | elapsed:  2.9min
[Parallel(n_jobs=-1)]: Done 965 tasks      | elapsed:  4.6min
[Parallel(n_jobs=-1)]: Done 1433 out of 1433 | elapsed:  6.8min finished

[2023-07-28 12:12:42] Features: 8/10 -- score: 1.8571428571428577[Parallel(n_jobs=-1)]: Using backend LokyBackend with 24 concurrent workers.
[Parallel(n_jobs=-1)]: Done 114 tasks      | elapsed:   33.9s
[Parallel(n_jobs=-1)]: Done 317 tasks      | elapsed:  1.6min
[Parallel(n_jobs=-1)]: Done 600 tasks      | elapsed:  2.9min
[Parallel(n_jobs=-1)]: Done 965 tasks      | elapsed:  4.6min
[Parallel(n_jobs=-1)]: Done 1432 out of 1432 | elapsed:  6.8min finished

[2023-07-28 12:19:28] Features: 9/10 -- score: 1.8571428571428577[Parallel(n_jobs=-1)]: Using backend LokyBackend with 24 concurrent workers.
[Parallel(n_jobs=-1)]: Done 114 tasks      | elapsed:   33.9s
[Parallel(n_jobs=-1)]: Done 317 tasks      | elapsed:  1.6min
[Parallel(n_jobs=-1)]: Done 600 tasks      | elapsed:  2.9min
[Parallel(n_jobs=-1)]: Done 965 tasks      | elapsed:  4.6min
[Parallel(n_jobs=-1)]: Done 1431 out of 1431 | elapsed:  6.8min finished

[2023-07-28 12:26:13] Features: 10/10 -- score: 1.8571428571428577[Parallel(n_jobs=-1)]: Using backend LokyBackend with 24 concurrent workers.
[Parallel(n_jobs=-1)]: Done 114 tasks      | elapsed:   33.4s
[Parallel(n_jobs=-1)]: Done 317 tasks      | elapsed:  1.5min
[Parallel(n_jobs=-1)]: Done 600 tasks      | elapsed:  2.8min
[Parallel(n_jobs=-1)]: Done 965 tasks      | elapsed:  4.5min
[Parallel(n_jobs=-1)]: Done 1440 out of 1440 | elapsed:  6.7min finished

[2023-07-28 12:32:53] Features: 1/2 -- score: 1.7894107142857147[Parallel(n_jobs=-1)]: Using backend LokyBackend with 24 concurrent workers.
[Parallel(n_jobs=-1)]: Done 114 tasks      | elapsed:   33.3s
[Parallel(n_jobs=-1)]: Done 317 tasks      | elapsed:  1.5min
[Parallel(n_jobs=-1)]: Done 600 tasks      | elapsed:  2.8min
[Parallel(n_jobs=-1)]: Done 965 tasks      | elapsed:  4.5min
[Parallel(n_jobs=-1)]: Done 1439 out of 1439 | elapsed:  6.7min finished

[2023-07-28 12:39:34] Features: 2/2 -- score: 1.8532857142857146[Parallel(n_jobs=-1)]: Using backend LokyBackend with 24 concurrent workers.
[Parallel(n_jobs=-1)]: Done 114 tasks      | elapsed:   33.3s
[Parallel(n_jobs=-1)]: Done 317 tasks      | elapsed:  1.5min
[Parallel(n_jobs=-1)]: Done 600 tasks      | elapsed:  2.8min
[Parallel(n_jobs=-1)]: Done 965 tasks      | elapsed:  4.5min
[Parallel(n_jobs=-1)]: Done 1440 out of 1440 | elapsed:  6.7min finished

[2023-07-28 12:46:15] Features: 1/3 -- score: 1.7894107142857147[Parallel(n_jobs=-1)]: Using backend LokyBackend with 24 concurrent workers.
[Parallel(n_jobs=-1)]: Done 114 tasks      | elapsed:   33.6s
[Parallel(n_jobs=-1)]: Done 317 tasks      | elapsed:  1.5min
[Parallel(n_jobs=-1)]: Done 600 tasks      | elapsed:  2.8min
[Parallel(n_jobs=-1)]: Done 965 tasks      | elapsed:  4.5min
[Parallel(n_jobs=-1)]: Done 1439 out of 1439 | elapsed:  6.7min finished

[2023-07-28 12:52:57] Features: 2/3 -- score: 1.8532857142857146[Parallel(n_jobs=-1)]: Using backend LokyBackend with 24 concurrent workers.
[Parallel(n_jobs=-1)]: Done 114 tasks      | elapsed:   33.7s
[Parallel(n_jobs=-1)]: Done 317 tasks      | elapsed:  1.5min
[Parallel(n_jobs=-1)]: Done 600 tasks      | elapsed:  2.8min
[Parallel(n_jobs=-1)]: Done 965 tasks      | elapsed:  4.5min
[Parallel(n_jobs=-1)]: Done 1438 out of 1438 | elapsed:  6.7min finished

[2023-07-28 12:59:39] Features: 3/3 -- score: 1.8571428571428577[Parallel(n_jobs=-1)]: Using backend LokyBackend with 24 concurrent workers.
[Parallel(n_jobs=-1)]: Done 114 tasks      | elapsed:   33.4s
[Parallel(n_jobs=-1)]: Done 317 tasks      | elapsed:  1.5min
[Parallel(n_jobs=-1)]: Done 600 tasks      | elapsed:  2.8min
[Parallel(n_jobs=-1)]: Done 965 tasks      | elapsed:  4.5min
[Parallel(n_jobs=-1)]: Done 1440 out of 1440 | elapsed:  6.7min finished

[2023-07-28 13:06:20] Features: 1/10 -- score: 1.7894107142857147[Parallel(n_jobs=-1)]: Using backend LokyBackend with 24 concurrent workers.
[Parallel(n_jobs=-1)]: Done 114 tasks      | elapsed:   33.5s
[Parallel(n_jobs=-1)]: Done 317 tasks      | elapsed:  1.5min
[Parallel(n_jobs=-1)]: Done 600 tasks      | elapsed:  2.8min
[Parallel(n_jobs=-1)]: Done 965 tasks      | elapsed:  4.5min
[Parallel(n_jobs=-1)]: Done 1439 out of 1439 | elapsed:  6.7min finished

[2023-07-28 13:13:02] Features: 2/10 -- score: 1.8532857142857146[Parallel(n_jobs=-1)]: Using backend LokyBackend with 24 concurrent workers.
[Parallel(n_jobs=-1)]: Done 114 tasks      | elapsed:   33.5s
[Parallel(n_jobs=-1)]: Done 317 tasks      | elapsed:  1.5min
[Parallel(n_jobs=-1)]: Done 600 tasks      | elapsed:  2.8min
[Parallel(n_jobs=-1)]: Done 965 tasks      | elapsed:  4.5min
[Parallel(n_jobs=-1)]: Done 1438 out of 1438 | elapsed:  6.7min finished

[2023-07-28 13:19:44] Features: 3/10 -- score: 1.8571428571428577[Parallel(n_jobs=-1)]: Using backend LokyBackend with 24 concurrent workers.
[Parallel(n_jobs=-1)]: Done 114 tasks      | elapsed:   33.4s
[Parallel(n_jobs=-1)]: Done 317 tasks      | elapsed:  1.5min
[Parallel(n_jobs=-1)]: Done 600 tasks      | elapsed:  2.8min
[Parallel(n_jobs=-1)]: Done 965 tasks      | elapsed:  4.5min
[Parallel(n_jobs=-1)]: Done 1437 out of 1437 | elapsed:  6.7min finished

[2023-07-28 13:26:25] Features: 4/10 -- score: 1.8571428571428577[Parallel(n_jobs=-1)]: Using backend LokyBackend with 24 concurrent workers.
[Parallel(n_jobs=-1)]: Done 114 tasks      | elapsed:   33.4s
[Parallel(n_jobs=-1)]: Done 317 tasks      | elapsed:  1.5min
[Parallel(n_jobs=-1)]: Done 600 tasks      | elapsed:  2.8min
[Parallel(n_jobs=-1)]: Done 965 tasks      | elapsed:  4.5min
[Parallel(n_jobs=-1)]: Done 1436 out of 1436 | elapsed:  6.7min finished

[2023-07-28 13:33:06] Features: 5/10 -- score: 1.8571428571428577[Parallel(n_jobs=-1)]: Using backend LokyBackend with 24 concurrent workers.
[Parallel(n_jobs=-1)]: Done 114 tasks      | elapsed:   33.6s
[Parallel(n_jobs=-1)]: Done 317 tasks      | elapsed:  1.5min
[Parallel(n_jobs=-1)]: Done 600 tasks      | elapsed:  2.8min
[Parallel(n_jobs=-1)]: Done 965 tasks      | elapsed:  4.5min
[Parallel(n_jobs=-1)]: Done 1435 out of 1435 | elapsed:  6.7min finished

[2023-07-28 13:39:46] Features: 6/10 -- score: 1.8571428571428577[Parallel(n_jobs=-1)]: Using backend LokyBackend with 24 concurrent workers.
[Parallel(n_jobs=-1)]: Done 114 tasks      | elapsed:   33.6s
[Parallel(n_jobs=-1)]: Done 317 tasks      | elapsed:  1.5min
[Parallel(n_jobs=-1)]: Done 600 tasks      | elapsed:  2.9min
[Parallel(n_jobs=-1)]: Done 965 tasks      | elapsed:  4.5min
[Parallel(n_jobs=-1)]: Done 1434 out of 1434 | elapsed:  6.7min finished

[2023-07-28 13:46:26] Features: 7/10 -- score: 1.8571428571428577[Parallel(n_jobs=-1)]: Using backend LokyBackend with 24 concurrent workers.
[Parallel(n_jobs=-1)]: Done 114 tasks      | elapsed:   33.5s
[Parallel(n_jobs=-1)]: Done 317 tasks      | elapsed:  1.5min
[Parallel(n_jobs=-1)]: Done 600 tasks      | elapsed:  2.8min
[Parallel(n_jobs=-1)]: Done 965 tasks      | elapsed:  4.5min
[Parallel(n_jobs=-1)]: Done 1433 out of 1433 | elapsed:  6.7min finished

[2023-07-28 13:53:06] Features: 8/10 -- score: 1.8571428571428577[Parallel(n_jobs=-1)]: Using backend LokyBackend with 24 concurrent workers.
[Parallel(n_jobs=-1)]: Done 114 tasks      | elapsed:   33.5s
[Parallel(n_jobs=-1)]: Done 317 tasks      | elapsed:  1.5min
[Parallel(n_jobs=-1)]: Done 600 tasks      | elapsed:  2.8min
[Parallel(n_jobs=-1)]: Done 965 tasks      | elapsed:  4.5min
[Parallel(n_jobs=-1)]: Done 1432 out of 1432 | elapsed:  6.7min finished

[2023-07-28 13:59:46] Features: 9/10 -- score: 1.8571428571428577[Parallel(n_jobs=-1)]: Using backend LokyBackend with 24 concurrent workers.
[Parallel(n_jobs=-1)]: Done 114 tasks      | elapsed:   33.4s
[Parallel(n_jobs=-1)]: Done 317 tasks      | elapsed:  1.5min
[Parallel(n_jobs=-1)]: Done 600 tasks      | elapsed:  2.9min
[Parallel(n_jobs=-1)]: Done 965 tasks      | elapsed:  4.5min
[Parallel(n_jobs=-1)]: Done 1431 out of 1431 | elapsed:  6.7min finished

[2023-07-28 14:06:26] Features: 10/10 -- score: 1.8571428571428577