[Parallel(n_jobs=-1)]: Using backend LokyBackend with 12 concurrent workers.
[Parallel(n_jobs=-1)]: Done  17 tasks      | elapsed:   18.4s
[Parallel(n_jobs=-1)]: Done 138 tasks      | elapsed:  1.7min
[Parallel(n_jobs=-1)]: Done 341 tasks      | elapsed:  4.1min
[Parallel(n_jobs=-1)]: Done 624 tasks      | elapsed:  7.3min
[Parallel(n_jobs=-1)]: Done 989 tasks      | elapsed: 11.5min
[Parallel(n_jobs=-1)]: Done 1434 tasks      | elapsed: 16.7min
[Parallel(n_jobs=-1)]: Done 1961 tasks      | elapsed: 22.9min
[Parallel(n_jobs=-1)]: Done 2568 tasks      | elapsed: 29.9min
[Parallel(n_jobs=-1)]: Done 3257 tasks      | elapsed: 37.9min
[Parallel(n_jobs=-1)]: Done 4026 tasks      | elapsed: 46.8min
[Parallel(n_jobs=-1)]: Done 4833 out of 4833 | elapsed: 56.0min finished

[2023-08-02 20:02:24] Features: 1/2 -- score: 1.2128904761904762[Parallel(n_jobs=-1)]: Using backend LokyBackend with 12 concurrent workers.
[Parallel(n_jobs=-1)]: Done  17 tasks      | elapsed:   16.8s
[Parallel(n_jobs=-1)]: Done 138 tasks      | elapsed:  1.7min
[Parallel(n_jobs=-1)]: Done 341 tasks      | elapsed:  4.0min
[Parallel(n_jobs=-1)]: Done 624 tasks      | elapsed:  7.3min
[Parallel(n_jobs=-1)]: Done 989 tasks      | elapsed: 11.5min
[Parallel(n_jobs=-1)]: Done 1434 tasks      | elapsed: 16.7min
[Parallel(n_jobs=-1)]: Done 1961 tasks      | elapsed: 22.8min
[Parallel(n_jobs=-1)]: Done 2568 tasks      | elapsed: 29.9min
[Parallel(n_jobs=-1)]: Done 3257 tasks      | elapsed: 37.9min
[Parallel(n_jobs=-1)]: Done 4026 tasks      | elapsed: 46.8min
[Parallel(n_jobs=-1)]: Done 4832 out of 4832 | elapsed: 56.1min finished

[2023-08-02 20:58:31] Features: 2/2 -- score: 1.451442857142857[Parallel(n_jobs=-1)]: Using backend LokyBackend with 12 concurrent workers.
[Parallel(n_jobs=-1)]: Done  17 tasks      | elapsed:   16.6s
[Parallel(n_jobs=-1)]: Done 138 tasks      | elapsed:  1.7min
[Parallel(n_jobs=-1)]: Done 341 tasks      | elapsed:  4.0min
[Parallel(n_jobs=-1)]: Done 624 tasks      | elapsed:  7.2min
[Parallel(n_jobs=-1)]: Done 989 tasks      | elapsed: 11.5min
[Parallel(n_jobs=-1)]: Done 1434 tasks      | elapsed: 16.6min
[Parallel(n_jobs=-1)]: Done 1961 tasks      | elapsed: 22.7min
[Parallel(n_jobs=-1)]: Done 2568 tasks      | elapsed: 29.7min
[Parallel(n_jobs=-1)]: Done 3257 tasks      | elapsed: 37.7min
[Parallel(n_jobs=-1)]: Done 4026 tasks      | elapsed: 46.6min
[Parallel(n_jobs=-1)]: Done 4833 out of 4833 | elapsed: 55.9min finished

[2023-08-02 21:54:23] Features: 1/3 -- score: 1.2128904761904762[Parallel(n_jobs=-1)]: Using backend LokyBackend with 12 concurrent workers.
[Parallel(n_jobs=-1)]: Done  17 tasks      | elapsed:   16.9s
[Parallel(n_jobs=-1)]: Done 138 tasks      | elapsed:  1.7min
[Parallel(n_jobs=-1)]: Done 341 tasks      | elapsed:  4.1min
[Parallel(n_jobs=-1)]: Done 624 tasks      | elapsed:  7.3min
[Parallel(n_jobs=-1)]: Done 989 tasks      | elapsed: 11.5min
[Parallel(n_jobs=-1)]: Done 1434 tasks      | elapsed: 16.8min
[Parallel(n_jobs=-1)]: Done 1961 tasks      | elapsed: 22.9min
[Parallel(n_jobs=-1)]: Done 2568 tasks      | elapsed: 30.0min
[Parallel(n_jobs=-1)]: Done 3257 tasks      | elapsed: 37.9min
[Parallel(n_jobs=-1)]: Done 4026 tasks      | elapsed: 46.8min
[Parallel(n_jobs=-1)]: Done 4832 out of 4832 | elapsed: 56.1min finished

[2023-08-02 22:50:30] Features: 2/3 -- score: 1.451442857142857[Parallel(n_jobs=-1)]: Using backend LokyBackend with 12 concurrent workers.
[Parallel(n_jobs=-1)]: Done  17 tasks      | elapsed:   16.7s
[Parallel(n_jobs=-1)]: Done 138 tasks      | elapsed:  1.7min
[Parallel(n_jobs=-1)]: Done 341 tasks      | elapsed:  4.0min
[Parallel(n_jobs=-1)]: Done 624 tasks      | elapsed:  7.3min
[Parallel(n_jobs=-1)]: Done 989 tasks      | elapsed: 11.5min
[Parallel(n_jobs=-1)]: Done 1434 tasks      | elapsed: 16.7min
[Parallel(n_jobs=-1)]: Done 1961 tasks      | elapsed: 22.7min
[Parallel(n_jobs=-1)]: Done 2568 tasks      | elapsed: 29.8min
[Parallel(n_jobs=-1)]: Done 3257 tasks      | elapsed: 37.8min
[Parallel(n_jobs=-1)]: Done 4026 tasks      | elapsed: 46.6min
[Parallel(n_jobs=-1)]: Done 4831 out of 4831 | elapsed: 56.0min finished
[Parallel(n_jobs=-1)]: Using backend LokyBackend with 12 concurrent workers.
[Parallel(n_jobs=-1)]: Done   2 out of   2 | elapsed:    7.4s finished

[2023-08-02 23:46:35] Features: 3/3 -- score: 1.6304373015873015[Parallel(n_jobs=-1)]: Using backend LokyBackend with 12 concurrent workers.
[Parallel(n_jobs=-1)]: Done  17 tasks      | elapsed:   16.7s
[Parallel(n_jobs=-1)]: Done 138 tasks      | elapsed:  1.7min
[Parallel(n_jobs=-1)]: Done 341 tasks      | elapsed:  4.0min
[Parallel(n_jobs=-1)]: Done 624 tasks      | elapsed:  7.2min
[Parallel(n_jobs=-1)]: Done 989 tasks      | elapsed: 11.4min
[Parallel(n_jobs=-1)]: Done 1434 tasks      | elapsed: 16.6min
[Parallel(n_jobs=-1)]: Done 1961 tasks      | elapsed: 22.6min
[Parallel(n_jobs=-1)]: Done 2568 tasks      | elapsed: 29.6min
[Parallel(n_jobs=-1)]: Done 3257 tasks      | elapsed: 37.6min
[Parallel(n_jobs=-1)]: Done 4026 tasks      | elapsed: 46.5min
[Parallel(n_jobs=-1)]: Done 4833 out of 4833 | elapsed: 55.8min finished

[2023-08-03 00:42:22] Features: 1/10 -- score: 1.2128904761904762[Parallel(n_jobs=-1)]: Using backend LokyBackend with 12 concurrent workers.
[Parallel(n_jobs=-1)]: Done  17 tasks      | elapsed:   16.8s
[Parallel(n_jobs=-1)]: Done 138 tasks      | elapsed:  1.7min
[Parallel(n_jobs=-1)]: Done 341 tasks      | elapsed:  4.0min
[Parallel(n_jobs=-1)]: Done 624 tasks      | elapsed:  7.3min
[Parallel(n_jobs=-1)]: Done 989 tasks      | elapsed: 11.5min
[Parallel(n_jobs=-1)]: Done 1434 tasks      | elapsed: 16.2min
[Parallel(n_jobs=-1)]: Done 1961 tasks      | elapsed: 21.9min
[Parallel(n_jobs=-1)]: Done 2568 tasks      | elapsed: 28.4min
[Parallel(n_jobs=-1)]: Done 3257 tasks      | elapsed: 35.7min
[Parallel(n_jobs=-1)]: Done 4026 tasks      | elapsed: 44.0min
[Parallel(n_jobs=-1)]: Done 4832 out of 4832 | elapsed: 52.6min finished

[2023-08-03 01:34:56] Features: 2/10 -- score: 1.451442857142857[Parallel(n_jobs=-1)]: Using backend LokyBackend with 12 concurrent workers.
[Parallel(n_jobs=-1)]: Done  17 tasks      | elapsed:   15.0s
[Parallel(n_jobs=-1)]: Done 138 tasks      | elapsed:  1.5min
[Parallel(n_jobs=-1)]: Done 341 tasks      | elapsed:  3.7min
[Parallel(n_jobs=-1)]: Done 624 tasks      | elapsed:  6.7min
[Parallel(n_jobs=-1)]: Done 989 tasks      | elapsed: 10.7min
[Parallel(n_jobs=-1)]: Done 1434 tasks      | elapsed: 15.4min
[Parallel(n_jobs=-1)]: Done 1961 tasks      | elapsed: 21.1min
[Parallel(n_jobs=-1)]: Done 2568 tasks      | elapsed: 27.6min
[Parallel(n_jobs=-1)]: Done 3257 tasks      | elapsed: 35.1min
[Parallel(n_jobs=-1)]: Done 4026 tasks      | elapsed: 43.3min
[Parallel(n_jobs=-1)]: Done 4831 out of 4831 | elapsed: 51.9min finished
[Parallel(n_jobs=-1)]: Using backend LokyBackend with 12 concurrent workers.
[Parallel(n_jobs=-1)]: Done   2 out of   2 | elapsed:    6.3s finished

[2023-08-03 02:26:58] Features: 3/10 -- score: 1.6304373015873015[Parallel(n_jobs=-1)]: Using backend LokyBackend with 12 concurrent workers.
[Parallel(n_jobs=-1)]: Done  17 tasks      | elapsed:   15.1s
[Parallel(n_jobs=-1)]: Done 138 tasks      | elapsed:  1.5min
[Parallel(n_jobs=-1)]: Done 341 tasks      | elapsed:  3.7min
[Parallel(n_jobs=-1)]: Done 624 tasks      | elapsed:  6.7min
[Parallel(n_jobs=-1)]: Done 989 tasks      | elapsed: 10.6min
[Parallel(n_jobs=-1)]: Done 1434 tasks      | elapsed: 15.4min
[Parallel(n_jobs=-1)]: Done 1961 tasks      | elapsed: 21.0min
[Parallel(n_jobs=-1)]: Done 2568 tasks      | elapsed: 27.5min
[Parallel(n_jobs=-1)]: Done 3257 tasks      | elapsed: 34.9min
slurmstepd: error: *** JOB 72044017 ON lm3-w055 CANCELLED AT 2023-08-03T03:06:21 DUE TO TIME LIMIT ***
