[Parallel(n_jobs=-1)]: Using backend LokyBackend with 12 concurrent workers.
[Parallel(n_jobs=-1)]: Done  17 tasks      | elapsed:   13.9s
[Parallel(n_jobs=-1)]: Done 138 tasks      | elapsed:  1.2min
[Parallel(n_jobs=-1)]: Done 341 tasks      | elapsed:  3.0min
[Parallel(n_jobs=-1)]: Done 624 tasks      | elapsed:  5.4min
[Parallel(n_jobs=-1)]: Done 989 tasks      | elapsed:  8.5min
[Parallel(n_jobs=-1)]: Done 1434 tasks      | elapsed: 12.3min
[Parallel(n_jobs=-1)]: Done 1961 tasks      | elapsed: 16.7min
[Parallel(n_jobs=-1)]: Done 2568 tasks      | elapsed: 22.0min
[Parallel(n_jobs=-1)]: Done 3257 tasks      | elapsed: 28.0min
[Parallel(n_jobs=-1)]: Done 4026 tasks      | elapsed: 34.7min
[Parallel(n_jobs=-1)]: Done 4833 out of 4833 | elapsed: 41.8min finished

[2023-08-08 02:02:07] Features: 1/2 -- score: 1.8122083333333336[Parallel(n_jobs=-1)]: Using backend LokyBackend with 12 concurrent workers.
[Parallel(n_jobs=-1)]: Done  17 tasks      | elapsed:   12.2s
[Parallel(n_jobs=-1)]: Done 138 tasks      | elapsed:  1.3min
[Parallel(n_jobs=-1)]: Done 341 tasks      | elapsed:  3.0min
[Parallel(n_jobs=-1)]: Done 624 tasks      | elapsed:  5.5min
[Parallel(n_jobs=-1)]: Done 989 tasks      | elapsed:  8.7min
[Parallel(n_jobs=-1)]: Done 1434 tasks      | elapsed: 12.6min
[Parallel(n_jobs=-1)]: Done 1961 tasks      | elapsed: 17.2min
[Parallel(n_jobs=-1)]: Done 2568 tasks      | elapsed: 22.5min
[Parallel(n_jobs=-1)]: Done 3257 tasks      | elapsed: 28.5min
[Parallel(n_jobs=-1)]: Done 4026 tasks      | elapsed: 35.1min
[Parallel(n_jobs=-1)]: Done 4832 out of 4832 | elapsed: 42.0min finished

[2023-08-08 02:44:10] Features: 2/2 -- score: 1.8569107142857146[Parallel(n_jobs=-1)]: Using backend LokyBackend with 12 concurrent workers.
[Parallel(n_jobs=-1)]: Done  17 tasks      | elapsed:   12.3s
[Parallel(n_jobs=-1)]: Done 138 tasks      | elapsed:  1.2min
[Parallel(n_jobs=-1)]: Done 341 tasks      | elapsed:  3.0min
[Parallel(n_jobs=-1)]: Done 624 tasks      | elapsed:  5.4min
[Parallel(n_jobs=-1)]: Done 989 tasks      | elapsed:  8.5min
[Parallel(n_jobs=-1)]: Done 1434 tasks      | elapsed: 12.3min
[Parallel(n_jobs=-1)]: Done 1961 tasks      | elapsed: 16.9min
[Parallel(n_jobs=-1)]: Done 2568 tasks      | elapsed: 22.0min
[Parallel(n_jobs=-1)]: Done 3257 tasks      | elapsed: 27.9min
[Parallel(n_jobs=-1)]: Done 4026 tasks      | elapsed: 34.5min
[Parallel(n_jobs=-1)]: Done 4833 out of 4833 | elapsed: 41.5min finished

[2023-08-08 03:25:38] Features: 1/3 -- score: 1.8122083333333336[Parallel(n_jobs=-1)]: Using backend LokyBackend with 12 concurrent workers.
[Parallel(n_jobs=-1)]: Done  17 tasks      | elapsed:   12.3s
[Parallel(n_jobs=-1)]: Done 138 tasks      | elapsed:  1.2min
[Parallel(n_jobs=-1)]: Done 341 tasks      | elapsed:  3.0min
[Parallel(n_jobs=-1)]: Done 624 tasks      | elapsed:  5.4min
[Parallel(n_jobs=-1)]: Done 989 tasks      | elapsed:  8.6min
[Parallel(n_jobs=-1)]: Done 1434 tasks      | elapsed: 12.4min
[Parallel(n_jobs=-1)]: Done 1961 tasks      | elapsed: 16.9min
[Parallel(n_jobs=-1)]: Done 2568 tasks      | elapsed: 22.1min
[Parallel(n_jobs=-1)]: Done 3257 tasks      | elapsed: 28.0min
[Parallel(n_jobs=-1)]: Done 4026 tasks      | elapsed: 34.6min
[Parallel(n_jobs=-1)]: Done 4832 out of 4832 | elapsed: 41.5min finished

[2023-08-08 04:07:10] Features: 2/3 -- score: 1.8569107142857146[Parallel(n_jobs=-1)]: Using backend LokyBackend with 12 concurrent workers.
[Parallel(n_jobs=-1)]: Done  17 tasks      | elapsed:   12.3s
[Parallel(n_jobs=-1)]: Done 138 tasks      | elapsed:  1.2min
[Parallel(n_jobs=-1)]: Done 341 tasks      | elapsed:  3.0min
[Parallel(n_jobs=-1)]: Done 624 tasks      | elapsed:  5.4min
[Parallel(n_jobs=-1)]: Done 989 tasks      | elapsed:  8.5min
[Parallel(n_jobs=-1)]: Done 1434 tasks      | elapsed: 12.4min
[Parallel(n_jobs=-1)]: Done 1961 tasks      | elapsed: 16.9min
[Parallel(n_jobs=-1)]: Done 2568 tasks      | elapsed: 22.1min
[Parallel(n_jobs=-1)]: Done 3257 tasks      | elapsed: 27.9min
[Parallel(n_jobs=-1)]: Done 4026 tasks      | elapsed: 34.5min
[Parallel(n_jobs=-1)]: Done 4831 out of 4831 | elapsed: 41.4min finished
[Parallel(n_jobs=-1)]: Using backend LokyBackend with 12 concurrent workers.
[Parallel(n_jobs=-1)]: Done   2 out of   2 | elapsed:    5.8s finished

[2023-08-08 04:48:42] Features: 3/3 -- score: 1.8571428571428577[Parallel(n_jobs=-1)]: Using backend LokyBackend with 12 concurrent workers.
[Parallel(n_jobs=-1)]: Done  17 tasks      | elapsed:   12.3s
[Parallel(n_jobs=-1)]: Done 138 tasks      | elapsed:  1.2min
[Parallel(n_jobs=-1)]: Done 341 tasks      | elapsed:  3.0min
[Parallel(n_jobs=-1)]: Done 624 tasks      | elapsed:  5.4min
[Parallel(n_jobs=-1)]: Done 989 tasks      | elapsed:  8.5min
[Parallel(n_jobs=-1)]: Done 1434 tasks      | elapsed: 12.3min
[Parallel(n_jobs=-1)]: Done 1961 tasks      | elapsed: 16.9min
[Parallel(n_jobs=-1)]: Done 2568 tasks      | elapsed: 22.1min
[Parallel(n_jobs=-1)]: Done 3257 tasks      | elapsed: 28.0min
[Parallel(n_jobs=-1)]: Done 4026 tasks      | elapsed: 34.6min
[Parallel(n_jobs=-1)]: Done 4833 out of 4833 | elapsed: 41.5min finished

[2023-08-08 05:30:14] Features: 1/10 -- score: 1.8122083333333336[Parallel(n_jobs=-1)]: Using backend LokyBackend with 12 concurrent workers.
[Parallel(n_jobs=-1)]: Done  17 tasks      | elapsed:   12.3s
[Parallel(n_jobs=-1)]: Done 138 tasks      | elapsed:  1.2min
[Parallel(n_jobs=-1)]: Done 341 tasks      | elapsed:  3.0min
[Parallel(n_jobs=-1)]: Done 624 tasks      | elapsed:  5.4min
[Parallel(n_jobs=-1)]: Done 989 tasks      | elapsed:  8.5min
[Parallel(n_jobs=-1)]: Done 1434 tasks      | elapsed: 12.4min
[Parallel(n_jobs=-1)]: Done 1961 tasks      | elapsed: 16.9min
[Parallel(n_jobs=-1)]: Done 2568 tasks      | elapsed: 22.1min
[Parallel(n_jobs=-1)]: Done 3257 tasks      | elapsed: 28.0min
[Parallel(n_jobs=-1)]: Done 4026 tasks      | elapsed: 34.6min
[Parallel(n_jobs=-1)]: Done 4832 out of 4832 | elapsed: 41.4min finished

[2023-08-08 06:11:40] Features: 2/10 -- score: 1.8569107142857146[Parallel(n_jobs=-1)]: Using backend LokyBackend with 12 concurrent workers.
[Parallel(n_jobs=-1)]: Done  17 tasks      | elapsed:   12.3s
[Parallel(n_jobs=-1)]: Done 138 tasks      | elapsed:  1.2min
[Parallel(n_jobs=-1)]: Done 341 tasks      | elapsed:  3.0min
[Parallel(n_jobs=-1)]: Done 624 tasks      | elapsed:  5.4min
[Parallel(n_jobs=-1)]: Done 989 tasks      | elapsed:  8.5min
[Parallel(n_jobs=-1)]: Done 1434 tasks      | elapsed: 12.4min
[Parallel(n_jobs=-1)]: Done 1961 tasks      | elapsed: 16.8min
[Parallel(n_jobs=-1)]: Done 2568 tasks      | elapsed: 22.0min
[Parallel(n_jobs=-1)]: Done 3257 tasks      | elapsed: 27.9min
[Parallel(n_jobs=-1)]: Done 4026 tasks      | elapsed: 34.5min
[Parallel(n_jobs=-1)]: Done 4831 out of 4831 | elapsed: 41.4min finished
[Parallel(n_jobs=-1)]: Using backend LokyBackend with 12 concurrent workers.
[Parallel(n_jobs=-1)]: Done   2 out of   2 | elapsed:    6.0s finished

[2023-08-08 06:53:12] Features: 3/10 -- score: 1.8571428571428577[Parallel(n_jobs=-1)]: Using backend LokyBackend with 12 concurrent workers.
[Parallel(n_jobs=-1)]: Done  17 tasks      | elapsed:   12.3s
[Parallel(n_jobs=-1)]: Done 138 tasks      | elapsed:  1.2min
[Parallel(n_jobs=-1)]: Done 341 tasks      | elapsed:  3.0min
[Parallel(n_jobs=-1)]: Done 624 tasks      | elapsed:  5.4min
[Parallel(n_jobs=-1)]: Done 989 tasks      | elapsed:  8.6min
[Parallel(n_jobs=-1)]: Done 1434 tasks      | elapsed: 12.4min
[Parallel(n_jobs=-1)]: Done 1961 tasks      | elapsed: 16.9min
[Parallel(n_jobs=-1)]: Done 2568 tasks      | elapsed: 22.1min
[Parallel(n_jobs=-1)]: Done 3257 tasks      | elapsed: 28.0min
[Parallel(n_jobs=-1)]: Done 4026 tasks      | elapsed: 34.6min
[Parallel(n_jobs=-1)]: Done 4830 out of 4830 | elapsed: 41.5min finished
[Parallel(n_jobs=-1)]: Using backend LokyBackend with 12 concurrent workers.
[Parallel(n_jobs=-1)]: Done   3 out of   3 | elapsed:    5.6s finished

[2023-08-08 07:34:48] Features: 4/10 -- score: 1.8571428571428577[Parallel(n_jobs=-1)]: Using backend LokyBackend with 12 concurrent workers.
[Parallel(n_jobs=-1)]: Done  17 tasks      | elapsed:   12.2s
[Parallel(n_jobs=-1)]: Done 138 tasks      | elapsed:  1.2min
[Parallel(n_jobs=-1)]: Done 341 tasks      | elapsed:  2.9min
[Parallel(n_jobs=-1)]: Done 624 tasks      | elapsed:  5.4min
[Parallel(n_jobs=-1)]: Done 989 tasks      | elapsed:  8.5min
[Parallel(n_jobs=-1)]: Done 1434 tasks      | elapsed: 12.3min
[Parallel(n_jobs=-1)]: Done 1961 tasks      | elapsed: 16.8min
[Parallel(n_jobs=-1)]: Done 2568 tasks      | elapsed: 22.1min
[Parallel(n_jobs=-1)]: Done 3257 tasks      | elapsed: 28.0min
[Parallel(n_jobs=-1)]: Done 4026 tasks      | elapsed: 34.6min
[Parallel(n_jobs=-1)]: Done 4829 out of 4829 | elapsed: 41.4min finished
[Parallel(n_jobs=-1)]: Using backend LokyBackend with 12 concurrent workers.
[Parallel(n_jobs=-1)]: Done   2 out of   4 | elapsed:    5.4s remaining:    5.4s
[Parallel(n_jobs=-1)]: Done   4 out of   4 | elapsed:    5.6s finished

[2023-08-08 08:16:15] Features: 5/10 -- score: 1.8571428571428577[Parallel(n_jobs=-1)]: Using backend LokyBackend with 12 concurrent workers.
[Parallel(n_jobs=-1)]: Done  17 tasks      | elapsed:   12.1s
[Parallel(n_jobs=-1)]: Done 138 tasks      | elapsed:  1.2min
[Parallel(n_jobs=-1)]: Done 341 tasks      | elapsed:  2.9min
[Parallel(n_jobs=-1)]: Done 624 tasks      | elapsed:  5.3min
[Parallel(n_jobs=-1)]: Done 989 tasks      | elapsed:  8.3min
[Parallel(n_jobs=-1)]: Done 1434 tasks      | elapsed: 11.8min
[Parallel(n_jobs=-1)]: Done 1961 tasks      | elapsed: 16.0min
[Parallel(n_jobs=-1)]: Done 2568 tasks      | elapsed: 20.7min
[Parallel(n_jobs=-1)]: Done 3257 tasks      | elapsed: 26.1min
[Parallel(n_jobs=-1)]: Done 4026 tasks      | elapsed: 32.1min
[Parallel(n_jobs=-1)]: Done 4828 out of 4828 | elapsed: 38.3min finished
[Parallel(n_jobs=-1)]: Using backend LokyBackend with 12 concurrent workers.
[Parallel(n_jobs=-1)]: Done   3 out of   5 | elapsed:    5.2s remaining:    3.5s
[Parallel(n_jobs=-1)]: Done   5 out of   5 | elapsed:    5.2s finished

[2023-08-08 08:54:39] Features: 6/10 -- score: 1.8571428571428577[Parallel(n_jobs=-1)]: Using backend LokyBackend with 12 concurrent workers.
[Parallel(n_jobs=-1)]: Done  17 tasks      | elapsed:   11.1s
[Parallel(n_jobs=-1)]: Done 138 tasks      | elapsed:  1.1min
[Parallel(n_jobs=-1)]: Done 341 tasks      | elapsed:  2.7min
[Parallel(n_jobs=-1)]: Done 624 tasks      | elapsed:  4.9min
[Parallel(n_jobs=-1)]: Done 989 tasks      | elapsed:  7.8min
[Parallel(n_jobs=-1)]: Done 1434 tasks      | elapsed: 11.2min
[Parallel(n_jobs=-1)]: Done 1961 tasks      | elapsed: 15.4min
[Parallel(n_jobs=-1)]: Done 2568 tasks      | elapsed: 19.8min
[Parallel(n_jobs=-1)]: Done 3257 tasks      | elapsed: 24.7min
slurmstepd: error: *** JOB 72087738 ON lm3-w046 CANCELLED AT 2023-08-08T09:20:34 DUE TO TIME LIMIT ***
