[Parallel(n_jobs=-1)]: Using backend LokyBackend with 12 concurrent workers.
[Parallel(n_jobs=-1)]: Done  17 tasks      | elapsed:   14.9s
[Parallel(n_jobs=-1)]: Done 138 tasks      | elapsed:  1.2min
[Parallel(n_jobs=-1)]: Done 341 tasks      | elapsed:  2.9min
[Parallel(n_jobs=-1)]: Done 624 tasks      | elapsed:  5.2min
[Parallel(n_jobs=-1)]: Done 989 tasks      | elapsed:  8.2min
[Parallel(n_jobs=-1)]: Done 1434 tasks      | elapsed: 11.9min
[Parallel(n_jobs=-1)]: Done 1961 tasks      | elapsed: 16.2min
[Parallel(n_jobs=-1)]: Done 2568 tasks      | elapsed: 21.1min
[Parallel(n_jobs=-1)]: Done 3257 tasks      | elapsed: 26.7min
[Parallel(n_jobs=-1)]: Done 4026 tasks      | elapsed: 32.9min
[Parallel(n_jobs=-1)]: Done 4833 out of 4833 | elapsed: 39.5min finished

[2023-08-02 10:58:02] Features: 1/2 -- score: 1.8122083333333336[Parallel(n_jobs=-1)]: Using backend LokyBackend with 12 concurrent workers.
[Parallel(n_jobs=-1)]: Done  17 tasks      | elapsed:   11.7s
[Parallel(n_jobs=-1)]: Done 138 tasks      | elapsed:  1.2min
[Parallel(n_jobs=-1)]: Done 341 tasks      | elapsed:  2.8min
[Parallel(n_jobs=-1)]: Done 624 tasks      | elapsed:  5.1min
[Parallel(n_jobs=-1)]: Done 989 tasks      | elapsed:  8.1min
[Parallel(n_jobs=-1)]: Done 1434 tasks      | elapsed: 11.7min
[Parallel(n_jobs=-1)]: Done 1961 tasks      | elapsed: 16.0min
[Parallel(n_jobs=-1)]: Done 2568 tasks      | elapsed: 20.9min
[Parallel(n_jobs=-1)]: Done 3257 tasks      | elapsed: 26.5min
[Parallel(n_jobs=-1)]: Done 4026 tasks      | elapsed: 32.8min
[Parallel(n_jobs=-1)]: Done 4832 out of 4832 | elapsed: 39.3min finished

[2023-08-02 11:37:20] Features: 2/2 -- score: 1.8571428571428577[Parallel(n_jobs=-1)]: Using backend LokyBackend with 12 concurrent workers.
[Parallel(n_jobs=-1)]: Done  17 tasks      | elapsed:   11.7s
[Parallel(n_jobs=-1)]: Done 138 tasks      | elapsed:  1.2min
[Parallel(n_jobs=-1)]: Done 341 tasks      | elapsed:  2.8min
[Parallel(n_jobs=-1)]: Done 624 tasks      | elapsed:  5.1min
[Parallel(n_jobs=-1)]: Done 989 tasks      | elapsed:  8.1min
[Parallel(n_jobs=-1)]: Done 1434 tasks      | elapsed: 11.7min
[Parallel(n_jobs=-1)]: Done 1961 tasks      | elapsed: 16.0min
[Parallel(n_jobs=-1)]: Done 2568 tasks      | elapsed: 20.9min
[Parallel(n_jobs=-1)]: Done 3257 tasks      | elapsed: 26.5min
[Parallel(n_jobs=-1)]: Done 4026 tasks      | elapsed: 32.7min
[Parallel(n_jobs=-1)]: Done 4833 out of 4833 | elapsed: 39.3min finished

[2023-08-02 12:16:38] Features: 1/3 -- score: 1.8122083333333336[Parallel(n_jobs=-1)]: Using backend LokyBackend with 12 concurrent workers.
[Parallel(n_jobs=-1)]: Done  17 tasks      | elapsed:   11.7s
[Parallel(n_jobs=-1)]: Done 138 tasks      | elapsed:  1.2min
[Parallel(n_jobs=-1)]: Done 341 tasks      | elapsed:  2.8min
[Parallel(n_jobs=-1)]: Done 624 tasks      | elapsed:  5.1min
[Parallel(n_jobs=-1)]: Done 989 tasks      | elapsed:  8.1min
[Parallel(n_jobs=-1)]: Done 1434 tasks      | elapsed: 11.7min
[Parallel(n_jobs=-1)]: Done 1961 tasks      | elapsed: 16.0min
[Parallel(n_jobs=-1)]: Done 2568 tasks      | elapsed: 20.9min
[Parallel(n_jobs=-1)]: Done 3257 tasks      | elapsed: 26.5min
[Parallel(n_jobs=-1)]: Done 4026 tasks      | elapsed: 32.7min
[Parallel(n_jobs=-1)]: Done 4832 out of 4832 | elapsed: 39.3min finished

[2023-08-02 12:55:54] Features: 2/3 -- score: 1.8571428571428577[Parallel(n_jobs=-1)]: Using backend LokyBackend with 12 concurrent workers.
[Parallel(n_jobs=-1)]: Done  17 tasks      | elapsed:   11.7s
[Parallel(n_jobs=-1)]: Done 138 tasks      | elapsed:  1.2min
[Parallel(n_jobs=-1)]: Done 341 tasks      | elapsed:  2.8min
[Parallel(n_jobs=-1)]: Done 624 tasks      | elapsed:  5.1min
[Parallel(n_jobs=-1)]: Done 989 tasks      | elapsed:  8.1min
[Parallel(n_jobs=-1)]: Done 1434 tasks      | elapsed: 11.7min
[Parallel(n_jobs=-1)]: Done 1961 tasks      | elapsed: 16.0min
[Parallel(n_jobs=-1)]: Done 2568 tasks      | elapsed: 20.9min
[Parallel(n_jobs=-1)]: Done 3257 tasks      | elapsed: 26.5min
[Parallel(n_jobs=-1)]: Done 4026 tasks      | elapsed: 32.7min
[Parallel(n_jobs=-1)]: Done 4831 out of 4831 | elapsed: 39.2min finished
[Parallel(n_jobs=-1)]: Using backend LokyBackend with 12 concurrent workers.
[Parallel(n_jobs=-1)]: Done   2 out of   2 | elapsed:    4.5s finished

[2023-08-02 13:35:14] Features: 3/3 -- score: 1.8571428571428577[Parallel(n_jobs=-1)]: Using backend LokyBackend with 12 concurrent workers.
[Parallel(n_jobs=-1)]: Done  17 tasks      | elapsed:   11.7s
[Parallel(n_jobs=-1)]: Done 138 tasks      | elapsed:  1.2min
[Parallel(n_jobs=-1)]: Done 341 tasks      | elapsed:  2.8min
[Parallel(n_jobs=-1)]: Done 624 tasks      | elapsed:  5.1min
[Parallel(n_jobs=-1)]: Done 989 tasks      | elapsed:  8.1min
[Parallel(n_jobs=-1)]: Done 1434 tasks      | elapsed: 11.7min
[Parallel(n_jobs=-1)]: Done 1961 tasks      | elapsed: 16.0min
[Parallel(n_jobs=-1)]: Done 2568 tasks      | elapsed: 20.9min
[Parallel(n_jobs=-1)]: Done 3257 tasks      | elapsed: 26.5min
[Parallel(n_jobs=-1)]: Done 4026 tasks      | elapsed: 32.7min
[Parallel(n_jobs=-1)]: Done 4833 out of 4833 | elapsed: 39.3min finished

[2023-08-02 14:14:29] Features: 1/10 -- score: 1.8122083333333336[Parallel(n_jobs=-1)]: Using backend LokyBackend with 12 concurrent workers.
[Parallel(n_jobs=-1)]: Done  17 tasks      | elapsed:   11.7s
[Parallel(n_jobs=-1)]: Done 138 tasks      | elapsed:  1.2min
[Parallel(n_jobs=-1)]: Done 341 tasks      | elapsed:  2.8min
[Parallel(n_jobs=-1)]: Done 624 tasks      | elapsed:  5.1min
[Parallel(n_jobs=-1)]: Done 989 tasks      | elapsed:  8.1min
[Parallel(n_jobs=-1)]: Done 1434 tasks      | elapsed: 11.7min
[Parallel(n_jobs=-1)]: Done 1961 tasks      | elapsed: 16.0min
[Parallel(n_jobs=-1)]: Done 2568 tasks      | elapsed: 20.9min
[Parallel(n_jobs=-1)]: Done 3257 tasks      | elapsed: 26.5min
[Parallel(n_jobs=-1)]: Done 4026 tasks      | elapsed: 32.7min
[Parallel(n_jobs=-1)]: Done 4832 out of 4832 | elapsed: 39.3min finished

[2023-08-02 14:53:45] Features: 2/10 -- score: 1.8571428571428577[Parallel(n_jobs=-1)]: Using backend LokyBackend with 12 concurrent workers.
[Parallel(n_jobs=-1)]: Done  17 tasks      | elapsed:   11.7s
[Parallel(n_jobs=-1)]: Done 138 tasks      | elapsed:  1.2min
[Parallel(n_jobs=-1)]: Done 341 tasks      | elapsed:  2.8min
[Parallel(n_jobs=-1)]: Done 624 tasks      | elapsed:  5.1min
[Parallel(n_jobs=-1)]: Done 989 tasks      | elapsed:  8.1min
[Parallel(n_jobs=-1)]: Done 1434 tasks      | elapsed: 11.7min
[Parallel(n_jobs=-1)]: Done 1961 tasks      | elapsed: 16.0min
[Parallel(n_jobs=-1)]: Done 2568 tasks      | elapsed: 20.9min
[Parallel(n_jobs=-1)]: Done 3257 tasks      | elapsed: 26.5min
[Parallel(n_jobs=-1)]: Done 4026 tasks      | elapsed: 32.7min
[Parallel(n_jobs=-1)]: Done 4831 out of 4831 | elapsed: 39.3min finished
[Parallel(n_jobs=-1)]: Using backend LokyBackend with 12 concurrent workers.
[Parallel(n_jobs=-1)]: Done   2 out of   2 | elapsed:    4.5s finished

[2023-08-02 15:33:06] Features: 3/10 -- score: 1.8571428571428577[Parallel(n_jobs=-1)]: Using backend LokyBackend with 12 concurrent workers.
[Parallel(n_jobs=-1)]: Done  17 tasks      | elapsed:   11.7s
[Parallel(n_jobs=-1)]: Done 138 tasks      | elapsed:  1.2min
[Parallel(n_jobs=-1)]: Done 341 tasks      | elapsed:  2.8min
[Parallel(n_jobs=-1)]: Done 624 tasks      | elapsed:  5.1min
[Parallel(n_jobs=-1)]: Done 989 tasks      | elapsed:  8.1min
[Parallel(n_jobs=-1)]: Done 1434 tasks      | elapsed: 11.7min
[Parallel(n_jobs=-1)]: Done 1961 tasks      | elapsed: 16.0min
[Parallel(n_jobs=-1)]: Done 2568 tasks      | elapsed: 20.9min
[Parallel(n_jobs=-1)]: Done 3257 tasks      | elapsed: 26.5min
[Parallel(n_jobs=-1)]: Done 4026 tasks      | elapsed: 32.7min
[Parallel(n_jobs=-1)]: Done 4830 out of 4830 | elapsed: 39.2min finished
[Parallel(n_jobs=-1)]: Using backend LokyBackend with 12 concurrent workers.
[Parallel(n_jobs=-1)]: Done   3 out of   3 | elapsed:    4.6s finished

[2023-08-02 16:12:26] Features: 4/10 -- score: 1.8571428571428577[Parallel(n_jobs=-1)]: Using backend LokyBackend with 12 concurrent workers.
[Parallel(n_jobs=-1)]: Done  17 tasks      | elapsed:   11.7s
[Parallel(n_jobs=-1)]: Done 138 tasks      | elapsed:  1.2min
[Parallel(n_jobs=-1)]: Done 341 tasks      | elapsed:  2.8min
[Parallel(n_jobs=-1)]: Done 624 tasks      | elapsed:  5.1min
[Parallel(n_jobs=-1)]: Done 989 tasks      | elapsed:  8.1min
[Parallel(n_jobs=-1)]: Done 1434 tasks      | elapsed: 11.7min
[Parallel(n_jobs=-1)]: Done 1961 tasks      | elapsed: 16.0min
[Parallel(n_jobs=-1)]: Done 2568 tasks      | elapsed: 20.9min
[Parallel(n_jobs=-1)]: Done 3257 tasks      | elapsed: 26.5min
[Parallel(n_jobs=-1)]: Done 4026 tasks      | elapsed: 32.7min
[Parallel(n_jobs=-1)]: Done 4829 out of 4829 | elapsed: 39.2min finished
[Parallel(n_jobs=-1)]: Using backend LokyBackend with 12 concurrent workers.
[Parallel(n_jobs=-1)]: Done   2 out of   4 | elapsed:    4.9s remaining:    4.9s
[Parallel(n_jobs=-1)]: Done   4 out of   4 | elapsed:    4.9s finished

[2023-08-02 16:51:44] Features: 5/10 -- score: 1.8571428571428577[Parallel(n_jobs=-1)]: Using backend LokyBackend with 12 concurrent workers.
[Parallel(n_jobs=-1)]: Done  17 tasks      | elapsed:   11.7s
[Parallel(n_jobs=-1)]: Done 138 tasks      | elapsed:  1.2min
[Parallel(n_jobs=-1)]: Done 341 tasks      | elapsed:  2.8min
[Parallel(n_jobs=-1)]: Done 624 tasks      | elapsed:  5.1min
[Parallel(n_jobs=-1)]: Done 989 tasks      | elapsed:  8.1min
[Parallel(n_jobs=-1)]: Done 1434 tasks      | elapsed: 11.7min
[Parallel(n_jobs=-1)]: Done 1961 tasks      | elapsed: 16.0min
[Parallel(n_jobs=-1)]: Done 2568 tasks      | elapsed: 20.9min
[Parallel(n_jobs=-1)]: Done 3257 tasks      | elapsed: 26.5min
[Parallel(n_jobs=-1)]: Done 4026 tasks      | elapsed: 32.7min
[Parallel(n_jobs=-1)]: Done 4828 out of 4828 | elapsed: 39.2min finished
[Parallel(n_jobs=-1)]: Using backend LokyBackend with 12 concurrent workers.
[Parallel(n_jobs=-1)]: Done   3 out of   5 | elapsed:    5.1s remaining:    3.4s
[Parallel(n_jobs=-1)]: Done   5 out of   5 | elapsed:    5.1s finished

[2023-08-02 17:31:04] Features: 6/10 -- score: 1.8571428571428577[Parallel(n_jobs=-1)]: Using backend LokyBackend with 12 concurrent workers.
[Parallel(n_jobs=-1)]: Done  17 tasks      | elapsed:   11.7s
[Parallel(n_jobs=-1)]: Done 138 tasks      | elapsed:  1.2min
[Parallel(n_jobs=-1)]: Done 341 tasks      | elapsed:  2.8min
[Parallel(n_jobs=-1)]: Done 624 tasks      | elapsed:  5.1min
[Parallel(n_jobs=-1)]: Done 989 tasks      | elapsed:  8.1min
[Parallel(n_jobs=-1)]: Done 1434 tasks      | elapsed: 11.7min
[Parallel(n_jobs=-1)]: Done 1961 tasks      | elapsed: 16.0min
[Parallel(n_jobs=-1)]: Done 2568 tasks      | elapsed: 20.9min
[Parallel(n_jobs=-1)]: Done 3257 tasks      | elapsed: 26.5min
[Parallel(n_jobs=-1)]: Done 4026 tasks      | elapsed: 32.7min
[Parallel(n_jobs=-1)]: Done 4827 out of 4827 | elapsed: 39.2min finished
[Parallel(n_jobs=-1)]: Using backend LokyBackend with 12 concurrent workers.
[Parallel(n_jobs=-1)]: Done   3 out of   6 | elapsed:    5.1s remaining:    5.1s
[Parallel(n_jobs=-1)]: Done   6 out of   6 | elapsed:    5.1s finished

[2023-08-02 18:10:24] Features: 7/10 -- score: 1.8571428571428577[Parallel(n_jobs=-1)]: Using backend LokyBackend with 12 concurrent workers.
[Parallel(n_jobs=-1)]: Done  17 tasks      | elapsed:   11.7s
[Parallel(n_jobs=-1)]: Done 138 tasks      | elapsed:  1.2min
[Parallel(n_jobs=-1)]: Done 341 tasks      | elapsed:  2.8min
[Parallel(n_jobs=-1)]: Done 624 tasks      | elapsed:  5.1min
slurmstepd: error: *** JOB 72041986 ON lm3-w033 CANCELLED AT 2023-08-02T18:18:21 DUE TO TIME LIMIT ***
