[Parallel(n_jobs=-1)]: Using backend LokyBackend with 12 concurrent workers.
[Parallel(n_jobs=-1)]: Done  17 tasks      | elapsed:   18.1s
[Parallel(n_jobs=-1)]: Done 138 tasks      | elapsed:  1.7min
[Parallel(n_jobs=-1)]: Done 341 tasks      | elapsed:  4.0min
[Parallel(n_jobs=-1)]: Done 624 tasks      | elapsed:  7.3min
[Parallel(n_jobs=-1)]: Done 989 tasks      | elapsed: 11.5min
[Parallel(n_jobs=-1)]: Done 1434 tasks      | elapsed: 16.6min
[Parallel(n_jobs=-1)]: Done 1961 tasks      | elapsed: 22.7min
[Parallel(n_jobs=-1)]: Done 2568 tasks      | elapsed: 29.7min
[Parallel(n_jobs=-1)]: Done 3257 tasks      | elapsed: 37.8min
[Parallel(n_jobs=-1)]: Done 4026 tasks      | elapsed: 46.8min
[Parallel(n_jobs=-1)]: Done 4833 out of 4833 | elapsed: 56.1min finished

[2023-08-02 21:12:23] Features: 1/2 -- score: 0.9935416666666667[Parallel(n_jobs=-1)]: Using backend LokyBackend with 12 concurrent workers.
[Parallel(n_jobs=-1)]: Done  17 tasks      | elapsed:   15.4s
[Parallel(n_jobs=-1)]: Done 138 tasks      | elapsed:  1.7min
[Parallel(n_jobs=-1)]: Done 341 tasks      | elapsed:  4.0min
[Parallel(n_jobs=-1)]: Done 624 tasks      | elapsed:  7.2min
[Parallel(n_jobs=-1)]: Done 989 tasks      | elapsed: 11.4min
[Parallel(n_jobs=-1)]: Done 1434 tasks      | elapsed: 16.5min
[Parallel(n_jobs=-1)]: Done 1961 tasks      | elapsed: 22.7min
[Parallel(n_jobs=-1)]: Done 2568 tasks      | elapsed: 29.6min
[Parallel(n_jobs=-1)]: Done 3257 tasks      | elapsed: 37.5min
[Parallel(n_jobs=-1)]: Done 4026 tasks      | elapsed: 46.4min
[Parallel(n_jobs=-1)]: Done 4832 out of 4832 | elapsed: 55.6min finished

[2023-08-02 22:07:57] Features: 2/2 -- score: 1.0196666666666667[Parallel(n_jobs=-1)]: Using backend LokyBackend with 12 concurrent workers.
[Parallel(n_jobs=-1)]: Done  17 tasks      | elapsed:   17.0s
[Parallel(n_jobs=-1)]: Done 138 tasks      | elapsed:  1.7min
[Parallel(n_jobs=-1)]: Done 341 tasks      | elapsed:  4.1min
[Parallel(n_jobs=-1)]: Done 624 tasks      | elapsed:  7.3min
[Parallel(n_jobs=-1)]: Done 989 tasks      | elapsed: 11.5min
[Parallel(n_jobs=-1)]: Done 1434 tasks      | elapsed: 16.6min
[Parallel(n_jobs=-1)]: Done 1961 tasks      | elapsed: 22.7min
[Parallel(n_jobs=-1)]: Done 2568 tasks      | elapsed: 29.6min
[Parallel(n_jobs=-1)]: Done 3257 tasks      | elapsed: 37.4min
[Parallel(n_jobs=-1)]: Done 4026 tasks      | elapsed: 46.2min
[Parallel(n_jobs=-1)]: Done 4833 out of 4833 | elapsed: 55.4min finished

[2023-08-02 23:03:22] Features: 1/3 -- score: 0.9935416666666667[Parallel(n_jobs=-1)]: Using backend LokyBackend with 12 concurrent workers.
[Parallel(n_jobs=-1)]: Done  17 tasks      | elapsed:   16.7s
[Parallel(n_jobs=-1)]: Done 138 tasks      | elapsed:  1.6min
[Parallel(n_jobs=-1)]: Done 341 tasks      | elapsed:  3.9min
[Parallel(n_jobs=-1)]: Done 624 tasks      | elapsed:  7.2min
[Parallel(n_jobs=-1)]: Done 989 tasks      | elapsed: 11.3min
[Parallel(n_jobs=-1)]: Done 1434 tasks      | elapsed: 16.5min
[Parallel(n_jobs=-1)]: Done 1961 tasks      | elapsed: 22.5min
[Parallel(n_jobs=-1)]: Done 2568 tasks      | elapsed: 29.4min
[Parallel(n_jobs=-1)]: Done 3257 tasks      | elapsed: 37.3min
[Parallel(n_jobs=-1)]: Done 4026 tasks      | elapsed: 46.1min
[Parallel(n_jobs=-1)]: Done 4832 out of 4832 | elapsed: 55.3min finished

[2023-08-02 23:58:42] Features: 2/3 -- score: 1.0196666666666667[Parallel(n_jobs=-1)]: Using backend LokyBackend with 12 concurrent workers.
[Parallel(n_jobs=-1)]: Done  17 tasks      | elapsed:   16.7s
[Parallel(n_jobs=-1)]: Done 138 tasks      | elapsed:  1.7min
[Parallel(n_jobs=-1)]: Done 341 tasks      | elapsed:  3.9min
[Parallel(n_jobs=-1)]: Done 624 tasks      | elapsed:  7.2min
[Parallel(n_jobs=-1)]: Done 989 tasks      | elapsed: 11.4min
[Parallel(n_jobs=-1)]: Done 1434 tasks      | elapsed: 16.4min
[Parallel(n_jobs=-1)]: Done 1961 tasks      | elapsed: 22.5min
[Parallel(n_jobs=-1)]: Done 2568 tasks      | elapsed: 29.5min
[Parallel(n_jobs=-1)]: Done 3257 tasks      | elapsed: 37.3min
[Parallel(n_jobs=-1)]: Done 4026 tasks      | elapsed: 46.1min
[Parallel(n_jobs=-1)]: Done 4831 out of 4831 | elapsed: 55.3min finished
[Parallel(n_jobs=-1)]: Using backend LokyBackend with 12 concurrent workers.
[Parallel(n_jobs=-1)]: Done   2 out of   2 | elapsed:    6.7s finished

[2023-08-03 00:54:07] Features: 3/3 -- score: 1.04525[Parallel(n_jobs=-1)]: Using backend LokyBackend with 12 concurrent workers.
[Parallel(n_jobs=-1)]: Done  17 tasks      | elapsed:   15.5s
[Parallel(n_jobs=-1)]: Done 138 tasks      | elapsed:  1.6min
[Parallel(n_jobs=-1)]: Done 341 tasks      | elapsed:  3.9min
[Parallel(n_jobs=-1)]: Done 624 tasks      | elapsed:  7.1min
[Parallel(n_jobs=-1)]: Done 989 tasks      | elapsed: 11.1min
[Parallel(n_jobs=-1)]: Done 1434 tasks      | elapsed: 16.1min
[Parallel(n_jobs=-1)]: Done 1961 tasks      | elapsed: 22.0min
[Parallel(n_jobs=-1)]: Done 2568 tasks      | elapsed: 28.9min
[Parallel(n_jobs=-1)]: Done 3257 tasks      | elapsed: 36.6min
[Parallel(n_jobs=-1)]: Done 4026 tasks      | elapsed: 45.3min
[Parallel(n_jobs=-1)]: Done 4833 out of 4833 | elapsed: 54.3min finished

[2023-08-03 01:48:28] Features: 1/10 -- score: 0.9935416666666667[Parallel(n_jobs=-1)]: Using backend LokyBackend with 12 concurrent workers.
[Parallel(n_jobs=-1)]: Done  17 tasks      | elapsed:   16.5s
[Parallel(n_jobs=-1)]: Done 138 tasks      | elapsed:  1.6min
[Parallel(n_jobs=-1)]: Done 341 tasks      | elapsed:  3.9min
[Parallel(n_jobs=-1)]: Done 624 tasks      | elapsed:  7.0min
[Parallel(n_jobs=-1)]: Done 989 tasks      | elapsed: 11.1min
[Parallel(n_jobs=-1)]: Done 1434 tasks      | elapsed: 16.1min
[Parallel(n_jobs=-1)]: Done 1961 tasks      | elapsed: 22.0min
[Parallel(n_jobs=-1)]: Done 2568 tasks      | elapsed: 28.7min
[Parallel(n_jobs=-1)]: Done 3257 tasks      | elapsed: 36.4min
[Parallel(n_jobs=-1)]: Done 4026 tasks      | elapsed: 45.0min
[Parallel(n_jobs=-1)]: Done 4832 out of 4832 | elapsed: 54.0min finished

[2023-08-03 02:42:29] Features: 2/10 -- score: 1.0196666666666667[Parallel(n_jobs=-1)]: Using backend LokyBackend with 12 concurrent workers.
[Parallel(n_jobs=-1)]: Done  17 tasks      | elapsed:   16.5s
[Parallel(n_jobs=-1)]: Done 138 tasks      | elapsed:  1.6min
[Parallel(n_jobs=-1)]: Done 341 tasks      | elapsed:  3.9min
[Parallel(n_jobs=-1)]: Done 624 tasks      | elapsed:  7.1min
[Parallel(n_jobs=-1)]: Done 989 tasks      | elapsed: 11.1min
[Parallel(n_jobs=-1)]: Done 1434 tasks      | elapsed: 16.1min
[Parallel(n_jobs=-1)]: Done 1961 tasks      | elapsed: 22.0min
[Parallel(n_jobs=-1)]: Done 2568 tasks      | elapsed: 28.8min
[Parallel(n_jobs=-1)]: Done 3257 tasks      | elapsed: 36.4min
[Parallel(n_jobs=-1)]: Done 4026 tasks      | elapsed: 45.0min
[Parallel(n_jobs=-1)]: Done 4831 out of 4831 | elapsed: 54.0min finished
[Parallel(n_jobs=-1)]: Using backend LokyBackend with 12 concurrent workers.
[Parallel(n_jobs=-1)]: Done   2 out of   2 | elapsed:    7.2s finished

[2023-08-03 03:36:34] Features: 3/10 -- score: 1.04525[Parallel(n_jobs=-1)]: Using backend LokyBackend with 12 concurrent workers.
[Parallel(n_jobs=-1)]: Done  17 tasks      | elapsed:   16.4s
[Parallel(n_jobs=-1)]: Done 138 tasks      | elapsed:  1.6min
[Parallel(n_jobs=-1)]: Done 341 tasks      | elapsed:  3.9min
[Parallel(n_jobs=-1)]: Done 624 tasks      | elapsed:  7.0min
[Parallel(n_jobs=-1)]: Done 989 tasks      | elapsed: 11.1min
[Parallel(n_jobs=-1)]: Done 1434 tasks      | elapsed: 16.0min
[Parallel(n_jobs=-1)]: Done 1961 tasks      | elapsed: 21.9min
[Parallel(n_jobs=-1)]: Done 2568 tasks      | elapsed: 28.7min
[Parallel(n_jobs=-1)]: Done 3257 tasks      | elapsed: 36.3min
slurmstepd: error: *** JOB 72044019 ON lm3-w043 CANCELLED AT 2023-08-03T04:16:21 DUE TO TIME LIMIT ***
